{"C:\\Users\\Denisse\\Downloads\\audiconflow\\backend\\clean-audits.js": {"path":"C:\\Users\\Denisse\\Downloads\\audiconflow\\backend\\clean-audits.js","statementMap":{"0":{"start":{"line":6,"column":0},"end":{"line":9,"column":3}},"1":{"start":{"line":12,"column":2},"end":{"line":44,"column":3}},"2":{"start":{"line":13,"column":4},"end":{"line":13,"column":50}},"3":{"start":{"line":16,"column":24},"end":{"line":16,"column":52}},"4":{"start":{"line":17,"column":4},"end":{"line":17,"column":61}},"5":{"start":{"line":19,"column":4},"end":{"line":22,"column":5}},"6":{"start":{"line":20,"column":6},"end":{"line":20,"column":55}},"7":{"start":{"line":21,"column":6},"end":{"line":21,"column":13}},"8":{"start":{"line":25,"column":25},"end":{"line":25,"column":52}},"9":{"start":{"line":26,"column":4},"end":{"line":26,"column":58}},"10":{"start":{"line":27,"column":4},"end":{"line":29,"column":7}},"11":{"start":{"line":28,"column":6},"end":{"line":28,"column":90}},"12":{"start":{"line":32,"column":25},"end":{"line":32,"column":51}},"13":{"start":{"line":33,"column":4},"end":{"line":33,"column":74}},"14":{"start":{"line":36,"column":23},"end":{"line":36,"column":51}},"15":{"start":{"line":37,"column":4},"end":{"line":37,"column":58}},"16":{"start":{"line":40,"column":4},"end":{"line":40,"column":37}},"17":{"start":{"line":42,"column":4},"end":{"line":42,"column":32}},"18":{"start":{"line":43,"column":4},"end":{"line":43,"column":43}},"19":{"start":{"line":47,"column":0},"end":{"line":47,"column":14}}},"fnMap":{"0":{"name":"cleanAudits","decl":{"start":{"line":11,"column":15},"end":{"line":11,"column":26}},"loc":{"start":{"line":11,"column":29},"end":{"line":45,"column":1}},"line":11},"1":{"name":"(anonymous_1)","decl":{"start":{"line":27,"column":25},"end":{"line":27,"column":26}},"loc":{"start":{"line":27,"column":39},"end":{"line":29,"column":5}},"line":27}},"branchMap":{"0":{"loc":{"start":{"line":19,"column":4},"end":{"line":22,"column":5}},"type":"if","locations":[{"start":{"line":19,"column":4},"end":{"line":22,"column":5}},{"start":{},"end":{}}],"line":19},"1":{"loc":{"start":{"line":28,"column":29},"end":{"line":28,"column":54}},"type":"binary-expr","locations":[{"start":{"line":28,"column":29},"end":{"line":28,"column":42}},{"start":{"line":28,"column":46},"end":{"line":28,"column":54}}],"line":28},"2":{"loc":{"start":{"line":28,"column":60},"end":{"line":28,"column":86}},"type":"binary-expr","locations":[{"start":{"line":28,"column":60},"end":{"line":28,"column":70}},{"start":{"line":28,"column":74},"end":{"line":28,"column":86}}],"line":28}},"s":{"0":0,"1":0,"2":0,"3":0,"4":0,"5":0,"6":0,"7":0,"8":0,"9":0,"10":0,"11":0,"12":0,"13":0,"14":0,"15":0,"16":0,"17":0,"18":0,"19":0},"f":{"0":0,"1":0},"b":{"0":[0,0],"1":[0,0],"2":[0,0]}}
,"C:\\Users\\Denisse\\Downloads\\audiconflow\\backend\\create-test-user.js": {"path":"C:\\Users\\Denisse\\Downloads\\audiconflow\\backend\\create-test-user.js","statementMap":{"0":{"start":{"line":5,"column":23},"end":{"line":58,"column":1}},"1":{"start":{"line":6,"column":2},"end":{"line":57,"column":3}},"2":{"start":{"line":8,"column":4},"end":{"line":8,"column":68}},"3":{"start":{"line":9,"column":4},"end":{"line":9,"column":41}},"4":{"start":{"line":12,"column":4},"end":{"line":12,"column":66}},"5":{"start":{"line":13,"column":4},"end":{"line":13,"column":50}},"6":{"start":{"line":16,"column":21},"end":{"line":16,"column":29}},"7":{"start":{"line":17,"column":27},"end":{"line":17,"column":58}},"8":{"start":{"line":19,"column":4},"end":{"line":19,"column":53}},"9":{"start":{"line":20,"column":4},"end":{"line":20,"column":59}},"10":{"start":{"line":23,"column":20},"end":{"line":32,"column":6}},"11":{"start":{"line":35,"column":4},"end":{"line":35,"column":34}},"12":{"start":{"line":37,"column":4},"end":{"line":37,"column":25}},"13":{"start":{"line":38,"column":4},"end":{"line":38,"column":49}},"14":{"start":{"line":41,"column":22},"end":{"line":41,"column":81}},"15":{"start":{"line":42,"column":4},"end":{"line":46,"column":7}},"16":{"start":{"line":49,"column":20},"end":{"line":49,"column":70}},"17":{"start":{"line":50,"column":4},"end":{"line":50,"column":69}},"18":{"start":{"line":53,"column":4},"end":{"line":53,"column":37}},"19":{"start":{"line":55,"column":4},"end":{"line":55,"column":38}},"20":{"start":{"line":56,"column":4},"end":{"line":56,"column":39}},"21":{"start":{"line":60,"column":0},"end":{"line":60,"column":17}}},"fnMap":{"0":{"name":"(anonymous_0)","decl":{"start":{"line":5,"column":23},"end":{"line":5,"column":24}},"loc":{"start":{"line":5,"column":35},"end":{"line":58,"column":1}},"line":5}},"branchMap":{"0":{"loc":{"start":{"line":50,"column":34},"end":{"line":50,"column":65}},"type":"cond-expr","locations":[{"start":{"line":50,"column":44},"end":{"line":50,"column":53}},{"start":{"line":50,"column":56},"end":{"line":50,"column":65}}],"line":50}},"s":{"0":0,"1":0,"2":0,"3":0,"4":0,"5":0,"6":0,"7":0,"8":0,"9":0,"10":0,"11":0,"12":0,"13":0,"14":0,"15":0,"16":0,"17":0,"18":0,"19":0,"20":0,"21":0},"f":{"0":0},"b":{"0":[0,0]}}
,"C:\\Users\\Denisse\\Downloads\\audiconflow\\backend\\fix-denisse-password.js": {"path":"C:\\Users\\Denisse\\Downloads\\audiconflow\\backend\\fix-denisse-password.js","statementMap":{"0":{"start":{"line":5,"column":27},"end":{"line":61,"column":1}},"1":{"start":{"line":6,"column":2},"end":{"line":60,"column":3}},"2":{"start":{"line":8,"column":4},"end":{"line":8,"column":68}},"3":{"start":{"line":9,"column":4},"end":{"line":9,"column":41}},"4":{"start":{"line":12,"column":17},"end":{"line":12,"column":76}},"5":{"start":{"line":14,"column":4},"end":{"line":17,"column":5}},"6":{"start":{"line":15,"column":6},"end":{"line":15,"column":53}},"7":{"start":{"line":16,"column":6},"end":{"line":16,"column":13}},"8":{"start":{"line":19,"column":4},"end":{"line":19,"column":54}},"9":{"start":{"line":20,"column":4},"end":{"line":20,"column":54}},"10":{"start":{"line":23,"column":28},"end":{"line":23,"column":41}},"11":{"start":{"line":26,"column":21},"end":{"line":26,"column":93}},"12":{"start":{"line":28,"column":4},"end":{"line":53,"column":5}},"13":{"start":{"line":29,"column":6},"end":{"line":29,"column":54}},"14":{"start":{"line":32,"column":28},"end":{"line":32,"column":63}},"15":{"start":{"line":34,"column":6},"end":{"line":37,"column":7}},"16":{"start":{"line":35,"column":22},"end":{"line":35,"column":68}},"17":{"start":{"line":36,"column":8},"end":{"line":36,"column":81}},"18":{"start":{"line":39,"column":6},"end":{"line":39,"column":74}},"19":{"start":{"line":42,"column":29},"end":{"line":42,"column":67}},"20":{"start":{"line":45,"column":6},"end":{"line":45,"column":75}},"21":{"start":{"line":47,"column":6},"end":{"line":47,"column":57}},"22":{"start":{"line":48,"column":6},"end":{"line":48,"column":52}},"23":{"start":{"line":51,"column":20},"end":{"line":51,"column":73}},"24":{"start":{"line":52,"column":6},"end":{"line":52,"column":71}},"25":{"start":{"line":56,"column":4},"end":{"line":56,"column":37}},"26":{"start":{"line":58,"column":4},"end":{"line":58,"column":38}},"27":{"start":{"line":59,"column":4},"end":{"line":59,"column":39}},"28":{"start":{"line":63,"column":0},"end":{"line":63,"column":21}}},"fnMap":{"0":{"name":"(anonymous_0)","decl":{"start":{"line":5,"column":27},"end":{"line":5,"column":28}},"loc":{"start":{"line":5,"column":39},"end":{"line":61,"column":1}},"line":5}},"branchMap":{"0":{"loc":{"start":{"line":14,"column":4},"end":{"line":17,"column":5}},"type":"if","locations":[{"start":{"line":14,"column":4},"end":{"line":17,"column":5}},{"start":{},"end":{}}],"line":14},"1":{"loc":{"start":{"line":26,"column":21},"end":{"line":26,"column":93}},"type":"binary-expr","locations":[{"start":{"line":26,"column":21},"end":{"line":26,"column":55}},{"start":{"line":26,"column":59},"end":{"line":26,"column":93}}],"line":26},"2":{"loc":{"start":{"line":28,"column":4},"end":{"line":53,"column":5}},"type":"if","locations":[{"start":{"line":28,"column":4},"end":{"line":53,"column":5}},{"start":{"line":38,"column":11},"end":{"line":53,"column":5}}],"line":28},"3":{"loc":{"start":{"line":36,"column":45},"end":{"line":36,"column":77}},"type":"cond-expr","locations":[{"start":{"line":36,"column":53},"end":{"line":36,"column":62}},{"start":{"line":36,"column":65},"end":{"line":36,"column":77}}],"line":36},"4":{"loc":{"start":{"line":52,"column":38},"end":{"line":52,"column":67}},"type":"cond-expr","locations":[{"start":{"line":52,"column":46},"end":{"line":52,"column":55}},{"start":{"line":52,"column":58},"end":{"line":52,"column":67}}],"line":52}},"s":{"0":0,"1":0,"2":0,"3":0,"4":0,"5":0,"6":0,"7":0,"8":0,"9":0,"10":0,"11":0,"12":0,"13":0,"14":0,"15":0,"16":0,"17":0,"18":0,"19":0,"20":0,"21":0,"22":0,"23":0,"24":0,"25":0,"26":0,"27":0,"28":0},"f":{"0":0},"b":{"0":[0,0],"1":[0,0],"2":[0,0],"3":[0,0],"4":[0,0]}}
,"C:\\Users\\Denisse\\Downloads\\audiconflow\\backend\\server.js": {"path":"C:\\Users\\Denisse\\Downloads\\audiconflow\\backend\\server.js","statementMap":{"0":{"start":{"line":14,"column":0},"end":{"line":14,"column":16}},"1":{"start":{"line":16,"column":12},"end":{"line":16,"column":21}},"2":{"start":{"line":17,"column":0},"end":{"line":17,"column":16}},"3":{"start":{"line":18,"column":0},"end":{"line":18,"column":24}},"4":{"start":{"line":21,"column":18},"end":{"line":33,"column":1}},"5":{"start":{"line":22,"column":2},"end":{"line":32,"column":3}},"6":{"start":{"line":23,"column":4},"end":{"line":26,"column":7}},"7":{"start":{"line":27,"column":4},"end":{"line":27,"column":41}},"8":{"start":{"line":29,"column":4},"end":{"line":29,"column":65}},"9":{"start":{"line":30,"column":4},"end":{"line":30,"column":61}},"10":{"start":{"line":31,"column":4},"end":{"line":31,"column":32}},"11":{"start":{"line":35,"column":0},"end":{"line":35,"column":12}},"12":{"start":{"line":38,"column":0},"end":{"line":38,"column":28}},"13":{"start":{"line":41,"column":0},"end":{"line":41,"column":30}},"14":{"start":{"line":44,"column":0},"end":{"line":44,"column":28}},"15":{"start":{"line":47,"column":0},"end":{"line":47,"column":36}},"16":{"start":{"line":50,"column":0},"end":{"line":50,"column":34}},"17":{"start":{"line":53,"column":0},"end":{"line":53,"column":50}},"18":{"start":{"line":56,"column":0},"end":{"line":56,"column":39}},"19":{"start":{"line":59,"column":0},"end":{"line":59,"column":54}},"20":{"start":{"line":61,"column":13},"end":{"line":61,"column":37}},"21":{"start":{"line":64,"column":15},"end":{"line":78,"column":2}},"22":{"start":{"line":65,"column":2},"end":{"line":65,"column":67}},"23":{"start":{"line":66,"column":2},"end":{"line":66,"column":89}},"24":{"start":{"line":67,"column":2},"end":{"line":67,"column":86}},"25":{"start":{"line":68,"column":2},"end":{"line":68,"column":43}},"26":{"start":{"line":69,"column":2},"end":{"line":69,"column":62}},"27":{"start":{"line":70,"column":2},"end":{"line":70,"column":57}},"28":{"start":{"line":71,"column":2},"end":{"line":71,"column":66}},"29":{"start":{"line":72,"column":2},"end":{"line":72,"column":54}},"30":{"start":{"line":73,"column":2},"end":{"line":73,"column":76}},"31":{"start":{"line":74,"column":2},"end":{"line":74,"column":73}},"32":{"start":{"line":75,"column":2},"end":{"line":75,"column":80}},"33":{"start":{"line":76,"column":2},"end":{"line":76,"column":66}},"34":{"start":{"line":77,"column":2},"end":{"line":77,"column":84}},"35":{"start":{"line":80,"column":0},"end":{"line":90,"column":3}},"36":{"start":{"line":81,"column":2},"end":{"line":89,"column":3}},"37":{"start":{"line":82,"column":4},"end":{"line":82,"column":51}},"38":{"start":{"line":83,"column":4},"end":{"line":83,"column":59}},"39":{"start":{"line":84,"column":4},"end":{"line":86,"column":7}},"40":{"start":{"line":85,"column":6},"end":{"line":85,"column":75}},"41":{"start":{"line":88,"column":4},"end":{"line":88,"column":48}}},"fnMap":{"0":{"name":"(anonymous_0)","decl":{"start":{"line":21,"column":18},"end":{"line":21,"column":19}},"loc":{"start":{"line":21,"column":30},"end":{"line":33,"column":1}},"line":21},"1":{"name":"(anonymous_1)","decl":{"start":{"line":64,"column":32},"end":{"line":64,"column":33}},"loc":{"start":{"line":64,"column":38},"end":{"line":78,"column":1}},"line":64},"2":{"name":"(anonymous_2)","decl":{"start":{"line":80,"column":19},"end":{"line":80,"column":20}},"loc":{"start":{"line":80,"column":28},"end":{"line":90,"column":1}},"line":80},"3":{"name":"(anonymous_3)","decl":{"start":{"line":84,"column":28},"end":{"line":84,"column":29}},"loc":{"start":{"line":84,"column":34},"end":{"line":86,"column":5}},"line":84}},"branchMap":{"0":{"loc":{"start":{"line":23,"column":27},"end":{"line":23,"column":91}},"type":"binary-expr","locations":[{"start":{"line":23,"column":27},"end":{"line":23,"column":48}},{"start":{"line":23,"column":52},"end":{"line":23,"column":91}}],"line":23},"1":{"loc":{"start":{"line":61,"column":13},"end":{"line":61,"column":37}},"type":"binary-expr","locations":[{"start":{"line":61,"column":13},"end":{"line":61,"column":29}},{"start":{"line":61,"column":33},"end":{"line":61,"column":37}}],"line":61},"2":{"loc":{"start":{"line":81,"column":2},"end":{"line":89,"column":3}},"type":"if","locations":[{"start":{"line":81,"column":2},"end":{"line":89,"column":3}},{"start":{"line":87,"column":9},"end":{"line":89,"column":3}}],"line":81}},"s":{"0":0,"1":0,"2":0,"3":0,"4":0,"5":0,"6":0,"7":0,"8":0,"9":0,"10":0,"11":0,"12":0,"13":0,"14":0,"15":0,"16":0,"17":0,"18":0,"19":0,"20":0,"21":0,"22":0,"23":0,"24":0,"25":0,"26":0,"27":0,"28":0,"29":0,"30":0,"31":0,"32":0,"33":0,"34":0,"35":0,"36":0,"37":0,"38":0,"39":0,"40":0,"41":0},"f":{"0":0,"1":0,"2":0,"3":0},"b":{"0":[0,0],"1":[0,0],"2":[0,0]}}
,"C:\\Users\\Denisse\\Downloads\\audiconflow\\backend\\test-cross-results.js": {"path":"C:\\Users\\Denisse\\Downloads\\audiconflow\\backend\\test-cross-results.js","statementMap":{"0":{"start":{"line":6,"column":0},"end":{"line":6,"column":16}},"1":{"start":{"line":8,"column":25},"end":{"line":143,"column":1}},"2":{"start":{"line":9,"column":2},"end":{"line":142,"column":3}},"3":{"start":{"line":11,"column":4},"end":{"line":11,"column":93}},"4":{"start":{"line":12,"column":4},"end":{"line":12,"column":54}},"5":{"start":{"line":15,"column":4},"end":{"line":15,"column":68}},"6":{"start":{"line":16,"column":4},"end":{"line":16,"column":60}},"7":{"start":{"line":19,"column":20},"end":{"line":19,"column":70}},"8":{"start":{"line":20,"column":4},"end":{"line":34,"column":5}},"9":{"start":{"line":21,"column":6},"end":{"line":31,"column":9}},"10":{"start":{"line":32,"column":6},"end":{"line":32,"column":29}},"11":{"start":{"line":33,"column":6},"end":{"line":33,"column":71}},"12":{"start":{"line":37,"column":26},"end":{"line":86,"column":5}},"13":{"start":{"line":89,"column":24},"end":{"line":99,"column":6}},"14":{"start":{"line":101,"column":4},"end":{"line":101,"column":29}},"15":{"start":{"line":102,"column":4},"end":{"line":102,"column":62}},"16":{"start":{"line":103,"column":4},"end":{"line":103,"column":68}},"17":{"start":{"line":104,"column":4},"end":{"line":104,"column":53}},"18":{"start":{"line":107,"column":4},"end":{"line":107,"column":46}},"19":{"start":{"line":110,"column":27},"end":{"line":110,"column":80}},"20":{"start":{"line":111,"column":4},"end":{"line":111,"column":86}},"21":{"start":{"line":114,"column":27},"end":{"line":114,"column":86}},"22":{"start":{"line":115,"column":4},"end":{"line":115,"column":87}},"23":{"start":{"line":118,"column":18},"end":{"line":129,"column":6}},"24":{"start":{"line":131,"column":4},"end":{"line":133,"column":5}},"25":{"start":{"line":132,"column":6},"end":{"line":132,"column":58}},"26":{"start":{"line":135,"column":4},"end":{"line":135,"column":66}},"27":{"start":{"line":138,"column":4},"end":{"line":138,"column":52}},"28":{"start":{"line":140,"column":4},"end":{"line":140,"column":32}},"29":{"start":{"line":141,"column":4},"end":{"line":141,"column":46}},"30":{"start":{"line":146,"column":0},"end":{"line":146,"column":19}}},"fnMap":{"0":{"name":"(anonymous_0)","decl":{"start":{"line":8,"column":25},"end":{"line":8,"column":26}},"loc":{"start":{"line":8,"column":37},"end":{"line":143,"column":1}},"line":8}},"branchMap":{"0":{"loc":{"start":{"line":11,"column":27},"end":{"line":11,"column":91}},"type":"binary-expr","locations":[{"start":{"line":11,"column":27},"end":{"line":11,"column":48}},{"start":{"line":11,"column":52},"end":{"line":11,"column":91}}],"line":11},"1":{"loc":{"start":{"line":20,"column":4},"end":{"line":34,"column":5}},"type":"if","locations":[{"start":{"line":20,"column":4},"end":{"line":34,"column":5}},{"start":{},"end":{}}],"line":20},"2":{"loc":{"start":{"line":115,"column":55},"end":{"line":115,"column":83}},"type":"cond-expr","locations":[{"start":{"line":115,"column":72},"end":{"line":115,"column":76}},{"start":{"line":115,"column":79},"end":{"line":115,"column":83}}],"line":115},"3":{"loc":{"start":{"line":131,"column":4},"end":{"line":133,"column":5}},"type":"if","locations":[{"start":{"line":131,"column":4},"end":{"line":133,"column":5}},{"start":{},"end":{}}],"line":131}},"s":{"0":0,"1":0,"2":0,"3":0,"4":0,"5":0,"6":0,"7":0,"8":0,"9":0,"10":0,"11":0,"12":0,"13":0,"14":0,"15":0,"16":0,"17":0,"18":0,"19":0,"20":0,"21":0,"22":0,"23":0,"24":0,"25":0,"26":0,"27":0,"28":0,"29":0,"30":0},"f":{"0":0},"b":{"0":[0,0],"1":[0,0],"2":[0,0],"3":[0,0]}}
,"C:\\Users\\Denisse\\Downloads\\audiconflow\\backend\\test-db-connection.js": {"path":"C:\\Users\\Denisse\\Downloads\\audiconflow\\backend\\test-db-connection.js","statementMap":{"0":{"start":{"line":3,"column":23},"end":{"line":35,"column":1}},"1":{"start":{"line":4,"column":2},"end":{"line":34,"column":3}},"2":{"start":{"line":5,"column":4},"end":{"line":5,"column":93}},"3":{"start":{"line":6,"column":4},"end":{"line":6,"column":41}},"4":{"start":{"line":9,"column":18},"end":{"line":12,"column":16}},"5":{"start":{"line":14,"column":4},"end":{"line":14,"column":58}},"6":{"start":{"line":15,"column":4},"end":{"line":17,"column":7}},"7":{"start":{"line":16,"column":6},"end":{"line":16,"column":109}},"8":{"start":{"line":20,"column":19},"end":{"line":23,"column":16}},"9":{"start":{"line":25,"column":4},"end":{"line":25,"column":57}},"10":{"start":{"line":26,"column":4},"end":{"line":28,"column":7}},"11":{"start":{"line":27,"column":6},"end":{"line":27,"column":73}},"12":{"start":{"line":31,"column":4},"end":{"line":31,"column":58}},"13":{"start":{"line":33,"column":4},"end":{"line":33,"column":38}},"14":{"start":{"line":37,"column":0},"end":{"line":37,"column":17}}},"fnMap":{"0":{"name":"(anonymous_0)","decl":{"start":{"line":3,"column":23},"end":{"line":3,"column":24}},"loc":{"start":{"line":3,"column":35},"end":{"line":35,"column":1}},"line":3},"1":{"name":"(anonymous_1)","decl":{"start":{"line":15,"column":18},"end":{"line":15,"column":19}},"loc":{"start":{"line":15,"column":26},"end":{"line":17,"column":5}},"line":15},"2":{"name":"(anonymous_2)","decl":{"start":{"line":26,"column":19},"end":{"line":26,"column":20}},"loc":{"start":{"line":26,"column":28},"end":{"line":28,"column":5}},"line":26}},"branchMap":{"0":{"loc":{"start":{"line":5,"column":27},"end":{"line":5,"column":91}},"type":"binary-expr","locations":[{"start":{"line":5,"column":27},"end":{"line":5,"column":48}},{"start":{"line":5,"column":52},"end":{"line":5,"column":91}}],"line":5},"1":{"loc":{"start":{"line":16,"column":74},"end":{"line":16,"column":105}},"type":"binary-expr","locations":[{"start":{"line":16,"column":74},"end":{"line":16,"column":96}},{"start":{"line":16,"column":100},"end":{"line":16,"column":105}}],"line":16}},"s":{"0":0,"1":0,"2":0,"3":0,"4":0,"5":0,"6":0,"7":0,"8":0,"9":0,"10":0,"11":0,"12":0,"13":0,"14":0},"f":{"0":0,"1":0,"2":0},"b":{"0":[0,0],"1":[0,0]}}
,"C:\\Users\\Denisse\\Downloads\\audiconflow\\backend\\test-login.js": {"path":"C:\\Users\\Denisse\\Downloads\\audiconflow\\backend\\test-login.js","statementMap":{"0":{"start":{"line":5,"column":18},"end":{"line":60,"column":1}},"1":{"start":{"line":6,"column":2},"end":{"line":59,"column":3}},"2":{"start":{"line":8,"column":4},"end":{"line":8,"column":68}},"3":{"start":{"line":9,"column":4},"end":{"line":9,"column":41}},"4":{"start":{"line":12,"column":18},"end":{"line":12,"column":37}},"5":{"start":{"line":13,"column":4},"end":{"line":13,"column":52}},"6":{"start":{"line":15,"column":4},"end":{"line":21,"column":7}},"7":{"start":{"line":16,"column":6},"end":{"line":16,"column":48}},"8":{"start":{"line":17,"column":6},"end":{"line":17,"column":44}},"9":{"start":{"line":18,"column":6},"end":{"line":18,"column":42}},"10":{"start":{"line":19,"column":6},"end":{"line":19,"column":55}},"11":{"start":{"line":20,"column":6},"end":{"line":20,"column":46}},"12":{"start":{"line":24,"column":22},"end":{"line":24,"column":50}},"13":{"start":{"line":25,"column":25},"end":{"line":25,"column":33}},"14":{"start":{"line":27,"column":4},"end":{"line":27,"column":44}},"15":{"start":{"line":28,"column":4},"end":{"line":28,"column":41}},"16":{"start":{"line":29,"column":4},"end":{"line":29,"column":47}},"17":{"start":{"line":31,"column":19},"end":{"line":31,"column":59}},"18":{"start":{"line":33,"column":4},"end":{"line":52,"column":5}},"19":{"start":{"line":34,"column":6},"end":{"line":34,"column":42}},"20":{"start":{"line":35,"column":6},"end":{"line":35,"column":54}},"21":{"start":{"line":37,"column":22},"end":{"line":37,"column":73}},"22":{"start":{"line":38,"column":6},"end":{"line":38,"column":50}},"23":{"start":{"line":40,"column":6},"end":{"line":49,"column":7}},"24":{"start":{"line":41,"column":8},"end":{"line":41,"column":51}},"25":{"start":{"line":44,"column":27},"end":{"line":44,"column":62}},"26":{"start":{"line":45,"column":8},"end":{"line":45,"column":52}},"27":{"start":{"line":47,"column":28},"end":{"line":47,"column":74}},"28":{"start":{"line":48,"column":8},"end":{"line":48,"column":54}},"29":{"start":{"line":51,"column":6},"end":{"line":51,"column":45}},"30":{"start":{"line":55,"column":4},"end":{"line":55,"column":37}},"31":{"start":{"line":57,"column":4},"end":{"line":57,"column":38}},"32":{"start":{"line":58,"column":4},"end":{"line":58,"column":39}},"33":{"start":{"line":62,"column":0},"end":{"line":62,"column":12}}},"fnMap":{"0":{"name":"(anonymous_0)","decl":{"start":{"line":5,"column":18},"end":{"line":5,"column":19}},"loc":{"start":{"line":5,"column":30},"end":{"line":60,"column":1}},"line":5},"1":{"name":"(anonymous_1)","decl":{"start":{"line":15,"column":18},"end":{"line":15,"column":19}},"loc":{"start":{"line":15,"column":35},"end":{"line":21,"column":5}},"line":15}},"branchMap":{"0":{"loc":{"start":{"line":33,"column":4},"end":{"line":52,"column":5}},"type":"if","locations":[{"start":{"line":33,"column":4},"end":{"line":52,"column":5}},{"start":{"line":50,"column":11},"end":{"line":52,"column":5}}],"line":33},"1":{"loc":{"start":{"line":40,"column":6},"end":{"line":49,"column":7}},"type":"if","locations":[{"start":{"line":40,"column":6},"end":{"line":49,"column":7}},{"start":{},"end":{}}],"line":40}},"s":{"0":0,"1":0,"2":0,"3":0,"4":0,"5":0,"6":0,"7":0,"8":0,"9":0,"10":0,"11":0,"12":0,"13":0,"14":0,"15":0,"16":0,"17":0,"18":0,"19":0,"20":0,"21":0,"22":0,"23":0,"24":0,"25":0,"26":0,"27":0,"28":0,"29":0,"30":0,"31":0,"32":0,"33":0},"f":{"0":0,"1":0},"b":{"0":[0,0],"1":[0,0]}}
,"C:\\Users\\Denisse\\Downloads\\audiconflow\\backend\\test-update.js": {"path":"C:\\Users\\Denisse\\Downloads\\audiconflow\\backend\\test-update.js","statementMap":{"0":{"start":{"line":5,"column":18},"end":{"line":49,"column":1}},"1":{"start":{"line":6,"column":2},"end":{"line":48,"column":3}},"2":{"start":{"line":7,"column":4},"end":{"line":10,"column":7}},"3":{"start":{"line":11,"column":4},"end":{"line":11,"column":41}},"4":{"start":{"line":14,"column":19},"end":{"line":14,"column":46}},"5":{"start":{"line":15,"column":4},"end":{"line":18,"column":5}},"6":{"start":{"line":16,"column":6},"end":{"line":16,"column":61}},"7":{"start":{"line":17,"column":6},"end":{"line":17,"column":22}},"8":{"start":{"line":20,"column":18},"end":{"line":20,"column":27}},"9":{"start":{"line":21,"column":4},"end":{"line":21,"column":59}},"10":{"start":{"line":22,"column":4},"end":{"line":22,"column":56}},"11":{"start":{"line":25,"column":25},"end":{"line":33,"column":5}},"12":{"start":{"line":35,"column":4},"end":{"line":41,"column":5}},"13":{"start":{"line":36,"column":6},"end":{"line":36,"column":58}},"14":{"start":{"line":37,"column":6},"end":{"line":37,"column":64}},"15":{"start":{"line":38,"column":6},"end":{"line":38,"column":69}},"16":{"start":{"line":40,"column":6},"end":{"line":40,"column":58}},"17":{"start":{"line":44,"column":4},"end":{"line":44,"column":45}},"18":{"start":{"line":46,"column":4},"end":{"line":46,"column":32}},"19":{"start":{"line":47,"column":4},"end":{"line":47,"column":20}},"20":{"start":{"line":51,"column":0},"end":{"line":51,"column":12}}},"fnMap":{"0":{"name":"(anonymous_0)","decl":{"start":{"line":5,"column":18},"end":{"line":5,"column":19}},"loc":{"start":{"line":5,"column":30},"end":{"line":49,"column":1}},"line":5}},"branchMap":{"0":{"loc":{"start":{"line":15,"column":4},"end":{"line":18,"column":5}},"type":"if","locations":[{"start":{"line":15,"column":4},"end":{"line":18,"column":5}},{"start":{},"end":{}}],"line":15},"1":{"loc":{"start":{"line":35,"column":4},"end":{"line":41,"column":5}},"type":"if","locations":[{"start":{"line":35,"column":4},"end":{"line":41,"column":5}},{"start":{"line":39,"column":11},"end":{"line":41,"column":5}}],"line":35}},"s":{"0":0,"1":0,"2":0,"3":0,"4":0,"5":0,"6":0,"7":0,"8":0,"9":0,"10":0,"11":0,"12":0,"13":0,"14":0,"15":0,"16":0,"17":0,"18":0,"19":0,"20":0},"f":{"0":0},"b":{"0":[0,0],"1":[0,0]}}
,"C:\\Users\\Denisse\\Downloads\\audiconflow\\backend\\models\\Audit.js": {"path":"C:\\Users\\Denisse\\Downloads\\audiconflow\\backend\\models\\Audit.js","statementMap":{"0":{"start":{"line":3,"column":20},"end":{"line":90,"column":2}},"1":{"start":{"line":93,"column":0},"end":{"line":93,"column":34}},"2":{"start":{"line":94,"column":0},"end":{"line":94,"column":31}},"3":{"start":{"line":95,"column":0},"end":{"line":95,"column":33}},"4":{"start":{"line":96,"column":0},"end":{"line":96,"column":35}},"5":{"start":{"line":97,"column":0},"end":{"line":97,"column":34}},"6":{"start":{"line":98,"column":0},"end":{"line":98,"column":36}},"7":{"start":{"line":100,"column":14},"end":{"line":100,"column":50}}},"fnMap":{},"branchMap":{},"s":{"0":2,"1":2,"2":2,"3":2,"4":2,"5":2,"6":2,"7":2},"f":{},"b":{},"_coverageSchema":"1a1c01bbd47fc00a2c39e90264f33305004495a9","hash":"762b1fe12f716b517856109fa30078fe56254901"}
,"C:\\Users\\Denisse\\Downloads\\audiconflow\\backend\\models\\CrossResult.js": {"path":"C:\\Users\\Denisse\\Downloads\\audiconflow\\backend\\models\\CrossResult.js","statementMap":{"0":{"start":{"line":3,"column":26},"end":{"line":89,"column":2}},"1":{"start":{"line":92,"column":0},"end":{"line":92,"column":40}},"2":{"start":{"line":93,"column":0},"end":{"line":93,"column":40}},"3":{"start":{"line":94,"column":0},"end":{"line":94,"column":62}},"4":{"start":{"line":95,"column":0},"end":{"line":95,"column":39}},"5":{"start":{"line":96,"column":0},"end":{"line":96,"column":43}},"6":{"start":{"line":99,"column":0},"end":{"line":113,"column":2}},"7":{"start":{"line":100,"column":23},"end":{"line":100,"column":42}},"8":{"start":{"line":101,"column":26},"end":{"line":101,"column":90}},"9":{"start":{"line":101,"column":51},"end":{"line":101,"column":82}},"10":{"start":{"line":102,"column":29},"end":{"line":102,"column":59}},"11":{"start":{"line":103,"column":26},"end":{"line":103,"column":99}},"12":{"start":{"line":105,"column":2},"end":{"line":110,"column":4}},"13":{"start":{"line":112,"column":2},"end":{"line":112,"column":22}},"14":{"start":{"line":116,"column":0},"end":{"line":121,"column":3}},"15":{"start":{"line":117,"column":2},"end":{"line":119,"column":3}},"16":{"start":{"line":118,"column":4},"end":{"line":118,"column":28}},"17":{"start":{"line":120,"column":2},"end":{"line":120,"column":9}},"18":{"start":{"line":123,"column":20},"end":{"line":123,"column":68}}},"fnMap":{"0":{"name":"(anonymous_0)","decl":{"start":{"line":99,"column":45},"end":{"line":99,"column":46}},"loc":{"start":{"line":99,"column":56},"end":{"line":113,"column":1}},"line":99},"1":{"name":"(anonymous_1)","decl":{"start":{"line":101,"column":46},"end":{"line":101,"column":47}},"loc":{"start":{"line":101,"column":51},"end":{"line":101,"column":82}},"line":101},"2":{"name":"(anonymous_2)","decl":{"start":{"line":116,"column":30},"end":{"line":116,"column":31}},"loc":{"start":{"line":116,"column":45},"end":{"line":121,"column":1}},"line":116}},"branchMap":{"0":{"loc":{"start":{"line":103,"column":26},"end":{"line":103,"column":99}},"type":"cond-expr","locations":[{"start":{"line":103,"column":45},"end":{"line":103,"column":95}},{"start":{"line":103,"column":98},"end":{"line":103,"column":99}}],"line":103},"1":{"loc":{"start":{"line":117,"column":2},"end":{"line":119,"column":3}},"type":"if","locations":[{"start":{"line":117,"column":2},"end":{"line":119,"column":3}},{"start":{},"end":{}}],"line":117}},"s":{"0":1,"1":1,"2":1,"3":1,"4":1,"5":1,"6":1,"7":0,"8":0,"9":0,"10":0,"11":0,"12":0,"13":0,"14":1,"15":0,"16":0,"17":0,"18":1},"f":{"0":0,"1":0,"2":0},"b":{"0":[0,0],"1":[0,0]},"_coverageSchema":"1a1c01bbd47fc00a2c39e90264f33305004495a9","hash":"4d92339a20287124f20991b6ea7b5c372bd195e6"}
,"C:\\Users\\Denisse\\Downloads\\audiconflow\\backend\\models\\FileUploadHistory.js": {"path":"C:\\Users\\Denisse\\Downloads\\audiconflow\\backend\\models\\FileUploadHistory.js","statementMap":{"0":{"start":{"line":3,"column":32},"end":{"line":60,"column":2}},"1":{"start":{"line":63,"column":0},"end":{"line":63,"column":61}},"2":{"start":{"line":64,"column":0},"end":{"line":64,"column":64}},"3":{"start":{"line":65,"column":0},"end":{"line":65,"column":45}},"4":{"start":{"line":68,"column":0},"end":{"line":78,"column":2}},"5":{"start":{"line":69,"column":2},"end":{"line":76,"column":5}},"6":{"start":{"line":77,"column":2},"end":{"line":77,"column":21}},"7":{"start":{"line":81,"column":0},"end":{"line":87,"column":2}},"8":{"start":{"line":82,"column":2},"end":{"line":82,"column":23}},"9":{"start":{"line":83,"column":2},"end":{"line":85,"column":3}},"10":{"start":{"line":84,"column":4},"end":{"line":84,"column":37}},"11":{"start":{"line":86,"column":2},"end":{"line":86,"column":21}}},"fnMap":{"0":{"name":"(anonymous_0)","decl":{"start":{"line":68,"column":49},"end":{"line":68,"column":50}},"loc":{"start":{"line":68,"column":71},"end":{"line":78,"column":1}},"line":68},"1":{"name":"(anonymous_1)","decl":{"start":{"line":81,"column":57},"end":{"line":81,"column":58}},"loc":{"start":{"line":81,"column":90},"end":{"line":87,"column":1}},"line":81}},"branchMap":{"0":{"loc":{"start":{"line":81,"column":74},"end":{"line":81,"column":88}},"type":"default-arg","locations":[{"start":{"line":81,"column":84},"end":{"line":81,"column":88}}],"line":81},"1":{"loc":{"start":{"line":83,"column":2},"end":{"line":85,"column":3}},"type":"if","locations":[{"start":{"line":83,"column":2},"end":{"line":85,"column":3}},{"start":{},"end":{}}],"line":83}},"s":{"0":0,"1":0,"2":0,"3":0,"4":0,"5":0,"6":0,"7":0,"8":0,"9":0,"10":0,"11":0},"f":{"0":0,"1":0},"b":{"0":[0],"1":[0,0]}}
,"C:\\Users\\Denisse\\Downloads\\audiconflow\\backend\\models\\Report.js": {"path":"C:\\Users\\Denisse\\Downloads\\audiconflow\\backend\\models\\Report.js","statementMap":{"0":{"start":{"line":3,"column":21},"end":{"line":68,"column":2}},"1":{"start":{"line":71,"column":0},"end":{"line":71,"column":50}},"2":{"start":{"line":72,"column":0},"end":{"line":72,"column":51}},"3":{"start":{"line":73,"column":0},"end":{"line":73,"column":52}},"4":{"start":{"line":74,"column":0},"end":{"line":74,"column":47}},"5":{"start":{"line":77,"column":0},"end":{"line":80,"column":2}},"6":{"start":{"line":78,"column":2},"end":{"line":78,"column":18}},"7":{"start":{"line":79,"column":2},"end":{"line":79,"column":21}},"8":{"start":{"line":83,"column":0},"end":{"line":93,"column":2}},"9":{"start":{"line":84,"column":19},"end":{"line":84,"column":51}},"10":{"start":{"line":85,"column":2},"end":{"line":91,"column":3}},"11":{"start":{"line":86,"column":4},"end":{"line":86,"column":32}},"12":{"start":{"line":87,"column":9},"end":{"line":91,"column":3}},"13":{"start":{"line":88,"column":4},"end":{"line":88,"column":53}},"14":{"start":{"line":90,"column":4},"end":{"line":90,"column":62}},"15":{"start":{"line":92,"column":2},"end":{"line":92,"column":21}}},"fnMap":{"0":{"name":"(anonymous_0)","decl":{"start":{"line":77,"column":38},"end":{"line":77,"column":39}},"loc":{"start":{"line":77,"column":49},"end":{"line":80,"column":1}},"line":77},"1":{"name":"(anonymous_1)","decl":{"start":{"line":83,"column":37},"end":{"line":83,"column":38}},"loc":{"start":{"line":83,"column":48},"end":{"line":93,"column":1}},"line":83}},"branchMap":{"0":{"loc":{"start":{"line":85,"column":2},"end":{"line":91,"column":3}},"type":"if","locations":[{"start":{"line":85,"column":2},"end":{"line":91,"column":3}},{"start":{"line":87,"column":9},"end":{"line":91,"column":3}}],"line":85},"1":{"loc":{"start":{"line":87,"column":9},"end":{"line":91,"column":3}},"type":"if","locations":[{"start":{"line":87,"column":9},"end":{"line":91,"column":3}},{"start":{"line":89,"column":9},"end":{"line":91,"column":3}}],"line":87}},"s":{"0":0,"1":0,"2":0,"3":0,"4":0,"5":0,"6":0,"7":0,"8":0,"9":0,"10":0,"11":0,"12":0,"13":0,"14":0,"15":0},"f":{"0":0,"1":0},"b":{"0":[0,0],"1":[0,0]}}
,"C:\\Users\\Denisse\\Downloads\\audiconflow\\backend\\models\\Users.js": {"path":"C:\\Users\\Denisse\\Downloads\\audiconflow\\backend\\models\\Users.js","statementMap":{"0":{"start":{"line":4,"column":19},"end":{"line":25,"column":2}},"1":{"start":{"line":28,"column":0},"end":{"line":32,"column":3}},"2":{"start":{"line":29,"column":2},"end":{"line":29,"column":50}},"3":{"start":{"line":29,"column":36},"end":{"line":29,"column":50}},"4":{"start":{"line":30,"column":2},"end":{"line":30,"column":55}},"5":{"start":{"line":31,"column":2},"end":{"line":31,"column":9}},"6":{"start":{"line":34,"column":13},"end":{"line":34,"column":47}}},"fnMap":{"0":{"name":"(anonymous_0)","decl":{"start":{"line":28,"column":23},"end":{"line":28,"column":24}},"loc":{"start":{"line":28,"column":45},"end":{"line":32,"column":1}},"line":28}},"branchMap":{"0":{"loc":{"start":{"line":29,"column":2},"end":{"line":29,"column":50}},"type":"if","locations":[{"start":{"line":29,"column":2},"end":{"line":29,"column":50}},{"start":{},"end":{}}],"line":29}},"s":{"0":2,"1":2,"2":0,"3":0,"4":0,"5":0,"6":2},"f":{"0":0},"b":{"0":[0,0]},"_coverageSchema":"1a1c01bbd47fc00a2c39e90264f33305004495a9","hash":"f456089041cacc8d824478df633a85aa8b1d4409"}
,"C:\\Users\\Denisse\\Downloads\\audiconflow\\backend\\routes\\audits.js": {"path":"C:\\Users\\Denisse\\Downloads\\audiconflow\\backend\\routes\\audits.js","statementMap":{"0":{"start":{"line":4,"column":15},"end":{"line":4,"column":31}},"1":{"start":{"line":7,"column":0},"end":{"line":48,"column":3}},"2":{"start":{"line":8,"column":2},"end":{"line":47,"column":3}},"3":{"start":{"line":9,"column":89},"end":{"line":9,"column":97}},"4":{"start":{"line":12,"column":4},"end":{"line":17,"column":5}},"5":{"start":{"line":13,"column":6},"end":{"line":16,"column":9}},"6":{"start":{"line":20,"column":21},"end":{"line":31,"column":6}},"7":{"start":{"line":33,"column":23},"end":{"line":33,"column":44}},"8":{"start":{"line":35,"column":4},"end":{"line":39,"column":7}},"9":{"start":{"line":42,"column":4},"end":{"line":42,"column":50}},"10":{"start":{"line":43,"column":4},"end":{"line":46,"column":7}},"11":{"start":{"line":51,"column":0},"end":{"line":94,"column":3}},"12":{"start":{"line":52,"column":2},"end":{"line":93,"column":3}},"13":{"start":{"line":53,"column":42},"end":{"line":53,"column":51}},"14":{"start":{"line":56,"column":17},"end":{"line":64,"column":5}},"15":{"start":{"line":67,"column":4},"end":{"line":69,"column":5}},"16":{"start":{"line":68,"column":6},"end":{"line":68,"column":60}},"17":{"start":{"line":71,"column":4},"end":{"line":73,"column":5}},"18":{"start":{"line":72,"column":6},"end":{"line":72,"column":64}},"19":{"start":{"line":75,"column":4},"end":{"line":77,"column":5}},"20":{"start":{"line":76,"column":6},"end":{"line":76,"column":62}},"21":{"start":{"line":79,"column":19},"end":{"line":79,"column":67}},"22":{"start":{"line":81,"column":4},"end":{"line":85,"column":7}},"23":{"start":{"line":88,"column":4},"end":{"line":88,"column":51}},"24":{"start":{"line":89,"column":4},"end":{"line":92,"column":7}},"25":{"start":{"line":97,"column":0},"end":{"line":165,"column":3}},"26":{"start":{"line":98,"column":2},"end":{"line":164,"column":3}},"27":{"start":{"line":100,"column":32},"end":{"line":108,"column":5}},"28":{"start":{"line":110,"column":24},"end":{"line":110,"column":71}},"29":{"start":{"line":111,"column":25},"end":{"line":111,"column":102}},"30":{"start":{"line":112,"column":26},"end":{"line":115,"column":6}},"31":{"start":{"line":116,"column":28},"end":{"line":116,"column":104}},"32":{"start":{"line":117,"column":27},"end":{"line":117,"column":104}},"33":{"start":{"line":118,"column":34},"end":{"line":118,"column":120}},"34":{"start":{"line":119,"column":27},"end":{"line":119,"column":101}},"35":{"start":{"line":120,"column":27},"end":{"line":120,"column":102}},"36":{"start":{"line":121,"column":27},"end":{"line":121,"column":102}},"37":{"start":{"line":123,"column":26},"end":{"line":126,"column":6}},"38":{"start":{"line":128,"column":22},"end":{"line":131,"column":6}},"39":{"start":{"line":133,"column":18},"end":{"line":151,"column":5}},"40":{"start":{"line":144,"column":8},"end":{"line":144,"column":49}},"41":{"start":{"line":145,"column":8},"end":{"line":145,"column":19}},"42":{"start":{"line":148,"column":8},"end":{"line":148,"column":35}},"43":{"start":{"line":149,"column":8},"end":{"line":149,"column":19}},"44":{"start":{"line":153,"column":4},"end":{"line":156,"column":7}},"45":{"start":{"line":159,"column":4},"end":{"line":159,"column":56}},"46":{"start":{"line":160,"column":4},"end":{"line":163,"column":7}},"47":{"start":{"line":168,"column":0},"end":{"line":197,"column":3}},"48":{"start":{"line":169,"column":2},"end":{"line":196,"column":3}},"49":{"start":{"line":170,"column":19},"end":{"line":170,"column":29}},"50":{"start":{"line":171,"column":18},"end":{"line":176,"column":6}},"51":{"start":{"line":178,"column":4},"end":{"line":183,"column":5}},"52":{"start":{"line":179,"column":6},"end":{"line":182,"column":9}},"53":{"start":{"line":185,"column":4},"end":{"line":188,"column":7}},"54":{"start":{"line":191,"column":4},"end":{"line":191,"column":50}},"55":{"start":{"line":192,"column":4},"end":{"line":195,"column":7}},"56":{"start":{"line":200,"column":0},"end":{"line":245,"column":3}},"57":{"start":{"line":201,"column":2},"end":{"line":244,"column":3}},"58":{"start":{"line":202,"column":19},"end":{"line":202,"column":29}},"59":{"start":{"line":203,"column":4},"end":{"line":203,"column":47}},"60":{"start":{"line":204,"column":4},"end":{"line":204,"column":42}},"61":{"start":{"line":208,"column":4},"end":{"line":212,"column":5}},"62":{"start":{"line":209,"column":6},"end":{"line":209,"column":26}},"63":{"start":{"line":211,"column":6},"end":{"line":211,"column":30}},"64":{"start":{"line":214,"column":25},"end":{"line":221,"column":5}},"65":{"start":{"line":223,"column":4},"end":{"line":229,"column":5}},"66":{"start":{"line":224,"column":6},"end":{"line":224,"column":50}},"67":{"start":{"line":225,"column":6},"end":{"line":228,"column":9}},"68":{"start":{"line":231,"column":4},"end":{"line":231,"column":61}},"69":{"start":{"line":232,"column":4},"end":{"line":236,"column":7}},"70":{"start":{"line":239,"column":4},"end":{"line":239,"column":50}},"71":{"start":{"line":240,"column":4},"end":{"line":243,"column":7}},"72":{"start":{"line":248,"column":0},"end":{"line":277,"column":3}},"73":{"start":{"line":249,"column":2},"end":{"line":276,"column":3}},"74":{"start":{"line":250,"column":19},"end":{"line":250,"column":29}},"75":{"start":{"line":251,"column":25},"end":{"line":256,"column":6}},"76":{"start":{"line":258,"column":4},"end":{"line":263,"column":5}},"77":{"start":{"line":259,"column":6},"end":{"line":262,"column":9}},"78":{"start":{"line":265,"column":4},"end":{"line":268,"column":7}},"79":{"start":{"line":271,"column":4},"end":{"line":271,"column":50}},"80":{"start":{"line":272,"column":4},"end":{"line":275,"column":7}}},"fnMap":{"0":{"name":"(anonymous_0)","decl":{"start":{"line":7,"column":23},"end":{"line":7,"column":24}},"loc":{"start":{"line":7,"column":43},"end":{"line":48,"column":1}},"line":7},"1":{"name":"(anonymous_1)","decl":{"start":{"line":51,"column":16},"end":{"line":51,"column":17}},"loc":{"start":{"line":51,"column":36},"end":{"line":94,"column":1}},"line":51},"2":{"name":"(anonymous_2)","decl":{"start":{"line":97,"column":29},"end":{"line":97,"column":30}},"loc":{"start":{"line":97,"column":49},"end":{"line":165,"column":1}},"line":97},"3":{"name":"(anonymous_3)","decl":{"start":{"line":143,"column":39},"end":{"line":143,"column":40}},"loc":{"start":{"line":143,"column":54},"end":{"line":146,"column":7}},"line":143},"4":{"name":"(anonymous_4)","decl":{"start":{"line":147,"column":31},"end":{"line":147,"column":32}},"loc":{"start":{"line":147,"column":46},"end":{"line":150,"column":7}},"line":147},"5":{"name":"(anonymous_5)","decl":{"start":{"line":168,"column":19},"end":{"line":168,"column":20}},"loc":{"start":{"line":168,"column":39},"end":{"line":197,"column":1}},"line":168},"6":{"name":"(anonymous_6)","decl":{"start":{"line":200,"column":19},"end":{"line":200,"column":20}},"loc":{"start":{"line":200,"column":39},"end":{"line":245,"column":1}},"line":200},"7":{"name":"(anonymous_7)","decl":{"start":{"line":248,"column":22},"end":{"line":248,"column":23}},"loc":{"start":{"line":248,"column":42},"end":{"line":277,"column":1}},"line":248}},"branchMap":{"0":{"loc":{"start":{"line":12,"column":4},"end":{"line":17,"column":5}},"type":"if","locations":[{"start":{"line":12,"column":4},"end":{"line":17,"column":5}},{"start":{},"end":{}}],"line":12},"1":{"loc":{"start":{"line":12,"column":8},"end":{"line":12,"column":47}},"type":"binary-expr","locations":[{"start":{"line":12,"column":8},"end":{"line":12,"column":13}},{"start":{"line":12,"column":17},"end":{"line":12,"column":22}},{"start":{"line":12,"column":26},"end":{"line":12,"column":35}},{"start":{"line":12,"column":39},"end":{"line":12,"column":47}}],"line":12},"2":{"loc":{"start":{"line":25,"column":16},"end":{"line":25,"column":35}},"type":"binary-expr","locations":[{"start":{"line":25,"column":16},"end":{"line":25,"column":24}},{"start":{"line":25,"column":28},"end":{"line":25,"column":35}}],"line":25},"3":{"loc":{"start":{"line":27,"column":15},"end":{"line":27,"column":39}},"type":"binary-expr","locations":[{"start":{"line":27,"column":15},"end":{"line":27,"column":22}},{"start":{"line":27,"column":26},"end":{"line":27,"column":39}}],"line":27},"4":{"loc":{"start":{"line":28,"column":19},"end":{"line":28,"column":36}},"type":"binary-expr","locations":[{"start":{"line":28,"column":19},"end":{"line":28,"column":30}},{"start":{"line":28,"column":34},"end":{"line":28,"column":36}}],"line":28},"5":{"loc":{"start":{"line":29,"column":17},"end":{"line":29,"column":39}},"type":"binary-expr","locations":[{"start":{"line":29,"column":17},"end":{"line":29,"column":26}},{"start":{"line":29,"column":30},"end":{"line":29,"column":39}}],"line":29},"6":{"loc":{"start":{"line":67,"column":4},"end":{"line":69,"column":5}},"type":"if","locations":[{"start":{"line":67,"column":4},"end":{"line":69,"column":5}},{"start":{},"end":{}}],"line":67},"7":{"loc":{"start":{"line":71,"column":4},"end":{"line":73,"column":5}},"type":"if","locations":[{"start":{"line":71,"column":4},"end":{"line":73,"column":5}},{"start":{},"end":{}}],"line":71},"8":{"loc":{"start":{"line":75,"column":4},"end":{"line":77,"column":5}},"type":"if","locations":[{"start":{"line":75,"column":4},"end":{"line":77,"column":5}},{"start":{},"end":{}}],"line":75},"9":{"loc":{"start":{"line":178,"column":4},"end":{"line":183,"column":5}},"type":"if","locations":[{"start":{"line":178,"column":4},"end":{"line":183,"column":5}},{"start":{},"end":{}}],"line":178},"10":{"loc":{"start":{"line":208,"column":4},"end":{"line":212,"column":5}},"type":"if","locations":[{"start":{"line":208,"column":4},"end":{"line":212,"column":5}},{"start":{"line":210,"column":11},"end":{"line":212,"column":5}}],"line":208},"11":{"loc":{"start":{"line":223,"column":4},"end":{"line":229,"column":5}},"type":"if","locations":[{"start":{"line":223,"column":4},"end":{"line":229,"column":5}},{"start":{},"end":{}}],"line":223},"12":{"loc":{"start":{"line":258,"column":4},"end":{"line":263,"column":5}},"type":"if","locations":[{"start":{"line":258,"column":4},"end":{"line":263,"column":5}},{"start":{},"end":{}}],"line":258}},"s":{"0":1,"1":1,"2":11,"3":11,"4":11,"5":2,"6":9,"7":6,"8":6,"9":3,"10":3,"11":1,"12":3,"13":3,"14":3,"15":3,"16":1,"17":3,"18":0,"19":3,"20":0,"21":3,"22":2,"23":1,"24":1,"25":1,"26":1,"27":1,"28":1,"29":1,"30":1,"31":1,"32":1,"33":1,"34":1,"35":1,"36":1,"37":1,"38":1,"39":1,"40":3,"41":3,"42":3,"43":3,"44":1,"45":0,"46":0,"47":1,"48":2,"49":2,"50":2,"51":2,"52":1,"53":1,"54":0,"55":0,"56":1,"57":2,"58":2,"59":2,"60":2,"61":2,"62":0,"63":2,"64":2,"65":2,"66":1,"67":1,"68":1,"69":1,"70":0,"71":0,"72":1,"73":2,"74":2,"75":2,"76":2,"77":1,"78":1,"79":0,"80":0},"f":{"0":11,"1":3,"2":1,"3":3,"4":3,"5":2,"6":2,"7":2},"b":{"0":[2,9],"1":[11,10,9,9],"2":[9,8],"3":[9,8],"4":[9,8],"5":[9,9],"6":[1,2],"7":[0,3],"8":[0,3],"9":[1,1],"10":[0,2],"11":[1,1],"12":[1,1]},"_coverageSchema":"1a1c01bbd47fc00a2c39e90264f33305004495a9","hash":"a2d46a2d678a944b414a1532eafa0836f17831a5"}
,"C:\\Users\\Denisse\\Downloads\\audiconflow\\backend\\routes\\auth.js": {"path":"C:\\Users\\Denisse\\Downloads\\audiconflow\\backend\\routes\\auth.js","statementMap":{"0":{"start":{"line":5,"column":15},"end":{"line":5,"column":31}},"1":{"start":{"line":8,"column":0},"end":{"line":29,"column":3}},"2":{"start":{"line":9,"column":36},"end":{"line":9,"column":44}},"3":{"start":{"line":11,"column":2},"end":{"line":28,"column":3}},"4":{"start":{"line":12,"column":25},"end":{"line":12,"column":54}},"5":{"start":{"line":13,"column":4},"end":{"line":15,"column":5}},"6":{"start":{"line":14,"column":6},"end":{"line":14,"column":69}},"7":{"start":{"line":17,"column":20},"end":{"line":17,"column":55}},"8":{"start":{"line":18,"column":4},"end":{"line":18,"column":25}},"9":{"start":{"line":20,"column":4},"end":{"line":24,"column":7}},"10":{"start":{"line":26,"column":4},"end":{"line":26,"column":60}},"11":{"start":{"line":27,"column":4},"end":{"line":27,"column":60}},"12":{"start":{"line":32,"column":0},"end":{"line":70,"column":3}},"13":{"start":{"line":33,"column":29},"end":{"line":33,"column":37}},"14":{"start":{"line":35,"column":2},"end":{"line":69,"column":3}},"15":{"start":{"line":36,"column":4},"end":{"line":36,"column":67}},"16":{"start":{"line":38,"column":19},"end":{"line":40,"column":6}},"17":{"start":{"line":42,"column":4},"end":{"line":42,"column":113}},"18":{"start":{"line":44,"column":4},"end":{"line":46,"column":5}},"19":{"start":{"line":45,"column":6},"end":{"line":45,"column":70}},"20":{"start":{"line":48,"column":4},"end":{"line":48,"column":60}},"21":{"start":{"line":49,"column":20},"end":{"line":49,"column":67}},"22":{"start":{"line":50,"column":4},"end":{"line":50,"column":47}},"23":{"start":{"line":52,"column":4},"end":{"line":54,"column":5}},"24":{"start":{"line":53,"column":6},"end":{"line":53,"column":70}},"25":{"start":{"line":57,"column":4},"end":{"line":59,"column":7}},"26":{"start":{"line":61,"column":4},"end":{"line":65,"column":7}},"27":{"start":{"line":67,"column":4},"end":{"line":67,"column":57}},"28":{"start":{"line":68,"column":4},"end":{"line":68,"column":60}},"29":{"start":{"line":73,"column":0},"end":{"line":137,"column":3}},"30":{"start":{"line":74,"column":20},"end":{"line":74,"column":28}},"31":{"start":{"line":76,"column":2},"end":{"line":136,"column":3}},"32":{"start":{"line":77,"column":4},"end":{"line":77,"column":61}},"33":{"start":{"line":79,"column":17},"end":{"line":79,"column":46}},"34":{"start":{"line":80,"column":4},"end":{"line":85,"column":5}},"35":{"start":{"line":81,"column":6},"end":{"line":84,"column":9}},"36":{"start":{"line":88,"column":23},"end":{"line":88,"column":112}},"37":{"start":{"line":89,"column":25},"end":{"line":89,"column":55}},"38":{"start":{"line":92,"column":4},"end":{"line":95,"column":7}},"39":{"start":{"line":97,"column":4},"end":{"line":97,"column":66}},"40":{"start":{"line":100,"column":22},"end":{"line":100,"column":80}},"41":{"start":{"line":103,"column":4},"end":{"line":121,"column":7}},"42":{"start":{"line":123,"column":4},"end":{"line":128,"column":7}},"43":{"start":{"line":131,"column":4},"end":{"line":131,"column":56}},"44":{"start":{"line":132,"column":4},"end":{"line":135,"column":7}},"45":{"start":{"line":140,"column":0},"end":{"line":178,"column":3}},"46":{"start":{"line":141,"column":33},"end":{"line":141,"column":41}},"47":{"start":{"line":143,"column":2},"end":{"line":177,"column":3}},"48":{"start":{"line":144,"column":4},"end":{"line":144,"column":68}},"49":{"start":{"line":146,"column":17},"end":{"line":149,"column":6}},"50":{"start":{"line":151,"column":4},"end":{"line":156,"column":5}},"51":{"start":{"line":152,"column":6},"end":{"line":155,"column":9}},"52":{"start":{"line":159,"column":4},"end":{"line":159,"column":32}},"53":{"start":{"line":160,"column":4},"end":{"line":160,"column":40}},"54":{"start":{"line":161,"column":4},"end":{"line":161,"column":42}},"55":{"start":{"line":162,"column":4},"end":{"line":162,"column":22}},"56":{"start":{"line":164,"column":4},"end":{"line":164,"column":63}},"57":{"start":{"line":166,"column":4},"end":{"line":169,"column":7}},"58":{"start":{"line":172,"column":4},"end":{"line":172,"column":55}},"59":{"start":{"line":173,"column":4},"end":{"line":176,"column":7}}},"fnMap":{"0":{"name":"(anonymous_0)","decl":{"start":{"line":8,"column":25},"end":{"line":8,"column":26}},"loc":{"start":{"line":8,"column":45},"end":{"line":29,"column":1}},"line":8},"1":{"name":"(anonymous_1)","decl":{"start":{"line":32,"column":22},"end":{"line":32,"column":23}},"loc":{"start":{"line":32,"column":42},"end":{"line":70,"column":1}},"line":32},"2":{"name":"(anonymous_2)","decl":{"start":{"line":73,"column":32},"end":{"line":73,"column":33}},"loc":{"start":{"line":73,"column":52},"end":{"line":137,"column":1}},"line":73},"3":{"name":"(anonymous_3)","decl":{"start":{"line":140,"column":31},"end":{"line":140,"column":32}},"loc":{"start":{"line":140,"column":51},"end":{"line":178,"column":1}},"line":140}},"branchMap":{"0":{"loc":{"start":{"line":13,"column":4},"end":{"line":15,"column":5}},"type":"if","locations":[{"start":{"line":13,"column":4},"end":{"line":15,"column":5}},{"start":{},"end":{}}],"line":13},"1":{"loc":{"start":{"line":42,"column":42},"end":{"line":42,"column":111}},"type":"cond-expr","locations":[{"start":{"line":42,"column":51},"end":{"line":42,"column":93}},{"start":{"line":42,"column":96},"end":{"line":42,"column":111}}],"line":42},"2":{"loc":{"start":{"line":44,"column":4},"end":{"line":46,"column":5}},"type":"if","locations":[{"start":{"line":44,"column":4},"end":{"line":46,"column":5}},{"start":{},"end":{}}],"line":44},"3":{"loc":{"start":{"line":52,"column":4},"end":{"line":54,"column":5}},"type":"if","locations":[{"start":{"line":52,"column":4},"end":{"line":54,"column":5}},{"start":{},"end":{}}],"line":52},"4":{"loc":{"start":{"line":80,"column":4},"end":{"line":85,"column":5}},"type":"if","locations":[{"start":{"line":80,"column":4},"end":{"line":85,"column":5}},{"start":{},"end":{}}],"line":80},"5":{"loc":{"start":{"line":127,"column":10},"end":{"line":127,"column":77}},"type":"binary-expr","locations":[{"start":{"line":127,"column":10},"end":{"line":127,"column":48}},{"start":{"line":127,"column":52},"end":{"line":127,"column":77}}],"line":127},"6":{"loc":{"start":{"line":151,"column":4},"end":{"line":156,"column":5}},"type":"if","locations":[{"start":{"line":151,"column":4},"end":{"line":156,"column":5}},{"start":{},"end":{}}],"line":151}},"s":{"0":1,"1":1,"2":3,"3":3,"4":3,"5":2,"6":1,"7":1,"8":1,"9":1,"10":1,"11":1,"12":1,"13":5,"14":5,"15":5,"16":5,"17":4,"18":4,"19":1,"20":3,"21":3,"22":3,"23":3,"24":1,"25":2,"26":2,"27":1,"28":1,"29":1,"30":0,"31":0,"32":0,"33":0,"34":0,"35":0,"36":0,"37":0,"38":0,"39":0,"40":0,"41":0,"42":0,"43":0,"44":0,"45":1,"46":0,"47":0,"48":0,"49":0,"50":0,"51":0,"52":0,"53":0,"54":0,"55":0,"56":0,"57":0,"58":0,"59":0},"f":{"0":3,"1":5,"2":0,"3":0},"b":{"0":[1,1],"1":[3,1],"2":[1,3],"3":[1,2],"4":[0,0],"5":[0,0],"6":[0,0]},"_coverageSchema":"1a1c01bbd47fc00a2c39e90264f33305004495a9","hash":"dd7607c7bbcb2b732d916f2b68b6ff92898329e7"}
,"C:\\Users\\Denisse\\Downloads\\audiconflow\\backend\\routes\\crossResults.js": {"path":"C:\\Users\\Denisse\\Downloads\\audiconflow\\backend\\routes\\crossResults.js","statementMap":{"0":{"start":{"line":5,"column":15},"end":{"line":5,"column":31}},"1":{"start":{"line":8,"column":0},"end":{"line":71,"column":3}},"2":{"start":{"line":9,"column":2},"end":{"line":70,"column":3}},"3":{"start":{"line":17,"column":8},"end":{"line":17,"column":16}},"4":{"start":{"line":20,"column":18},"end":{"line":20,"column":50}},"5":{"start":{"line":21,"column":4},"end":{"line":26,"column":5}},"6":{"start":{"line":22,"column":6},"end":{"line":25,"column":9}},"7":{"start":{"line":29,"column":20},"end":{"line":29,"column":52}},"8":{"start":{"line":32,"column":24},"end":{"line":44,"column":6}},"9":{"start":{"line":47,"column":4},"end":{"line":47,"column":54}},"10":{"start":{"line":48,"column":4},"end":{"line":49,"column":84}},"11":{"start":{"line":51,"column":4},"end":{"line":51,"column":29}},"12":{"start":{"line":53,"column":4},"end":{"line":61,"column":7}},"13":{"start":{"line":64,"column":4},"end":{"line":64,"column":65}},"14":{"start":{"line":65,"column":4},"end":{"line":69,"column":7}},"15":{"start":{"line":74,"column":0},"end":{"line":106,"column":3}},"16":{"start":{"line":75,"column":2},"end":{"line":105,"column":3}},"17":{"start":{"line":76,"column":24},"end":{"line":76,"column":34}},"18":{"start":{"line":77,"column":37},"end":{"line":77,"column":46}},"19":{"start":{"line":79,"column":25},"end":{"line":83,"column":25}},"20":{"start":{"line":85,"column":18},"end":{"line":85,"column":63}},"21":{"start":{"line":87,"column":4},"end":{"line":96,"column":7}},"22":{"start":{"line":99,"column":4},"end":{"line":99,"column":66}},"23":{"start":{"line":100,"column":4},"end":{"line":104,"column":7}},"24":{"start":{"line":109,"column":0},"end":{"line":134,"column":3}},"25":{"start":{"line":110,"column":2},"end":{"line":133,"column":3}},"26":{"start":{"line":111,"column":24},"end":{"line":111,"column":34}},"27":{"start":{"line":113,"column":24},"end":{"line":113,"column":62}},"28":{"start":{"line":114,"column":4},"end":{"line":119,"column":5}},"29":{"start":{"line":115,"column":6},"end":{"line":118,"column":9}},"30":{"start":{"line":121,"column":4},"end":{"line":124,"column":7}},"31":{"start":{"line":127,"column":4},"end":{"line":127,"column":63}},"32":{"start":{"line":128,"column":4},"end":{"line":132,"column":7}},"33":{"start":{"line":137,"column":0},"end":{"line":169,"column":3}},"34":{"start":{"line":138,"column":2},"end":{"line":168,"column":3}},"35":{"start":{"line":139,"column":24},"end":{"line":139,"column":34}},"36":{"start":{"line":140,"column":20},"end":{"line":140,"column":28}},"37":{"start":{"line":142,"column":24},"end":{"line":146,"column":5}},"38":{"start":{"line":148,"column":4},"end":{"line":153,"column":5}},"39":{"start":{"line":149,"column":6},"end":{"line":152,"column":9}},"40":{"start":{"line":155,"column":4},"end":{"line":159,"column":7}},"41":{"start":{"line":162,"column":4},"end":{"line":162,"column":68}},"42":{"start":{"line":163,"column":4},"end":{"line":167,"column":7}},"43":{"start":{"line":172,"column":0},"end":{"line":197,"column":3}},"44":{"start":{"line":173,"column":2},"end":{"line":196,"column":3}},"45":{"start":{"line":174,"column":24},"end":{"line":174,"column":34}},"46":{"start":{"line":176,"column":24},"end":{"line":176,"column":71}},"47":{"start":{"line":177,"column":4},"end":{"line":182,"column":5}},"48":{"start":{"line":178,"column":6},"end":{"line":181,"column":9}},"49":{"start":{"line":184,"column":4},"end":{"line":187,"column":7}},"50":{"start":{"line":190,"column":4},"end":{"line":190,"column":66}},"51":{"start":{"line":191,"column":4},"end":{"line":195,"column":7}},"52":{"start":{"line":200,"column":0},"end":{"line":239,"column":3}},"53":{"start":{"line":201,"column":2},"end":{"line":238,"column":3}},"54":{"start":{"line":202,"column":24},"end":{"line":202,"column":34}},"55":{"start":{"line":204,"column":18},"end":{"line":216,"column":6}},"56":{"start":{"line":218,"column":19},"end":{"line":224,"column":5}},"57":{"start":{"line":226,"column":4},"end":{"line":229,"column":7}},"58":{"start":{"line":232,"column":4},"end":{"line":232,"column":68}},"59":{"start":{"line":233,"column":4},"end":{"line":237,"column":7}}},"fnMap":{"0":{"name":"(anonymous_0)","decl":{"start":{"line":8,"column":17},"end":{"line":8,"column":18}},"loc":{"start":{"line":8,"column":37},"end":{"line":71,"column":1}},"line":8},"1":{"name":"(anonymous_1)","decl":{"start":{"line":74,"column":24},"end":{"line":74,"column":25}},"loc":{"start":{"line":74,"column":44},"end":{"line":106,"column":1}},"line":74},"2":{"name":"(anonymous_2)","decl":{"start":{"line":109,"column":31},"end":{"line":109,"column":32}},"loc":{"start":{"line":109,"column":51},"end":{"line":134,"column":1}},"line":109},"3":{"name":"(anonymous_3)","decl":{"start":{"line":137,"column":24},"end":{"line":137,"column":25}},"loc":{"start":{"line":137,"column":44},"end":{"line":169,"column":1}},"line":137},"4":{"name":"(anonymous_4)","decl":{"start":{"line":172,"column":27},"end":{"line":172,"column":28}},"loc":{"start":{"line":172,"column":47},"end":{"line":197,"column":1}},"line":172},"5":{"name":"(anonymous_5)","decl":{"start":{"line":200,"column":30},"end":{"line":200,"column":31}},"loc":{"start":{"line":200,"column":50},"end":{"line":239,"column":1}},"line":200}},"branchMap":{"0":{"loc":{"start":{"line":21,"column":4},"end":{"line":26,"column":5}},"type":"if","locations":[{"start":{"line":21,"column":4},"end":{"line":26,"column":5}},{"start":{},"end":{}}],"line":21},"1":{"loc":{"start":{"line":77,"column":12},"end":{"line":77,"column":20}},"type":"default-arg","locations":[{"start":{"line":77,"column":19},"end":{"line":77,"column":20}}],"line":77},"2":{"loc":{"start":{"line":77,"column":22},"end":{"line":77,"column":32}},"type":"default-arg","locations":[{"start":{"line":77,"column":30},"end":{"line":77,"column":32}}],"line":77},"3":{"loc":{"start":{"line":114,"column":4},"end":{"line":119,"column":5}},"type":"if","locations":[{"start":{"line":114,"column":4},"end":{"line":119,"column":5}},{"start":{},"end":{}}],"line":114},"4":{"loc":{"start":{"line":148,"column":4},"end":{"line":153,"column":5}},"type":"if","locations":[{"start":{"line":148,"column":4},"end":{"line":153,"column":5}},{"start":{},"end":{}}],"line":148},"5":{"loc":{"start":{"line":177,"column":4},"end":{"line":182,"column":5}},"type":"if","locations":[{"start":{"line":177,"column":4},"end":{"line":182,"column":5}},{"start":{},"end":{}}],"line":177},"6":{"loc":{"start":{"line":218,"column":19},"end":{"line":224,"column":5}},"type":"cond-expr","locations":[{"start":{"line":218,"column":38},"end":{"line":218,"column":46}},{"start":{"line":218,"column":49},"end":{"line":224,"column":5}}],"line":218}},"s":{"0":1,"1":1,"2":9,"3":9,"4":9,"5":8,"6":1,"7":7,"8":7,"9":7,"10":2,"11":2,"12":2,"13":6,"14":6,"15":1,"16":2,"17":2,"18":2,"19":2,"20":2,"21":2,"22":0,"23":0,"24":1,"25":2,"26":2,"27":2,"28":2,"29":1,"30":1,"31":0,"32":0,"33":1,"34":2,"35":2,"36":2,"37":2,"38":2,"39":1,"40":1,"41":0,"42":0,"43":1,"44":2,"45":2,"46":2,"47":2,"48":1,"49":1,"50":0,"51":0,"52":1,"53":2,"54":2,"55":2,"56":2,"57":2,"58":0,"59":0},"f":{"0":9,"1":2,"2":2,"3":2,"4":2,"5":2},"b":{"0":[1,7],"1":[1],"2":[1],"3":[1,1],"4":[1,1],"5":[1,1],"6":[1,1]},"_coverageSchema":"1a1c01bbd47fc00a2c39e90264f33305004495a9","hash":"ee877e3302abe647e1429aa74116a230645106d6"}
,"C:\\Users\\Denisse\\Downloads\\audiconflow\\backend\\routes\\fileUploadHistory.js": {"path":"C:\\Users\\Denisse\\Downloads\\audiconflow\\backend\\routes\\fileUploadHistory.js","statementMap":{"0":{"start":{"line":5,"column":15},"end":{"line":5,"column":31}},"1":{"start":{"line":8,"column":0},"end":{"line":20,"column":3}},"2":{"start":{"line":9,"column":2},"end":{"line":19,"column":3}},"3":{"start":{"line":10,"column":24},"end":{"line":10,"column":34}},"4":{"start":{"line":12,"column":20},"end":{"line":13,"column":30}},"5":{"start":{"line":15,"column":4},"end":{"line":15,"column":22}},"6":{"start":{"line":17,"column":4},"end":{"line":17,"column":68}},"7":{"start":{"line":18,"column":4},"end":{"line":18,"column":66}},"8":{"start":{"line":23,"column":0},"end":{"line":61,"column":3}},"9":{"start":{"line":24,"column":2},"end":{"line":60,"column":3}},"10":{"start":{"line":34,"column":8},"end":{"line":34,"column":16}},"11":{"start":{"line":37,"column":4},"end":{"line":41,"column":5}},"12":{"start":{"line":38,"column":6},"end":{"line":40,"column":9}},"13":{"start":{"line":43,"column":26},"end":{"line":52,"column":6}},"14":{"start":{"line":54,"column":4},"end":{"line":54,"column":31}},"15":{"start":{"line":56,"column":4},"end":{"line":56,"column":40}},"16":{"start":{"line":58,"column":4},"end":{"line":58,"column":66}},"17":{"start":{"line":59,"column":4},"end":{"line":59,"column":66}},"18":{"start":{"line":64,"column":0},"end":{"line":85,"column":3}},"19":{"start":{"line":65,"column":2},"end":{"line":84,"column":3}},"20":{"start":{"line":66,"column":19},"end":{"line":66,"column":29}},"21":{"start":{"line":67,"column":32},"end":{"line":67,"column":40}},"22":{"start":{"line":69,"column":4},"end":{"line":71,"column":5}},"23":{"start":{"line":70,"column":6},"end":{"line":70,"column":73}},"24":{"start":{"line":73,"column":26},"end":{"line":73,"column":62}},"25":{"start":{"line":74,"column":4},"end":{"line":76,"column":5}},"26":{"start":{"line":75,"column":6},"end":{"line":75,"column":84}},"27":{"start":{"line":78,"column":4},"end":{"line":78,"column":64}},"28":{"start":{"line":80,"column":4},"end":{"line":80,"column":28}},"29":{"start":{"line":82,"column":4},"end":{"line":82,"column":73}},"30":{"start":{"line":83,"column":4},"end":{"line":83,"column":66}},"31":{"start":{"line":88,"column":0},"end":{"line":109,"column":3}},"32":{"start":{"line":89,"column":2},"end":{"line":108,"column":3}},"33":{"start":{"line":90,"column":19},"end":{"line":90,"column":29}},"34":{"start":{"line":91,"column":28},"end":{"line":91,"column":36}},"35":{"start":{"line":93,"column":4},"end":{"line":95,"column":5}},"36":{"start":{"line":94,"column":6},"end":{"line":94,"column":73}},"37":{"start":{"line":97,"column":26},"end":{"line":97,"column":62}},"38":{"start":{"line":98,"column":4},"end":{"line":100,"column":5}},"39":{"start":{"line":99,"column":6},"end":{"line":99,"column":84}},"40":{"start":{"line":102,"column":4},"end":{"line":102,"column":52}},"41":{"start":{"line":104,"column":4},"end":{"line":104,"column":28}},"42":{"start":{"line":106,"column":4},"end":{"line":106,"column":65}},"43":{"start":{"line":107,"column":4},"end":{"line":107,"column":66}},"44":{"start":{"line":112,"column":0},"end":{"line":151,"column":3}},"45":{"start":{"line":113,"column":2},"end":{"line":150,"column":3}},"46":{"start":{"line":114,"column":24},"end":{"line":114,"column":34}},"47":{"start":{"line":116,"column":18},"end":{"line":138,"column":6}},"48":{"start":{"line":140,"column":4},"end":{"line":146,"column":7}},"49":{"start":{"line":148,"column":4},"end":{"line":148,"column":71}},"50":{"start":{"line":149,"column":4},"end":{"line":149,"column":66}},"51":{"start":{"line":154,"column":0},"end":{"line":173,"column":3}},"52":{"start":{"line":155,"column":2},"end":{"line":172,"column":3}},"53":{"start":{"line":156,"column":19},"end":{"line":156,"column":29}},"54":{"start":{"line":158,"column":4},"end":{"line":160,"column":5}},"55":{"start":{"line":159,"column":6},"end":{"line":159,"column":73}},"56":{"start":{"line":162,"column":26},"end":{"line":162,"column":71}},"57":{"start":{"line":164,"column":4},"end":{"line":166,"column":5}},"58":{"start":{"line":165,"column":6},"end":{"line":165,"column":84}},"59":{"start":{"line":168,"column":4},"end":{"line":168,"column":74}},"60":{"start":{"line":170,"column":4},"end":{"line":170,"column":69}},"61":{"start":{"line":171,"column":4},"end":{"line":171,"column":66}}},"fnMap":{"0":{"name":"(anonymous_0)","decl":{"start":{"line":8,"column":24},"end":{"line":8,"column":25}},"loc":{"start":{"line":8,"column":44},"end":{"line":20,"column":1}},"line":8},"1":{"name":"(anonymous_1)","decl":{"start":{"line":23,"column":17},"end":{"line":23,"column":18}},"loc":{"start":{"line":23,"column":37},"end":{"line":61,"column":1}},"line":23},"2":{"name":"(anonymous_2)","decl":{"start":{"line":64,"column":30},"end":{"line":64,"column":31}},"loc":{"start":{"line":64,"column":50},"end":{"line":85,"column":1}},"line":64},"3":{"name":"(anonymous_3)","decl":{"start":{"line":88,"column":33},"end":{"line":88,"column":34}},"loc":{"start":{"line":88,"column":53},"end":{"line":109,"column":1}},"line":88},"4":{"name":"(anonymous_4)","decl":{"start":{"line":112,"column":30},"end":{"line":112,"column":31}},"loc":{"start":{"line":112,"column":50},"end":{"line":151,"column":1}},"line":112},"5":{"name":"(anonymous_5)","decl":{"start":{"line":154,"column":22},"end":{"line":154,"column":23}},"loc":{"start":{"line":154,"column":42},"end":{"line":173,"column":1}},"line":154}},"branchMap":{"0":{"loc":{"start":{"line":37,"column":4},"end":{"line":41,"column":5}},"type":"if","locations":[{"start":{"line":37,"column":4},"end":{"line":41,"column":5}},{"start":{},"end":{}}],"line":37},"1":{"loc":{"start":{"line":37,"column":8},"end":{"line":37,"column":61}},"type":"binary-expr","locations":[{"start":{"line":37,"column":8},"end":{"line":37,"column":16}},{"start":{"line":37,"column":20},"end":{"line":37,"column":29}},{"start":{"line":37,"column":33},"end":{"line":37,"column":46}},{"start":{"line":37,"column":50},"end":{"line":37,"column":61}}],"line":37},"2":{"loc":{"start":{"line":47,"column":16},"end":{"line":47,"column":29}},"type":"binary-expr","locations":[{"start":{"line":47,"column":16},"end":{"line":47,"column":24}},{"start":{"line":47,"column":28},"end":{"line":47,"column":29}}],"line":47},"3":{"loc":{"start":{"line":48,"column":16},"end":{"line":48,"column":37}},"type":"binary-expr","locations":[{"start":{"line":48,"column":16},"end":{"line":48,"column":24}},{"start":{"line":48,"column":28},"end":{"line":48,"column":37}}],"line":48},"4":{"loc":{"start":{"line":50,"column":18},"end":{"line":50,"column":34}},"type":"binary-expr","locations":[{"start":{"line":50,"column":18},"end":{"line":50,"column":28}},{"start":{"line":50,"column":32},"end":{"line":50,"column":34}}],"line":50},"5":{"loc":{"start":{"line":51,"column":16},"end":{"line":51,"column":30}},"type":"binary-expr","locations":[{"start":{"line":51,"column":16},"end":{"line":51,"column":24}},{"start":{"line":51,"column":28},"end":{"line":51,"column":30}}],"line":51},"6":{"loc":{"start":{"line":69,"column":4},"end":{"line":71,"column":5}},"type":"if","locations":[{"start":{"line":69,"column":4},"end":{"line":71,"column":5}},{"start":{},"end":{}}],"line":69},"7":{"loc":{"start":{"line":74,"column":4},"end":{"line":76,"column":5}},"type":"if","locations":[{"start":{"line":74,"column":4},"end":{"line":76,"column":5}},{"start":{},"end":{}}],"line":74},"8":{"loc":{"start":{"line":93,"column":4},"end":{"line":95,"column":5}},"type":"if","locations":[{"start":{"line":93,"column":4},"end":{"line":95,"column":5}},{"start":{},"end":{}}],"line":93},"9":{"loc":{"start":{"line":98,"column":4},"end":{"line":100,"column":5}},"type":"if","locations":[{"start":{"line":98,"column":4},"end":{"line":100,"column":5}},{"start":{},"end":{}}],"line":98},"10":{"loc":{"start":{"line":140,"column":13},"end":{"line":146,"column":5}},"type":"binary-expr","locations":[{"start":{"line":140,"column":13},"end":{"line":140,"column":21}},{"start":{"line":140,"column":25},"end":{"line":146,"column":5}}],"line":140},"11":{"loc":{"start":{"line":158,"column":4},"end":{"line":160,"column":5}},"type":"if","locations":[{"start":{"line":158,"column":4},"end":{"line":160,"column":5}},{"start":{},"end":{}}],"line":158},"12":{"loc":{"start":{"line":164,"column":4},"end":{"line":166,"column":5}},"type":"if","locations":[{"start":{"line":164,"column":4},"end":{"line":166,"column":5}},{"start":{},"end":{}}],"line":164}},"s":{"0":0,"1":0,"2":0,"3":0,"4":0,"5":0,"6":0,"7":0,"8":0,"9":0,"10":0,"11":0,"12":0,"13":0,"14":0,"15":0,"16":0,"17":0,"18":0,"19":0,"20":0,"21":0,"22":0,"23":0,"24":0,"25":0,"26":0,"27":0,"28":0,"29":0,"30":0,"31":0,"32":0,"33":0,"34":0,"35":0,"36":0,"37":0,"38":0,"39":0,"40":0,"41":0,"42":0,"43":0,"44":0,"45":0,"46":0,"47":0,"48":0,"49":0,"50":0,"51":0,"52":0,"53":0,"54":0,"55":0,"56":0,"57":0,"58":0,"59":0,"60":0,"61":0},"f":{"0":0,"1":0,"2":0,"3":0,"4":0,"5":0},"b":{"0":[0,0],"1":[0,0,0,0],"2":[0,0],"3":[0,0],"4":[0,0],"5":[0,0],"6":[0,0],"7":[0,0],"8":[0,0],"9":[0,0],"10":[0,0],"11":[0,0],"12":[0,0]}}
,"C:\\Users\\Denisse\\Downloads\\audiconflow\\backend\\routes\\files.js": {"path":"C:\\Users\\Denisse\\Downloads\\audiconflow\\backend\\routes\\files.js","statementMap":{"0":{"start":{"line":5,"column":15},"end":{"line":5,"column":31}},"1":{"start":{"line":9,"column":0},"end":{"line":13,"column":3}},"2":{"start":{"line":10,"column":2},"end":{"line":12,"column":5}},"3":{"start":{"line":16,"column":0},"end":{"line":55,"column":3}},"4":{"start":{"line":17,"column":2},"end":{"line":54,"column":3}},"5":{"start":{"line":18,"column":4},"end":{"line":23,"column":5}},"6":{"start":{"line":19,"column":6},"end":{"line":22,"column":9}},"7":{"start":{"line":25,"column":18},"end":{"line":25,"column":52}},"8":{"start":{"line":27,"column":4},"end":{"line":33,"column":5}},"9":{"start":{"line":28,"column":6},"end":{"line":32,"column":9}},"10":{"start":{"line":35,"column":4},"end":{"line":46,"column":7}},"11":{"start":{"line":37,"column":32},"end":{"line":45,"column":7}},"12":{"start":{"line":48,"column":4},"end":{"line":48,"column":55}},"13":{"start":{"line":49,"column":4},"end":{"line":53,"column":7}},"14":{"start":{"line":58,"column":0},"end":{"line":93,"column":3}},"15":{"start":{"line":59,"column":2},"end":{"line":92,"column":3}},"16":{"start":{"line":60,"column":24},"end":{"line":60,"column":34}},"17":{"start":{"line":62,"column":4},"end":{"line":67,"column":5}},"18":{"start":{"line":63,"column":6},"end":{"line":66,"column":9}},"19":{"start":{"line":69,"column":18},"end":{"line":71,"column":16}},"20":{"start":{"line":73,"column":4},"end":{"line":84,"column":7}},"21":{"start":{"line":75,"column":32},"end":{"line":83,"column":7}},"22":{"start":{"line":86,"column":4},"end":{"line":86,"column":69}},"23":{"start":{"line":87,"column":4},"end":{"line":91,"column":7}},"24":{"start":{"line":96,"column":0},"end":{"line":128,"column":3}},"25":{"start":{"line":97,"column":2},"end":{"line":127,"column":3}},"26":{"start":{"line":98,"column":19},"end":{"line":98,"column":29}},"27":{"start":{"line":100,"column":4},"end":{"line":105,"column":5}},"28":{"start":{"line":101,"column":6},"end":{"line":104,"column":9}},"29":{"start":{"line":107,"column":4},"end":{"line":112,"column":5}},"30":{"start":{"line":108,"column":6},"end":{"line":111,"column":9}},"31":{"start":{"line":114,"column":4},"end":{"line":114,"column":60}},"32":{"start":{"line":116,"column":4},"end":{"line":119,"column":7}},"33":{"start":{"line":121,"column":4},"end":{"line":121,"column":55}},"34":{"start":{"line":122,"column":4},"end":{"line":126,"column":7}},"35":{"start":{"line":131,"column":0},"end":{"line":168,"column":3}},"36":{"start":{"line":132,"column":2},"end":{"line":167,"column":3}},"37":{"start":{"line":133,"column":19},"end":{"line":133,"column":29}},"38":{"start":{"line":135,"column":4},"end":{"line":140,"column":5}},"39":{"start":{"line":136,"column":6},"end":{"line":139,"column":9}},"40":{"start":{"line":142,"column":4},"end":{"line":147,"column":5}},"41":{"start":{"line":143,"column":6},"end":{"line":146,"column":9}},"42":{"start":{"line":149,"column":27},"end":{"line":149,"column":88}},"43":{"start":{"line":151,"column":4},"end":{"line":157,"column":7}},"44":{"start":{"line":152,"column":6},"end":{"line":152,"column":58}},"45":{"start":{"line":153,"column":6},"end":{"line":156,"column":9}},"46":{"start":{"line":159,"column":4},"end":{"line":159,"column":29}},"47":{"start":{"line":161,"column":4},"end":{"line":161,"column":56}},"48":{"start":{"line":162,"column":4},"end":{"line":166,"column":7}}},"fnMap":{"0":{"name":"(anonymous_0)","decl":{"start":{"line":9,"column":33},"end":{"line":9,"column":34}},"loc":{"start":{"line":9,"column":39},"end":{"line":13,"column":1}},"line":9},"1":{"name":"(anonymous_1)","decl":{"start":{"line":16,"column":16},"end":{"line":16,"column":17}},"loc":{"start":{"line":16,"column":36},"end":{"line":55,"column":1}},"line":16},"2":{"name":"(anonymous_2)","decl":{"start":{"line":37,"column":23},"end":{"line":37,"column":24}},"loc":{"start":{"line":37,"column":32},"end":{"line":45,"column":7}},"line":37},"3":{"name":"(anonymous_3)","decl":{"start":{"line":58,"column":30},"end":{"line":58,"column":31}},"loc":{"start":{"line":58,"column":50},"end":{"line":93,"column":1}},"line":58},"4":{"name":"(anonymous_4)","decl":{"start":{"line":75,"column":23},"end":{"line":75,"column":24}},"loc":{"start":{"line":75,"column":32},"end":{"line":83,"column":7}},"line":75},"5":{"name":"(anonymous_5)","decl":{"start":{"line":96,"column":22},"end":{"line":96,"column":23}},"loc":{"start":{"line":96,"column":42},"end":{"line":128,"column":1}},"line":96},"6":{"name":"(anonymous_6)","decl":{"start":{"line":131,"column":28},"end":{"line":131,"column":29}},"loc":{"start":{"line":131,"column":48},"end":{"line":168,"column":1}},"line":131},"7":{"name":"(anonymous_7)","decl":{"start":{"line":151,"column":31},"end":{"line":151,"column":32}},"loc":{"start":{"line":151,"column":42},"end":{"line":157,"column":5}},"line":151}},"branchMap":{"0":{"loc":{"start":{"line":18,"column":4},"end":{"line":23,"column":5}},"type":"if","locations":[{"start":{"line":18,"column":4},"end":{"line":23,"column":5}},{"start":{},"end":{}}],"line":18},"1":{"loc":{"start":{"line":27,"column":4},"end":{"line":33,"column":5}},"type":"if","locations":[{"start":{"line":27,"column":4},"end":{"line":33,"column":5}},{"start":{},"end":{}}],"line":27},"2":{"loc":{"start":{"line":27,"column":8},"end":{"line":27,"column":36}},"type":"binary-expr","locations":[{"start":{"line":27,"column":8},"end":{"line":27,"column":14}},{"start":{"line":27,"column":18},"end":{"line":27,"column":36}}],"line":27},"3":{"loc":{"start":{"line":40,"column":22},"end":{"line":40,"column":66}},"type":"binary-expr","locations":[{"start":{"line":40,"column":22},"end":{"line":40,"column":49}},{"start":{"line":40,"column":53},"end":{"line":40,"column":66}}],"line":40},"4":{"loc":{"start":{"line":44,"column":17},"end":{"line":44,"column":47}},"type":"binary-expr","locations":[{"start":{"line":44,"column":17},"end":{"line":44,"column":39}},{"start":{"line":44,"column":43},"end":{"line":44,"column":47}}],"line":44},"5":{"loc":{"start":{"line":62,"column":4},"end":{"line":67,"column":5}},"type":"if","locations":[{"start":{"line":62,"column":4},"end":{"line":67,"column":5}},{"start":{},"end":{}}],"line":62},"6":{"loc":{"start":{"line":78,"column":22},"end":{"line":78,"column":66}},"type":"binary-expr","locations":[{"start":{"line":78,"column":22},"end":{"line":78,"column":49}},{"start":{"line":78,"column":53},"end":{"line":78,"column":66}}],"line":78},"7":{"loc":{"start":{"line":100,"column":4},"end":{"line":105,"column":5}},"type":"if","locations":[{"start":{"line":100,"column":4},"end":{"line":105,"column":5}},{"start":{},"end":{}}],"line":100},"8":{"loc":{"start":{"line":107,"column":4},"end":{"line":112,"column":5}},"type":"if","locations":[{"start":{"line":107,"column":4},"end":{"line":112,"column":5}},{"start":{},"end":{}}],"line":107},"9":{"loc":{"start":{"line":135,"column":4},"end":{"line":140,"column":5}},"type":"if","locations":[{"start":{"line":135,"column":4},"end":{"line":140,"column":5}},{"start":{},"end":{}}],"line":135},"10":{"loc":{"start":{"line":142,"column":4},"end":{"line":147,"column":5}},"type":"if","locations":[{"start":{"line":142,"column":4},"end":{"line":147,"column":5}},{"start":{},"end":{}}],"line":142}},"s":{"0":0,"1":0,"2":0,"3":0,"4":0,"5":0,"6":0,"7":0,"8":0,"9":0,"10":0,"11":0,"12":0,"13":0,"14":0,"15":0,"16":0,"17":0,"18":0,"19":0,"20":0,"21":0,"22":0,"23":0,"24":0,"25":0,"26":0,"27":0,"28":0,"29":0,"30":0,"31":0,"32":0,"33":0,"34":0,"35":0,"36":0,"37":0,"38":0,"39":0,"40":0,"41":0,"42":0,"43":0,"44":0,"45":0,"46":0,"47":0,"48":0},"f":{"0":0,"1":0,"2":0,"3":0,"4":0,"5":0,"6":0,"7":0},"b":{"0":[0,0],"1":[0,0],"2":[0,0],"3":[0,0],"4":[0,0],"5":[0,0],"6":[0,0],"7":[0,0],"8":[0,0],"9":[0,0],"10":[0,0]}}
,"C:\\Users\\Denisse\\Downloads\\audiconflow\\backend\\routes\\reports.js": {"path":"C:\\Users\\Denisse\\Downloads\\audiconflow\\backend\\routes\\reports.js","statementMap":{"0":{"start":{"line":7,"column":15},"end":{"line":7,"column":31}},"1":{"start":{"line":10,"column":0},"end":{"line":30,"column":3}},"2":{"start":{"line":11,"column":2},"end":{"line":29,"column":3}},"3":{"start":{"line":12,"column":51},"end":{"line":12,"column":60}},"4":{"start":{"line":14,"column":17},"end":{"line":14,"column":19}},"5":{"start":{"line":15,"column":4},"end":{"line":15,"column":67}},"6":{"start":{"line":15,"column":40},"end":{"line":15,"column":67}},"7":{"start":{"line":16,"column":4},"end":{"line":16,"column":48}},"8":{"start":{"line":16,"column":19},"end":{"line":16,"column":48}},"9":{"start":{"line":17,"column":4},"end":{"line":17,"column":33}},"10":{"start":{"line":17,"column":14},"end":{"line":17,"column":33}},"11":{"start":{"line":18,"column":4},"end":{"line":18,"column":42}},"12":{"start":{"line":18,"column":17},"end":{"line":18,"column":42}},"13":{"start":{"line":20,"column":20},"end":{"line":23,"column":30}},"14":{"start":{"line":25,"column":4},"end":{"line":25,"column":22}},"15":{"start":{"line":27,"column":4},"end":{"line":27,"column":55}},"16":{"start":{"line":28,"column":4},"end":{"line":28,"column":66}},"17":{"start":{"line":33,"column":0},"end":{"line":57,"column":3}},"18":{"start":{"line":34,"column":2},"end":{"line":56,"column":3}},"19":{"start":{"line":35,"column":19},"end":{"line":35,"column":29}},"20":{"start":{"line":37,"column":4},"end":{"line":39,"column":5}},"21":{"start":{"line":38,"column":6},"end":{"line":38,"column":71}},"22":{"start":{"line":41,"column":19},"end":{"line":43,"column":32}},"23":{"start":{"line":45,"column":4},"end":{"line":47,"column":5}},"24":{"start":{"line":46,"column":6},"end":{"line":46,"column":70}},"25":{"start":{"line":50,"column":4},"end":{"line":50,"column":34}},"26":{"start":{"line":52,"column":4},"end":{"line":52,"column":21}},"27":{"start":{"line":54,"column":4},"end":{"line":54,"column":54}},"28":{"start":{"line":55,"column":4},"end":{"line":55,"column":66}},"29":{"start":{"line":60,"column":0},"end":{"line":149,"column":3}},"30":{"start":{"line":61,"column":2},"end":{"line":148,"column":3}},"31":{"start":{"line":62,"column":4},"end":{"line":62,"column":69}},"32":{"start":{"line":77,"column":8},"end":{"line":77,"column":16}},"33":{"start":{"line":80,"column":4},"end":{"line":86,"column":5}},"34":{"start":{"line":81,"column":6},"end":{"
[...]
,"C:\\Users\\Denisse\\Downloads\\audiconflow\\backend\\routes\\users.js": {"path":"C:\\Users\\Denisse\\Downloads\\audiconflow\\backend\\routes\\users.js","statementMap":{"0":{"start":{"line":4,"column":15},"end":{"line":4,"column":31}},"1":{"start":{"line":7,"column":0},"end":{"line":15,"column":3}},"2":{"start":{"line":8,"column":2},"end":{"line":14,"column":3}},"3":{"start":{"line":9,"column":18},"end":{"line":9,"column":54}},"4":{"start":{"line":10,"column":4},"end":{"line":10,"column":20}},"5":{"start":{"line":12,"column":4},"end":{"line":12,"column":68}},"6":{"start":{"line":13,"column":4},"end":{"line":13,"column":65}},"7":{"start":{"line":18,"column":0},"end":{"line":29,"column":3}},"8":{"start":{"line":19,"column":2},"end":{"line":28,"column":3}},"9":{"start":{"line":20,"column":17},"end":{"line":20,"column":68}},"10":{"start":{"line":21,"column":4},"end":{"line":23,"column":5}},"11":{"start":{"line":22,"column":6},"end":{"line":22,"column":70}},"12":{"start":{"line":24,"column":4},"end":{"line":24,"column":19}},"13":{"start":{"line":26,"column":4},"end":{"line":26,"column":67}},"14":{"start":{"line":27,"column":4},"end":{"line":27,"column":64}},"15":{"start":{"line":32,"column":0},"end":{"line":81,"column":3}},"16":{"start":{"line":33,"column":2},"end":{"line":80,"column":3}},"17":{"start":{"line":34,"column":84},"end":{"line":34,"column":92}},"18":{"start":{"line":37,"column":4},"end":{"line":39,"column":5}},"19":{"start":{"line":38,"column":6},"end":{"line":38,"column":83}},"20":{"start":{"line":42,"column":4},"end":{"line":44,"column":5}},"21":{"start":{"line":43,"column":6},"end":{"line":43,"column":75}},"22":{"start":{"line":46,"column":4},"end":{"line":48,"column":5}},"23":{"start":{"line":47,"column":6},"end":{"line":47,"column":95}},"24":{"start":{"line":51,"column":25},"end":{"line":51,"column":54}},"25":{"start":{"line":52,"column":4},"end":{"line":54,"column":5}},"26":{"start":{"line":53,"column":6},"end":{"line":53,"column":76}},"27":{"start":{"line":56,"column":20},"end":{"line":65,"column":6}},"28":{"start":{"line":67,"column":4},"end":{"line":67,"column":25}},"29":{"start":{"line":70,"column":25},"end":{"line":70,"column":43}},"30":{"start":{"line":71,"column":4},"end":{"line":71,"column":33}},"31":{"start":{"line":73,"column":4},"end":{"line":76,"column":7}},"32":{"start":{"line":78,"column":4},"end":{"line":78,"column":65}},"33":{"start":{"line":79,"column":4},"end":{"line":79,"column":62}},"34":{"start":{"line":84,"column":0},"end":{"line":132,"column":3}},"35":{"start":{"line":85,"column":2},"end":{"line":131,"column":3}},"36":{"start":{"line":86,"column":84},"end":{"line":86,"column":92}},"37":{"start":{"line":89,"column":17},"end":{"line":89,"column":51}},"38":{"start":{"line":90,"column":4},"end":{"line":92,"column":5}},"39":{"start":{"line":91,"column":6},"end":{"line":91,"column":70}},"40":{"start":{"line":95,"column":4},"end":{"line":100,"column":5}},"41":{"start":{"line":96,"column":27},"end":{"line":96,"column":85}},"42":{"start":{"line":97,"column":6},"end":{"line":99,"column":7}},"43":{"start":{"line":98,"column":8},"end":{"line":98,"column":95}},"44":{"start":{"line":103,"column":4},"end":{"line":105,"column":5}},"45":{"start":{"line":104,"column":6},"end":{"line":104,"column":95}},"46":{"start":{"line":108,"column":23},"end":{"line":108,"column":25}},"47":{"start":{"line":109,"column":4},"end":{"line":109,"column":37}},"48":{"start":{"line":109,"column":14},"end":{"line":109,"column":37}},"49":{"start":{"line":110,"column":4},"end":{"line":110,"column":40}},"50":{"start":{"line":110,"column":15},"end":{"line":110,"column":40}},"51":{"start":{"line":111,"column":4},"end":{"line":111,"column":49}},"52":{"start":{"line":111,"column":18},"end":{"line":111,"column":49}},"53":{"start":{"line":112,"column":4},"end":{"line":112,"column":37}},"54":{"start":{"line":112,"column":14},"end":{"line":112,"column":37}},"55":{"start":{"line":113,"column":4},"end":{"line":113,"column":55}},"56":{"start":{"line":113,"column":20},"end":{"line":113,"column":55}},"57":{"start":{"line":114,"column":4},"end":{"line":114,"column":40}},"58":{"start":{"line":114,"column":15},"end":{"line":114,"column":40}},"59":{"start":{"line":115,"column":4},"end":{"line":115,"column":43}},"60":{"start":{"line":115,"column":16},"end":{"line":115,"column":43}},"61":{"start":{"line":116,"column":4},"end":{"line":116,"column":58}},"62":{"start":{"line":116,"column":21},"end":{"line":116,"column":58}},"63":{"start":{"line":118,"column":24},"end":{"line":122,"column":5}},"64":{"start":{"line":124,"column":4},"end":{"line":127,"column":7}},"65":{"start":{"line":129,"column":4},"end":{"line":129,"column":70}},"66":{"start":{"line":130,"column":4},"end":{"line":130,"column":67}},"67":{"start":{"line":135,"column":0},"end":{"line":156,"column":3}},"68":{"start":{"line":136,"column":2},"end":{"line":155,"column":3}},"69":{"start":{"line":137,"column":17},"end":{"line":137,"column":51}},"70":{"start":{"line":138,"column":4},"end":{"line":140,"column":5}},"71":{"start":{"line":139,"column":6},"end":{"line":139,"column":70}},"72":{"start":{"line":142,"column":4},"end":{"line":142,"column":48}},"73":{"start":{"line":144,"column":4},"end":{"line":151,"column":7}},"74":{"start":{"line":153,"column":4},"end":{"line":153,"column":69}},"75":{"start":{"line":154,"column":4},"end":{"line":154,"column":65}},"76":{"start":{"line":159,"column":0},"end":{"line":196,"column":3}},"77":{"start":{"line":160,"column":2},"end":{"line":195,"column":3}},"78":{"start":{"line":161,"column":39},"end":{"line":161,"column":47}},"79":{"start":{"line":163,"column":4},"end":{"line":165,"column":5}},"80":{"start":{"line":164,"column":6},"end":{"line":164,"column":88}},"81":{"start":{"line":167,"column":21},"end":{"line":167,"column":23}},"82":{"start":{"line":169,"column":4},"end":{"line":181,"column":5}},"83":{"start":{"line":171,"column":8},"end":{"line":171,"column":37}},"84":{"start":{"line":172,"column":8},"end":{"line":172,"column":14}},"85":{"start":{"line":174,"column":8},"end":{"line":174,"column":39}},"86":{"start":{"line":175,"column":8},"end":{"line":175,"column":14}},"87":{"start":{"line":177,"column":8},"end":{"line":177,"column":41}},"88":{"start":{"line":178,"column":8},"end":{"line":178,"column":14}},"89":{"start":{"line":180,"column":8},"end":{"line":180,"column":67}},"90":{"start":{"line":183,"column":19},"end":{"line":186,"column":5}},"91":{"start":{"line":188,"column":4},"end":{"line":191,"column":7}},"92":{"start":{"line":193,"column":4},"end":{"line":193,"column":73}},"93":{"start":{"line":194,"column":4},"end":{"line":194,"column":69}},"94":{"start":{"line":199,"column":0},"end":{"line":217,"column":3}},"95":{"start":{"line":200,"column":2},"end":{"line":216,"column":3}},"96":{"start":{"line":201,"column":24},"end":{"line":201,"column":32}},"97":{"start":{"line":203,"column":4},"end":{"line":205,"column":5}},"98":{"start":{"line":204,"column":6},"end":{"line":204,"column":88}},"99":{"start":{"line":207,"column":19},"end":{"line":207,"column":67}},"100":{"start":{"line":209,"column":4},"end":{"line":212,"column":7}},"101":{"start":{"line":214,"column":4},"end":{"line":214,"column":71}},"102":{"start":{"line":215,"column":4},"end":{"line":215,"column":67}}},"fnMap":{"0":{"name":"(anonymous_0)","decl":{"start":{"line":7,"column":21},"end":{"line":7,"column":22}},"loc":{"start":{"line":7,"column":41},"end":{"line":15,"column":1}},"line":7},"1":{"name":"(anonymous_1)","decl":{"start":{"line":18,"column":25},"end":{"line":18,"column":26}},"loc":{"start":{"line":18,"column":45},"end":{"line":29,"column":1}},"line":18},"2":{"name":"(anonymous_2)","decl":{"start":{"line":32,"column":22},"end":{"line":32,"column":23}},"loc":{"start":{"line":32,"column":42},"end":{"line":81,"column":1}},"line":32},"3":{"name":"(anonymous_3)","decl":{"start":{"line":84,"column":25},"end":{"line":84,"column":26}},"loc":{"start":{"line":84,"column":45},"end":{"line":132,"column":1}},"line":84},"4":{"name":"(anonymous_4)","decl":{"start":{"line":135,"column":28},"end":{"line":135,"column":29}},"loc":{"start":{"line":135,"column":48},"end":{"line":156,"column":1}},"line":135},"5":{"name":"(anonymous_5)","decl":{"start":{"line":159,"column":28},"end":{"line":159,"column":29}},"loc":{"start":{"line":159,"column":48},"end":{"line":196,"column":1}},"line":159},"6":{"name":"(anonymous_6)","decl":{"start":{"line":199,"column":29},"end":{"line":199,"column":30}},"loc":{"start":{"line":199,"column":49},"end":{"line":217,"column":1}},"line":199}},"branchMap":{"0":{"loc":{"start":{"line":21,"column":4},"end":{"line":23,"column":5}},"type":"if","locations":[{"start":{"line":21,"column":4},"end":{"line":23,"column":5}},{"start":{},"end":{}}],"line":21},"1":{"loc":{"start":{"line":37,"column":4},"end":{"line":39,"column":5}},"type":"if","locations":[{"start":{"line":37,"column":4},"end":{"line":39,"column":5}},{"start":{},"end":{}}],"line":37},"2":{"loc":{"start":{"line":37,"column":8},"end":{"line":37,"column":32}},"type":"binary-expr","locations":[{"start":{"line":37,"column":8},"end":{"line":37,"column":13}},{"start":{"line":37,"column":17},"end":{"line":37,"column":23}},{"start":{"line":37,"column":27},"end":{"line":37,"column":32}}],"line":37},"3":{"loc":{"start":{"line":42,"column":4},"end":{"line":44,"column":5}},"type":"if","locations":[{"start":{"line":42,"column":4},"end":{"line":44,"column":5}},{"start":{},"end":{}}],"line":42},"4":{"loc":{"start":{"line":46,"column":4},"end":{"line":48,"column":5}},"type":"if","locations":[{"start":{"line":46,"column":4},"end":{"line":48,"column":5}},{"start":{},"end":{}}],"line":46},"5":{"loc":{"start":{"line":52,"column":4},"end":{"line":54,"column":5}},"type":"if","locations":[{"start":{"line":52,"column":4},"end":{"line":54,"column":5}},{"start":{},"end":{}}],"line":52},"6":{"loc":{"start":{"line":63,"column":14},"end":{"line":63,"column":32}},"type":"binary-expr","locations":[{"start":{"line":63,"column":14},"end":{"line":63,"column":20}},{"start":{"line":63,"column":24},"end":{"line":63,"column":32}}],"line":63},"7":{"loc":{"start":{"line":64,"column":19},"end":{"line":64,"column":36}},"type":"binary-expr","locations":[{"start":{"line":64,"column":19},"end":{"line":64,"column":30}},{"start":{"line":64,"column":34},"end":{"line":64,"column":36}}],"line":64},"8":{"loc":{"start":{"line":90,"column":4},"end":{"line":92,"column":5}},"type":"if","locations":[{"start":{"line":90,"column":4},"end":{"line":92,"column":5}},{"start":{},"end":{}}],"line":90},"9":{"loc":{"start":{"line":95,"column":4},"end":{"line":100,"column":5}},"type":"if","locations":[{"start":{"line":95,"column":4},"end":{"line":100,"column":5}},{"start":{},"end":{}}],"line":95},"10":{"loc":{"start":{"line":95,"column":8},"end":{"line":95,"column":37}},"type":"binary-expr","locations":[{"start":{"line":95,"column":8},"end":{"line":95,"column":13}},{"start":{"line":95,"column":17},"end":{"line":95,"column":37}}],"line":95},"11":{"loc":{"start":{"line":97,"column":6},"end":{"line":99,"column":7}},"type":"if","locations":[{"start":{"line":97,"column":6},"end":{"line":99,"column":7}},{"start":{},"end":{}}],"line":97},"12":{"loc":{"start":{"line":103,"column":4},"end":{"line":105,"column":5}},"type":"if","locations":[{"start":{"line":103,"column":4},"end":{"line":105,"column":5}},{"start":{},"end":{}}],"line":103},"13":{"loc":{"start":{"line":103,"column":8},"end":{"line":103,"column":39}},"type":"binary-expr","locations":[{"start":{"line":103,"column":8},"end":{"line":103,"column":16}},{"start":{"line":103,"column":20},"end":{"line":103,"column":39}}],"line":103},"14":{"loc":{"start":{"line":109,"column":4},"end":{"line":109,"column":37}},"type":"if","locations":[{"start":{"line":109,"column":4},"end":{"line":109,"column":37}},{"start":{},"end":{}}],"line":109},"15":{"loc":{"start":{"line":110,"column":4},"end":{"line":110,"column":40}},"type":"if","locations":[{"start":{"line":110,"column":4},"end":{"line":110,"column":40}},{"start":{},"end":{}}],"line":110},"16":{"loc":{"start":{"line":111,"column":4},"end":{"line":111,"column":49}},"type":"if","locations":[{"start":{"line":111,"column":4},"end":{"line":111,"column":49}},{"start":{},"end":{}}],"line":111},"17":{"loc":{"start":{"line":112,"column":4},"end":{"line":112,"column":37}},"type":"if","locations":[{"start":{"line":112,"column":4},"end":{"line":112,"column":37}},{"start":{},"end":{}}],"line":112},"18":{"loc":{"start":{"line":113,"column":4},"end":{"line":113,"column":55}},"type":"if","locations":[{"start":{"line":113,"column":4},"end":{"line":113,"column":55}},{"start":{},"end":{}}],"line":113},"19":{"loc":{"start":{"line":114,"column":4},"end":{"line":114,"column":40}},"type":"if","locations":[{"start":{"line":114,"column":4},"end":{"line":114,"column":40}},{"start":{},"end":{}}],"line":114},"20":{"loc":{"start":{"line":115,"column":4},"end":{"line":115,"column":43}},"type":"if","locations":[{"start":{"line":115,"column":4},"end":{"line":115,"column":43}},{"start":{},"end":{}}],"line":115},"21":{"loc":{"start":{"line":116,"column":4},"end":{"line":116,"column":58}},"type":"if","locations":[{"start":{"line":116,"column":4},"end":{"line":116,"column":58}},{"start":{},"end":{}}],"line":116},"22":{"loc":{"start":{"line":138,"column":4},"end":{"line":140,"column":5}},"type":"if","locations":[{"start":{"line":138,"column":4},"end":{"line":140,"column":5}},{"start":{},"end":{}}],"line":138},"23":{"loc":{"start":{"line":163,"column":4},"end":{"line":165,"column":5}},"type":"if","locations":[{"start":{"line":163,"column":4},"end":{"line":165,"column":5}},{"start":{},"end":{}}],"line":163},"24":{"loc":{"start":{"line":163,"column":8},"end":{"line":163,"column":67}},"type":"binary-expr","locations":[{"start":{"line":163,"column":8},"end":{"line":163,"column":16}},{"start":{"line":163,"column":20},"end":{"line":163,"column":43}},{"start":{"line":163,"column":47},"end":{"line":163,"column":67}}],"line":163},"25":{"loc":{"start":{"line":169,"column":4},"end":{"line":181,"column":5}},"type":"switch","locations":[{"start":{"line":170,"column":6},"end":{"line":172,"column":14}},{"start":{"line":173,"column":6},"end":{"line":175,"column":14}},{"start":{"line":176,"column":6},"end":{"line":178,"column":14}},{"start":{"line":179,"column":6},"end":{"line":180,"column":67}}],"line":169},"26":{"loc":{"start":{"line":203,"column":4},"end":{"line":205,"column":5}},"type":"if","locations":[{"start":{"line":203,"column":4},"end":{"line":205,"column":5}},{"start":{},"end":{}}],"line":203},"27":{"loc":{"start":{"line":203,"column":8},"end":{"line":203,"column":67}},"type":"binary-expr","locations":[{"start":{"line":203,"column":8},"end":{"line":203,"column":16}},{"start":{"line":203,"column":20},"end":{"line":203,"column":43}},{"start":{"line":203,"column":47},"end":{"line":203,"column":67}}],"line":203}},"s":{"0":0,"1":0,"2":0,"3":0,"4":0,"5":0,"6":0,"7":0,"8":0,"9":0,"10":0,"11":0,"12":0,"13":0,"14":0,"15":0,"16":0,"17":0,"18":0,"19":0,"20":0,"21":0,"22":0,"23":0,"24":0,"25":0,"26":0,"27":0,"28":0,"29":0,"30":0,"31":0,"32":0,"33":0,"34":0,"35":0,"36":0,"37":0,"38":0,"39":0,"40":0,"41":0,"42":0,"43":0,"44":0,"45":0,"46":0,"47":0,"48":0,"49":0,"50":0,"51":0,"52":0,"53":0,"54":0,"55":0,"56":0,"57":0,"58":0,"59":0,"60":0,"61":0,"62":0,"63":0,"64":0,"65":0,"66":0,"67":0,"68":0,"69":0,"70":0,"71":0,"72":0,"73":0,"74":0,"75":0,"76":0,"77":0,"78":0,"79":0,"80":0,"81":0,"82":0,"83":0,"84":0,"85":0,"86":0,"87":0,"88":0,"89":0,"90":0,"91":0,"92":0,"93":0,"94":0,"95":0,"96":0,"97":0,"98":0,"99":0,"100":0,"101":0,"102":0},"f":{"0":0,"1":0,"2":0,"3":0,"4":0,"5":0,"6":0},"b":{"0":[0,0],"1":[0,0],"2":[0,0,0],"3":[0,0],"4":[0,0],"5":[0,0],"6":[0,0],"7":[0,0],"8":[0,0],"9":[0,0],"10":[0,0],"11":[0,0],"12":[0,0],"13":[0,0],"14":[0,0],"15":[0,0],"16":[0,0],"17":[0,0],"18":[0,0],"19":[0,0],"20":[0,0],"21":[0,0],"22":[0,0],"23":[0,0],"24":[0,0,0],"25":[0,0,0,0],"26":[0,0],"27":[0,0,0]}}
,"C:\\Users\\Denisse\\Downloads\\audiconflow\\backend\\scripts\\createAdmin.js": {"path":"C:\\Users\\Denisse\\Downloads\\audiconflow\\backend\\scripts\\createAdmin.js","statementMap":{"0":{"start":{"line":5,"column":0},"end":{"line":5,"column":16}},"1":{"start":{"line":7,"column":24},"end":{"line":50,"column":1}},"2":{"start":{"line":8,"column":2},"end":{"line":49,"column":3}},"3":{"start":{"line":10,"column":4},"end":{"line":13,"column":7}},"4":{"start":{"line":15,"column":4},"end":{"line":15,"column":41}},"5":{"start":{"line":18,"column":26},"end":{"line":18,"column":63}},"6":{"start":{"line":20,"column":4},"end":{"line":23,"column":5}},"7":{"start":{"line":21,"column":6},"end":{"line":21,"column":72}},"8":{"start":{"line":22,"column":6},"end":{"line":22,"column":13}},"9":{"start":{"line":26,"column":22},"end":{"line":35,"column":6}},"10":{"start":{"line":37,"column":4},"end":{"line":37,"column":27}},"11":{"start":{"line":39,"column":4},"end":{"line":39,"column":57}},"12":{"start":{"line":40,"column":4},"end":{"line":40,"column":51}},"13":{"start":{"line":41,"column":4},"end":{"line":41,"column":41}},"14":{"start":{"line":42,"column":4},"end":{"line":42,"column":33}},"15":{"start":{"line":45,"column":4},"end":{"line":45,"column":37}},"16":{"start":{"line":47,"column":4},"end":{"line":47,"column":38}},"17":{"start":{"line":48,"column":4},"end":{"line":48,"column":39}},"18":{"start":{"line":52,"column":0},"end":{"line":52,"column":18}}},"fnMap":{"0":{"name":"(anonymous_0)","decl":{"start":{"line":7,"column":24},"end":{"line":7,"column":25}},"loc":{"start":{"line":7,"column":36},"end":{"line":50,"column":1}},"line":7}},"branchMap":{"0":{"loc":{"start":{"line":10,"column":27},"end":{"line":10,"column":91}},"type":"binary-expr","locations":[{"start":{"line":10,"column":27},"end":{"line":10,"column":48}},{"start":{"line":10,"column":52},"end":{"line":10,"column":91}}],"line":10},"1":{"loc":{"start":{"line":20,"column":4},"end":{"line":23,"column":5}},"type":"if","locations":[{"start":{"line":20,"column":4},"end":{"line":23,"column":5}},{"start":{},"end":{}}],"line":20}},"s":{"0":0,"1":0,"2":0,"3":0,"4":0,"5":0,"6":0,"7":0,"8":0,"9":0,"10":0,"11":0,"12":0,"13":0,"14":0,"15":0,"16":0,"17":0,"18":0},"f":{"0":0},"b":{"0":[0,0],"1":[0,0]}}
,"C:\\Users\\Denisse\\Downloads\\audiconflow\\backend\\scripts\\seendUsers.js": {"path":"C:\\Users\\Denisse\\Downloads\\audiconflow\\backend\\scripts\\seendUsers.js","statementMap":{"0":{"start":{"line":5,"column":0},"end":{"line":8,"column":3}},"1":{"start":{"line":11,"column":19},"end":{"line":18,"column":1}},"2":{"start":{"line":20,"column":13},"end":{"line":20,"column":56}},"3":{"start":{"line":22,"column":18},"end":{"line":58,"column":1}},"4":{"start":{"line":23,"column":2},"end":{"line":57,"column":3}},"5":{"start":{"line":25,"column":4},"end":{"line":25,"column":30}},"6":{"start":{"line":28,"column":23},"end":{"line":28,"column":25}},"7":{"start":{"line":29,"column":24},"end":{"line":29,"column":67}},"8":{"start":{"line":30,"column":27},"end":{"line":30,"column":73}},"9":{"start":{"line":31,"column":22},"end":{"line":31,"column":63}},"10":{"start":{"line":34,"column":4},"end":{"line":50,"column":7}},"11":{"start":{"line":52,"column":4},"end":{"line":52,"column":117}},"12":{"start":{"line":53,"column":4},"end":{"line":53,"column":19}},"13":{"start":{"line":55,"column":4},"end":{"line":55,"column":91}},"14":{"start":{"line":56,"column":4},"end":{"line":56,"column":20}},"15":{"start":{"line":60,"column":0},"end":{"line":60,"column":12}}},"fnMap":{"0":{"name":"(anonymous_0)","decl":{"start":{"line":22,"column":18},"end":{"line":22,"column":19}},"loc":{"start":{"line":22,"column":30},"end":{"line":58,"column":1}},"line":22}},"branchMap":{},"s":{"0":0,"1":0,"2":0,"3":0,"4":0,"5":0,"6":0,"7":0,"8":0,"9":0,"10":0,"11":0,"12":0,"13":0,"14":0,"15":0},"f":{"0":0},"b":{}}
}
