{"C:\\Users\\Denisse\\Downloads\\audiconflow\\backend\\clean-audits.js": {"path":"C:\\Users\\Denisse\\Downloads\\audiconflow\\backend\\clean-audits.js","statementMap":{"0":{"start":{"line":6,"column":0},"end":{"line":9,"column":3}},"1":{"start":{"line":12,"column":2},"end":{"line":44,"column":3}},"2":{"start":{"line":13,"column":4},"end":{"line":13,"column":50}},"3":{"start":{"line":16,"column":24},"end":{"line":16,"column":52}},"4":{"start":{"line":17,"column":4},"end":{"line":17,"column":61}},"5":{"start":{"line":19,"column":4},"end":{"line":22,"column":5}},"6":{"start":{"line":20,"column":6},"end":{"line":20,"column":55}},"7":{"start":{"line":21,"column":6},"end":{"line":21,"column":13}},"8":{"start":{"line":25,"column":25},"end":{"line":25,"column":52}},"9":{"start":{"line":26,"column":4},"end":{"line":26,"column":58}},"10":{"start":{"line":27,"column":4},"end":{"line":29,"column":7}},"11":{"start":{"line":28,"column":6},"end":{"line":28,"column":90}},"12":{"start":{"line":32,"column":25},"end":{"line":32,"column":51}},"13":{"start":{"line":33,"column":4},"end":{"line":33,"column":74}},"14":{"start":{"line":36,"column":23},"end":{"line":36,"column":51}},"15":{"start":{"line":37,"column":4},"end":{"line":37,"column":58}},"16":{"start":{"line":40,"column":4},"end":{"line":40,"column":37}},"17":{"start":{"line":42,"column":4},"end":{"line":42,"column":32}},"18":{"start":{"line":43,"column":4},"end":{"line":43,"column":43}},"19":{"start":{"line":47,"column":0},"end":{"line":47,"column":14}}},"fnMap":{"0":{"name":"cleanAudits","decl":{"start":{"line":11,"column":15},"end":{"line":11,"column":26}},"loc":{"start":{"line":11,"column":29},"end":{"line":45,"column":1}},"line":11},"1":{"name":"(anonymous_1)","decl":{"start":{"line":27,"column":25},"end":{"line":27,"column":26}},"loc":{"start":{"line":27,"column":39},"end":{"line":29,"column":5}},"line":27}},"branchMap":{"0":{"loc":{"start":{"line":19,"column":4},"end":{"line":22,"column":5}},"type":"if","locations":[{"start":{"line":19,"column":4},"end":{"line":22,"column":5}},{"start":{},"end":{}}],"line":19},"1":{"loc":{"start":{"line":28,"column":29},"end":{"line":28,"column":54}},"type":"binary-expr","locations":[{"start":{"line":28,"column":29},"end":{"line":28,"column":42}},{"start":{"line":28,"column":46},"end":{"line":28,"column":54}}],"line":28},"2":{"loc":{"start":{"line":28,"column":60},"end":{"line":28,"column":86}},"type":"binary-expr","locations":[{"start":{"line":28,"column":60},"end":{"line":28,"column":70}},{"start":{"line":28,"column":74},"end":{"line":28,"column":86}}],"line":28}},"s":{"0":0,"1":0,"2":0,"3":0,"4":0,"5":0,"6":0,"7":0,"8":0,"9":0,"10":0,"11":0,"12":0,"13":0,"14":0,"15":0,"16":0,"17":0,"18":0,"19":0},"f":{"0":0,"1":0},"b":{"0":[0,0],"1":[0,0],"2":[0,0]}}
,"C:\\Users\\Denisse\\Downloads\\audiconflow\\backend\\create-test-user.js": {"path":"C:\\Users\\Denisse\\Downloads\\audiconflow\\backend\\create-test-user.js","statementMap":{"0":{"start":{"line":5,"column":23},"end":{"line":58,"column":1}},"1":{"start":{"line":6,"column":2},"end":{"line":57,"column":3}},"2":{"start":{"line":8,"column":4},"end":{"line":8,"column":68}},"3":{"start":{"line":9,"column":4},"end":{"line":9,"column":41}},"4":{"start":{"line":12,"column":4},"end":{"line":12,"column":66}},"5":{"start":{"line":13,"column":4},"end":{"line":13,"column":50}},"6":{"start":{"line":16,"column":21},"end":{"line":16,"column":29}},"7":{"start":{"line":17,"column":27},"end":{"line":17,"column":58}},"8":{"start":{"line":19,"column":4},"end":{"line":19,"column":53}},"9":{"start":{"line":20,"column":4},"end":{"line":20,"column":59}},"10":{"start":{"line":23,"column":20},"end":{"line":32,"column":6}},"11":{"start":{"line":35,"column":4},"end":{"line":35,"column":34}},"12":{"start":{"line":37,"column":4},"end":{"line":37,"column":25}},"13":{"start":{"line":38,"column":4},"end":{"line":38,"column":49}},"14":{"start":{"line":41,"column":22},"end":{"line":41,"column":81}},"15":{"start":{"line":42,"column":4},"end":{"line":46,"column":7}},"16":{"start":{"line":49,"column":20},"end":{"line":49,"column":70}},"17":{"start":{"line":50,"column":4},"end":{"line":50,"column":69}},"18":{"start":{"line":53,"column":4},"end":{"line":53,"column":37}},"19":{"start":{"line":55,"column":4},"end":{"line":55,"column":38}},"20":{"start":{"line":56,"column":4},"end":{"line":56,"column":39}},"21":{"start":{"line":60,"column":0},"end":{"line":60,"column":17}}},"fnMap":{"0":{"name":"(anonymous_0)","decl":{"start":{"line":5,"column":23},"end":{"line":5,"column":24}},"loc":{"start":{"line":5,"column":35},"end":{"line":58,"column":1}},"line":5}},"branchMap":{"0":{"loc":{"start":{"line":50,"column":34},"end":{"line":50,"column":65}},"type":"cond-expr","locations":[{"start":{"line":50,"column":44},"end":{"line":50,"column":53}},{"start":{"line":50,"column":56},"end":{"line":50,"column":65}}],"line":50}},"s":{"0":0,"1":0,"2":0,"3":0,"4":0,"5":0,"6":0,"7":0,"8":0,"9":0,"10":0,"11":0,"12":0,"13":0,"14":0,"15":0,"16":0,"17":0,"18":0,"19":0,"20":0,"21":0},"f":{"0":0},"b":{"0":[0,0]}}
,"C:\\Users\\Denisse\\Downloads\\audiconflow\\backend\\fix-denisse-password.js": {"path":"C:\\Users\\Denisse\\Downloads\\audiconflow\\backend\\fix-denisse-password.js","statementMap":{"0":{"start":{"line":5,"column":27},"end":{"line":61,"column":1}},"1":{"start":{"line":6,"column":2},"end":{"line":60,"column":3}},"2":{"start":{"line":8,"column":4},"end":{"line":8,"column":68}},"3":{"start":{"line":9,"column":4},"end":{"line":9,"column":41}},"4":{"start":{"line":12,"column":17},"end":{"line":12,"column":76}},"5":{"start":{"line":14,"column":4},"end":{"line":17,"column":5}},"6":{"start":{"line":15,"column":6},"end":{"line":15,"column":53}},"7":{"start":{"line":16,"column":6},"end":{"line":16,"column":13}},"8":{"start":{"line":19,"column":4},"end":{"line":19,"column":54}},"9":{"start":{"line":20,"column":4},"end":{"line":20,"column":54}},"10":{"start":{"line":23,"column":28},"end":{"line":23,"column":41}},"11":{"start":{"line":26,"column":21},"end":{"line":26,"column":93}},"12":{"start":{"line":28,"column":4},"end":{"line":53,"column":5}},"13":{"start":{"line":29,"column":6},"end":{"line":29,"column":54}},"14":{"start":{"line":32,"column":28},"end":{"line":32,"column":63}},"15":{"start":{"line":34,"column":6},"end":{"line":37,"column":7}},"16":{"start":{"line":35,"column":22},"end":{"line":35,"column":68}},"17":{"start":{"line":36,"column":8},"end":{"line":36,"column":81}},"18":{"start":{"line":39,"column":6},"end":{"line":39,"column":74}},"19":{"start":{"line":42,"column":29},"end":{"line":42,"column":67}},"20":{"start":{"line":45,"column":6},"end":{"line":45,"column":75}},"21":{"start":{"line":47,"column":6},"end":{"line":47,"column":57}},"22":{"start":{"line":48,"column":6},"end":{"line":48,"column":52}},"23":{"start":{"line":51,"column":20},"end":{"line":51,"column":73}},"24":{"start":{"line":52,"column":6},"end":{"line":52,"column":71}},"25":{"start":{"line":56,"column":4},"end":{"line":56,"column":37}},"26":{"start":{"line":58,"column":4},"end":{"line":58,"column":38}},"27":{"start":{"line":59,"column":4},"end":{"line":59,"column":39}},"28":{"start":{"line":63,"column":0},"end":{"line":63,"column":21}}},"fnMap":{"0":{"name":"(anonymous_0)","decl":{"start":{"line":5,"column":27},"end":{"line":5,"column":28}},"loc":{"start":{"line":5,"column":39},"end":{"line":61,"column":1}},"line":5}},"branchMap":{"0":{"loc":{"start":{"line":14,"column":4},"end":{"line":17,"column":5}},"type":"if","locations":[{"start":{"line":14,"column":4},"end":{"line":17,"column":5}},{"start":{},"end":{}}],"line":14},"1":{"loc":{"start":{"line":26,"column":21},"end":{"line":26,"column":93}},"type":"binary-expr","locations":[{"start":{"line":26,"column":21},"end":{"line":26,"column":55}},{"start":{"line":26,"column":59},"end":{"line":26,"column":93}}],"line":26},"2":{"loc":{"start":{"line":28,"column":4},"end":{"line":53,"column":5}},"type":"if","locations":[{"start":{"line":28,"column":4},"end":{"line":53,"column":5}},{"start":{"line":38,"column":11},"end":{"line":53,"column":5}}],"line":28},"3":{"loc":{"start":{"line":36,"column":45},"end":{"line":36,"column":77}},"type":"cond-expr","locations":[{"start":{"line":36,"column":53},"end":{"line":36,"column":62}},{"start":{"line":36,"column":65},"end":{"line":36,"column":77}}],"line":36},"4":{"loc":{"start":{"line":52,"column":38},"end":{"line":52,"column":67}},"type":"cond-expr","locations":[{"start":{"line":52,"column":46},"end":{"line":52,"column":55}},{"start":{"line":52,"column":58},"end":{"line":52,"column":67}}],"line":52}},"s":{"0":0,"1":0,"2":0,"3":0,"4":0,"5":0,"6":0,"7":0,"8":0,"9":0,"10":0,"11":0,"12":0,"13":0,"14":0,"15":0,"16":0,"17":0,"18":0,"19":0,"20":0,"21":0,"22":0,"23":0,"24":0,"25":0,"26":0,"27":0,"28":0},"f":{"0":0},"b":{"0":[0,0],"1":[0,0],"2":[0,0],"3":[0,0],"4":[0,0]}}
,"C:\\Users\\Denisse\\Downloads\\audiconflow\\backend\\server.js": {"path":"C:\\Users\\Denisse\\Downloads\\audiconflow\\backend\\server.js","statementMap":{"0":{"start":{"line":10,"column":0},"end":{"line":10,"column":16}},"1":{"start":{"line":12,"column":12},"end":{"line":12,"column":21}},"2":{"start":{"line":13,"column":0},"end":{"line":13,"column":16}},"3":{"start":{"line":14,"column":0},"end":{"line":14,"column":24}},"4":{"start":{"line":17,"column":18},"end":{"line":29,"column":1}},"5":{"start":{"line":18,"column":2},"end":{"line":28,"column":3}},"6":{"start":{"line":19,"column":4},"end":{"line":22,"column":7}},"7":{"start":{"line":23,"column":4},"end":{"line":23,"column":41}},"8":{"start":{"line":25,"column":4},"end":{"line":25,"column":65}},"9":{"start":{"line":26,"column":4},"end":{"line":26,"column":61}},"10":{"start":{"line":27,"column":4},"end":{"line":27,"column":32}},"11":{"start":{"line":31,"column":0},"end":{"line":31,"column":12}},"12":{"start":{"line":34,"column":0},"end":{"line":34,"column":28}},"13":{"start":{"line":37,"column":0},"end":{"line":37,"column":30}},"14":{"start":{"line":40,"column":0},"end":{"line":40,"column":28}},"15":{"start":{"line":43,"column":0},"end":{"line":43,"column":36}},"16":{"start":{"line":45,"column":13},"end":{"line":45,"column":37}},"17":{"start":{"line":46,"column":0},"end":{"line":53,"column":3}},"18":{"start":{"line":47,"column":2},"end":{"line":47,"column":67}},"19":{"start":{"line":48,"column":2},"end":{"line":48,"column":89}},"20":{"start":{"line":49,"column":2},"end":{"line":49,"column":43}},"21":{"start":{"line":50,"column":2},"end":{"line":50,"column":62}},"22":{"start":{"line":51,"column":2},"end":{"line":51,"column":57}},"23":{"start":{"line":52,"column":2},"end":{"line":52,"column":66}}},"fnMap":{"0":{"name":"(anonymous_0)","decl":{"start":{"line":17,"column":18},"end":{"line":17,"column":19}},"loc":{"start":{"line":17,"column":30},"end":{"line":29,"column":1}},"line":17},"1":{"name":"(anonymous_1)","decl":{"start":{"line":46,"column":17},"end":{"line":46,"column":18}},"loc":{"start":{"line":46,"column":23},"end":{"line":53,"column":1}},"line":46}},"branchMap":{"0":{"loc":{"start":{"line":19,"column":27},"end":{"line":19,"column":91}},"type":"binary-expr","locations":[{"start":{"line":19,"column":27},"end":{"line":19,"column":48}},{"start":{"line":19,"column":52},"end":{"line":19,"column":91}}],"line":19},"1":{"loc":{"start":{"line":45,"column":13},"end":{"line":45,"column":37}},"type":"binary-expr","locations":[{"start":{"line":45,"column":13},"end":{"line":45,"column":29}},{"start":{"line":45,"column":33},"end":{"line":45,"column":37}}],"line":45}},"s":{"0":0,"1":0,"2":0,"3":0,"4":0,"5":0,"6":0,"7":0,"8":0,"9":0,"10":0,"11":0,"12":0,"13":0,"14":0,"15":0,"16":0,"17":0,"18":0,"19":0,"20":0,"21":0,"22":0,"23":0},"f":{"0":0,"1":0},"b":{"0":[0,0],"1":[0,0]}}
,"C:\\Users\\Denisse\\Downloads\\audiconflow\\backend\\test-db-connection.js": {"path":"C:\\Users\\Denisse\\Downloads\\audiconflow\\backend\\test-db-connection.js","statementMap":{"0":{"start":{"line":3,"column":23},"end":{"line":35,"column":1}},"1":{"start":{"line":4,"column":2},"end":{"line":34,"column":3}},"2":{"start":{"line":5,"column":4},"end":{"line":5,"column":93}},"3":{"start":{"line":6,"column":4},"end":{"line":6,"column":41}},"4":{"start":{"line":9,"column":18},"end":{"line":12,"column":16}},"5":{"start":{"line":14,"column":4},"end":{"line":14,"column":58}},"6":{"start":{"line":15,"column":4},"end":{"line":17,"column":7}},"7":{"start":{"line":16,"column":6},"end":{"line":16,"column":109}},"8":{"start":{"line":20,"column":19},"end":{"line":23,"column":16}},"9":{"start":{"line":25,"column":4},"end":{"line":25,"column":57}},"10":{"start":{"line":26,"column":4},"end":{"line":28,"column":7}},"11":{"start":{"line":27,"column":6},"end":{"line":27,"column":73}},"12":{"start":{"line":31,"column":4},"end":{"line":31,"column":58}},"13":{"start":{"line":33,"column":4},"end":{"line":33,"column":38}},"14":{"start":{"line":37,"column":0},"end":{"line":37,"column":17}}},"fnMap":{"0":{"name":"(anonymous_0)","decl":{"start":{"line":3,"column":23},"end":{"line":3,"column":24}},"loc":{"start":{"line":3,"column":35},"end":{"line":35,"column":1}},"line":3},"1":{"name":"(anonymous_1)","decl":{"start":{"line":15,"column":18},"end":{"line":15,"column":19}},"loc":{"start":{"line":15,"column":26},"end":{"line":17,"column":5}},"line":15},"2":{"name":"(anonymous_2)","decl":{"start":{"line":26,"column":19},"end":{"line":26,"column":20}},"loc":{"start":{"line":26,"column":28},"end":{"line":28,"column":5}},"line":26}},"branchMap":{"0":{"loc":{"start":{"line":5,"column":27},"end":{"line":5,"column":91}},"type":"binary-expr","locations":[{"start":{"line":5,"column":27},"end":{"line":5,"column":48}},{"start":{"line":5,"column":52},"end":{"line":5,"column":91}}],"line":5},"1":{"loc":{"start":{"line":16,"column":74},"end":{"line":16,"column":105}},"type":"binary-expr","locations":[{"start":{"line":16,"column":74},"end":{"line":16,"column":96}},{"start":{"line":16,"column":100},"end":{"line":16,"column":105}}],"line":16}},"s":{"0":0,"1":0,"2":0,"3":0,"4":0,"5":0,"6":0,"7":0,"8":0,"9":0,"10":0,"11":0,"12":0,"13":0,"14":0},"f":{"0":0,"1":0,"2":0},"b":{"0":[0,0],"1":[0,0]}}
,"C:\\Users\\Denisse\\Downloads\\audiconflow\\backend\\test-login.js": {"path":"C:\\Users\\Denisse\\Downloads\\audiconflow\\backend\\test-login.js","statementMap":{"0":{"start":{"line":5,"column":18},"end":{"line":60,"column":1}},"1":{"start":{"line":6,"column":2},"end":{"line":59,"column":3}},"2":{"start":{"line":8,"column":4},"end":{"line":8,"column":68}},"3":{"start":{"line":9,"column":4},"end":{"line":9,"column":41}},"4":{"start":{"line":12,"column":18},"end":{"line":12,"column":37}},"5":{"start":{"line":13,"column":4},"end":{"line":13,"column":52}},"6":{"start":{"line":15,"column":4},"end":{"line":21,"column":7}},"7":{"start":{"line":16,"column":6},"end":{"line":16,"column":48}},"8":{"start":{"line":17,"column":6},"end":{"line":17,"column":44}},"9":{"start":{"line":18,"column":6},"end":{"line":18,"column":42}},"10":{"start":{"line":19,"column":6},"end":{"line":19,"column":55}},"11":{"start":{"line":20,"column":6},"end":{"line":20,"column":46}},"12":{"start":{"line":24,"column":22},"end":{"line":24,"column":50}},"13":{"start":{"line":25,"column":25},"end":{"line":25,"column":33}},"14":{"start":{"line":27,"column":4},"end":{"line":27,"column":44}},"15":{"start":{"line":28,"column":4},"end":{"line":28,"column":41}},"16":{"start":{"line":29,"column":4},"end":{"line":29,"column":47}},"17":{"start":{"line":31,"column":19},"end":{"line":31,"column":59}},"18":{"start":{"line":33,"column":4},"end":{"line":52,"column":5}},"19":{"start":{"line":34,"column":6},"end":{"line":34,"column":42}},"20":{"start":{"line":35,"column":6},"end":{"line":35,"column":54}},"21":{"start":{"line":37,"column":22},"end":{"line":37,"column":73}},"22":{"start":{"line":38,"column":6},"end":{"line":38,"column":50}},"23":{"start":{"line":40,"column":6},"end":{"line":49,"column":7}},"24":{"start":{"line":41,"column":8},"end":{"line":41,"column":51}},"25":{"start":{"line":44,"column":27},"end":{"line":44,"column":62}},"26":{"start":{"line":45,"column":8},"end":{"line":45,"column":52}},"27":{"start":{"line":47,"column":28},"end":{"line":47,"column":74}},"28":{"start":{"line":48,"column":8},"end":{"line":48,"column":54}},"29":{"start":{"line":51,"column":6},"end":{"line":51,"column":45}},"30":{"start":{"line":55,"column":4},"end":{"line":55,"column":37}},"31":{"start":{"line":57,"column":4},"end":{"line":57,"column":38}},"32":{"start":{"line":58,"column":4},"end":{"line":58,"column":39}},"33":{"start":{"line":62,"column":0},"end":{"line":62,"column":12}}},"fnMap":{"0":{"name":"(anonymous_0)","decl":{"start":{"line":5,"column":18},"end":{"line":5,"column":19}},"loc":{"start":{"line":5,"column":30},"end":{"line":60,"column":1}},"line":5},"1":{"name":"(anonymous_1)","decl":{"start":{"line":15,"column":18},"end":{"line":15,"column":19}},"loc":{"start":{"line":15,"column":35},"end":{"line":21,"column":5}},"line":15}},"branchMap":{"0":{"loc":{"start":{"line":33,"column":4},"end":{"line":52,"column":5}},"type":"if","locations":[{"start":{"line":33,"column":4},"end":{"line":52,"column":5}},{"start":{"line":50,"column":11},"end":{"line":52,"column":5}}],"line":33},"1":{"loc":{"start":{"line":40,"column":6},"end":{"line":49,"column":7}},"type":"if","locations":[{"start":{"line":40,"column":6},"end":{"line":49,"column":7}},{"start":{},"end":{}}],"line":40}},"s":{"0":0,"1":0,"2":0,"3":0,"4":0,"5":0,"6":0,"7":0,"8":0,"9":0,"10":0,"11":0,"12":0,"13":0,"14":0,"15":0,"16":0,"17":0,"18":0,"19":0,"20":0,"21":0,"22":0,"23":0,"24":0,"25":0,"26":0,"27":0,"28":0,"29":0,"30":0,"31":0,"32":0,"33":0},"f":{"0":0,"1":0},"b":{"0":[0,0],"1":[0,0]}}
,"C:\\Users\\Denisse\\Downloads\\audiconflow\\backend\\models\\Audit.js": {"path":"C:\\Users\\Denisse\\Downloads\\audiconflow\\backend\\models\\Audit.js","statementMap":{"0":{"start":{"line":3,"column":20},"end":{"line":90,"column":2}},"1":{"start":{"line":93,"column":0},"end":{"line":93,"column":34}},"2":{"start":{"line":94,"column":0},"end":{"line":94,"column":31}},"3":{"start":{"line":95,"column":0},"end":{"line":95,"column":33}},"4":{"start":{"line":96,"column":0},"end":{"line":96,"column":35}},"5":{"start":{"line":97,"column":0},"end":{"line":97,"column":34}},"6":{"start":{"line":98,"column":0},"end":{"line":98,"column":36}},"7":{"start":{"line":100,"column":14},"end":{"line":100,"column":50}}},"fnMap":{},"branchMap":{},"s":{"0":1,"1":1,"2":1,"3":1,"4":1,"5":1,"6":1,"7":1},"f":{},"b":{},"_coverageSchema":"1a1c01bbd47fc00a2c39e90264f33305004495a9","hash":"762b1fe12f716b517856109fa30078fe56254901"}
,"C:\\Users\\Denisse\\Downloads\\audiconflow\\backend\\models\\Users.js": {"path":"C:\\Users\\Denisse\\Downloads\\audiconflow\\backend\\models\\Users.js","statementMap":{"0":{"start":{"line":4,"column":19},"end":{"line":23,"column":2}},"1":{"start":{"line":26,"column":0},"end":{"line":30,"column":3}},"2":{"start":{"line":27,"column":2},"end":{"line":27,"column":50}},"3":{"start":{"line":27,"column":36},"end":{"line":27,"column":50}},"4":{"start":{"line":28,"column":2},"end":{"line":28,"column":55}},"5":{"start":{"line":29,"column":2},"end":{"line":29,"column":9}},"6":{"start":{"line":32,"column":13},"end":{"line":32,"column":47}}},"fnMap":{"0":{"name":"(anonymous_0)","decl":{"start":{"line":26,"column":23},"end":{"line":26,"column":24}},"loc":{"start":{"line":26,"column":45},"end":{"line":30,"column":1}},"line":26}},"branchMap":{"0":{"loc":{"start":{"line":27,"column":2},"end":{"line":27,"column":50}},"type":"if","locations":[{"start":{"line":27,"column":2},"end":{"line":27,"column":50}},{"start":{},"end":{}}],"line":27}},"s":{"0":2,"1":2,"2":0,"3":0,"4":0,"5":0,"6":2},"f":{"0":0},"b":{"0":[0,0]},"_coverageSchema":"1a1c01bbd47fc00a2c39e90264f33305004495a9","hash":"eaeb7567df2b79031d7e27a6031bfe5c8b16aa21"}
,"C:\\Users\\Denisse\\Downloads\\audiconflow\\backend\\routes\\audits.js": {"path":"C:\\Users\\Denisse\\Downloads\\audiconflow\\backend\\routes\\audits.js","statementMap":{"0":{"start":{"line":3,"column":15},"end":{"line":3,"column":31}},"1":{"start":{"line":6,"column":0},"end":{"line":47,"column":3}},"2":{"start":{"line":7,"column":2},"end":{"line":46,"column":3}},"3":{"start":{"line":8,"column":89},"end":{"line":8,"column":97}},"4":{"start":{"line":11,"column":4},"end":{"line":16,"column":5}},"5":{"start":{"line":12,"column":6},"end":{"line":15,"column":9}},"6":{"start":{"line":19,"column":21},"end":{"line":30,"column":6}},"7":{"start":{"line":32,"column":23},"end":{"line":32,"column":44}},"8":{"start":{"line":34,"column":4},"end":{"line":38,"column":7}},"9":{"start":{"line":41,"column":4},"end":{"line":41,"column":50}},"10":{"start":{"line":42,"column":4},"end":{"line":45,"column":7}},"11":{"start":{"line":50,"column":0},"end":{"line":93,"column":3}},"12":{"start":{"line":51,"column":2},"end":{"line":92,"column":3}},"13":{"start":{"line":52,"column":42},"end":{"line":52,"column":51}},"14":{"start":{"line":55,"column":17},"end":{"line":63,"column":5}},"15":{"start":{"line":66,"column":4},"end":{"line":68,"column":5}},"16":{"start":{"line":67,"column":6},"end":{"line":67,"column":60}},"17":{"start":{"line":70,"column":4},"end":{"line":72,"column":5}},"18":{"start":{"line":71,"column":6},"end":{"line":71,"column":64}},"19":{"start":{"line":74,"column":4},"end":{"line":76,"column":5}},"20":{"start":{"line":75,"column":6},"end":{"line":75,"column":62}},"21":{"start":{"line":78,"column":19},"end":{"line":78,"column":67}},"22":{"start":{"line":80,"column":4},"end":{"line":84,"column":7}},"23":{"start":{"line":87,"column":4},"end":{"line":87,"column":51}},"24":{"start":{"line":88,"column":4},"end":{"line":91,"column":7}},"25":{"start":{"line":96,"column":0},"end":{"line":156,"column":3}},"26":{"start":{"line":97,"column":2},"end":{"line":155,"column":3}},"27":{"start":{"line":99,"column":32},"end":{"line":107,"column":5}},"28":{"start":{"line":109,"column":24},"end":{"line":109,"column":71}},"29":{"start":{"line":110,"column":25},"end":{"line":110,"column":97}},"30":{"start":{"line":111,"column":26},"end":{"line":114,"column":6}},"31":{"start":{"line":115,"column":28},"end":{"line":115,"column":104}},"32":{"start":{"line":116,"column":27},"end":{"line":116,"column":104}},"33":{"start":{"line":118,"column":26},"end":{"line":121,"column":6}},"34":{"start":{"line":123,"column":22},"end":{"line":126,"column":6}},"35":{"start":{"line":128,"column":18},"end":{"line":142,"column":5}},"36":{"start":{"line":135,"column":8},"end":{"line":135,"column":49}},"37":{"start":{"line":136,"column":8},"end":{"line":136,"column":19}},"38":{"start":{"line":139,"column":8},"end":{"line":139,"column":35}},"39":{"start":{"line":140,"column":8},"end":{"line":140,"column":19}},"40":{"start":{"line":144,"column":4},"end":{"line":147,"column":7}},"41":{"start":{"line":150,"column":4},"end":{"line":150,"column":56}},"42":{"start":{"line":151,"column":4},"end":{"line":154,"column":7}},"43":{"start":{"line":159,"column":0},"end":{"line":188,"column":3}},"44":{"start":{"line":160,"column":2},"end":{"line":187,"column":3}},"45":{"start":{"line":161,"column":19},"end":{"line":161,"column":29}},"46":{"start":{"line":162,"column":18},"end":{"line":167,"column":6}},"47":{"start":{"line":169,"column":4},"end":{"line":174,"column":5}},"48":{"start":{"line":170,"column":6},"end":{"line":173,"column":9}},"49":{"start":{"line":176,"column":4},"end":{"line":179,"column":7}},"50":{"start":{"line":182,"column":4},"end":{"line":182,"column":50}},"51":{"start":{"line":183,"column":4},"end":{"line":186,"column":7}},"52":{"start":{"line":191,"column":0},"end":{"line":225,"column":3}},"53":{"start":{"line":192,"column":2},"end":{"line":224,"column":3}},"54":{"start":{"line":193,"column":19},"end":{"line":193,"column":29}},"55":{"start":{"line":194,"column":25},"end":{"line":203,"column":5}},"56":{"start":{"line":205,"column":4},"end":{"line":210,"column":5}},"57":{"start":{"line":206,"column":6},"end":{"line":209,"column":9}},"58":{"start":{"line":212,"column":4},"end":{"line":216,"column":7}},"59":{"start":{"line":219,"column":4},"end":{"line":219,"column":50}},"60":{"start":{"line":220,"column":4},"end":{"line":223,"column":7}},"61":{"start":{"line":228,"column":0},"end":{"line":257,"column":3}},"62":{"start":{"line":229,"column":2},"end":{"line":256,"column":3}},"63":{"start":{"line":230,"column":19},"end":{"line":230,"column":29}},"64":{"start":{"line":231,"column":25},"end":{"line":236,"column":6}},"65":{"start":{"line":238,"column":4},"end":{"line":243,"column":5}},"66":{"start":{"line":239,"column":6},"end":{"line":242,"column":9}},"67":{"start":{"line":245,"column":4},"end":{"line":248,"column":7}},"68":{"start":{"line":251,"column":4},"end":{"line":251,"column":50}},"69":{"start":{"line":252,"column":4},"end":{"line":255,"column":7}}},"fnMap":{"0":{"name":"(anonymous_0)","decl":{"start":{"line":6,"column":23},"end":{"line":6,"column":24}},"loc":{"start":{"line":6,"column":43},"end":{"line":47,"column":1}},"line":6},"1":{"name":"(anonymous_1)","decl":{"start":{"line":50,"column":16},"end":{"line":50,"column":17}},"loc":{"start":{"line":50,"column":36},"end":{"line":93,"column":1}},"line":50},"2":{"name":"(anonymous_2)","decl":{"start":{"line":96,"column":29},"end":{"line":96,"column":30}},"loc":{"start":{"line":96,"column":49},"end":{"line":156,"column":1}},"line":96},"3":{"name":"(anonymous_3)","decl":{"start":{"line":134,"column":39},"end":{"line":134,"column":40}},"loc":{"start":{"line":134,"column":54},"end":{"line":137,"column":7}},"line":134},"4":{"name":"(anonymous_4)","decl":{"start":{"line":138,"column":31},"end":{"line":138,"column":32}},"loc":{"start":{"line":138,"column":46},"end":{"line":141,"column":7}},"line":138},"5":{"name":"(anonymous_5)","decl":{"start":{"line":159,"column":19},"end":{"line":159,"column":20}},"loc":{"start":{"line":159,"column":39},"end":{"line":188,"column":1}},"line":159},"6":{"name":"(anonymous_6)","decl":{"start":{"line":191,"column":19},"end":{"line":191,"column":20}},"loc":{"start":{"line":191,"column":39},"end":{"line":225,"column":1}},"line":191},"7":{"name":"(anonymous_7)","decl":{"start":{"line":228,"column":22},"end":{"line":228,"column":23}},"loc":{"start":{"line":228,"column":42},"end":{"line":257,"column":1}},"line":228}},"branchMap":{"0":{"loc":{"start":{"line":11,"column":4},"end":{"line":16,"column":5}},"type":"if","locations":[{"start":{"line":11,"column":4},"end":{"line":16,"column":5}},{"start":{},"end":{}}],"line":11},"1":{"loc":{"start":{"line":11,"column":8},"end":{"line":11,"column":47}},"type":"binary-expr","locations":[{"start":{"line":11,"column":8},"end":{"line":11,"column":13}},{"start":{"line":11,"column":17},"end":{"line":11,"column":22}},{"start":{"line":11,"column":26},"end":{"line":11,"column":35}},{"start":{"line":11,"column":39},"end":{"line":11,"column":47}}],"line":11},"2":{"loc":{"start":{"line":24,"column":16},"end":{"line":24,"column":35}},"type":"binary-expr","locations":[{"start":{"line":24,"column":16},"end":{"line":24,"column":24}},{"start":{"line":24,"column":28},"end":{"line":24,"column":35}}],"line":24},"3":{"loc":{"start":{"line":26,"column":15},"end":{"line":26,"column":39}},"type":"binary-expr","locations":[{"start":{"line":26,"column":15},"end":{"line":26,"column":22}},{"start":{"line":26,"column":26},"end":{"line":26,"column":39}}],"line":26},"4":{"loc":{"start":{"line":27,"column":19},"end":{"line":27,"column":36}},"type":"binary-expr","locations":[{"start":{"line":27,"column":19},"end":{"line":27,"column":30}},{"start":{"line":27,"column":34},"end":{"line":27,"column":36}}],"line":27},"5":{"loc":{"start":{"line":28,"column":17},"end":{"line":28,"column":39}},"type":"binary-expr","locations":[{"start":{"line":28,"column":17},"end":{"line":28,"column":26}},{"start":{"line":28,"column":30},"end":{"line":28,"column":39}}],"line":28},"6":{"loc":{"start":{"line":66,"column":4},"end":{"line":68,"column":5}},"type":"if","locations":[{"start":{"line":66,"column":4},"end":{"line":68,"column":5}},{"start":{},"end":{}}],"line":66},"7":{"loc":{"start":{"line":70,"column":4},"end":{"line":72,"column":5}},"type":"if","locations":[{"start":{"line":70,"column":4},"end":{"line":72,"column":5}},{"start":{},"end":{}}],"line":70},"8":{"loc":{"start":{"line":74,"column":4},"end":{"line":76,"column":5}},"type":"if","locations":[{"start":{"line":74,"column":4},"end":{"line":76,"column":5}},{"start":{},"end":{}}],"line":74},"9":{"loc":{"start":{"line":169,"column":4},"end":{"line":174,"column":5}},"type":"if","locations":[{"start":{"line":169,"column":4},"end":{"line":174,"column":5}},{"start":{},"end":{}}],"line":169},"10":{"loc":{"start":{"line":205,"column":4},"end":{"line":210,"column":5}},"type":"if","locations":[{"start":{"line":205,"column":4},"end":{"line":210,"column":5}},{"start":{},"end":{}}],"line":205},"11":{"loc":{"start":{"line":238,"column":4},"end":{"line":243,"column":5}},"type":"if","locations":[{"start":{"line":238,"column":4},"end":{"line":243,"column":5}},{"start":{},"end":{}}],"line":238}},"s":{"0":1,"1":1,"2":3,"3":3,"4":3,"5":1,"6":2,"7":1,"8":1,"9":1,"10":1,"11":1,"12":3,"13":3,"14":3,"15":3,"16":1,"17":3,"18":0,"19":3,"20":0,"21":3,"22":2,"23":1,"24":1,"25":1,"26":1,"27":1,"28":1,"29":1,"30":1,"31":1,"32":1,"33":1,"34":1,"35":1,"36":3,"37":3,"38":3,"39":3,"40":1,"41":0,"42":0,"43":1,"44":2,"45":2,"46":2,"47":2,"48":1,"49":1,"50":0,"51":0,"52":1,"53":2,"54":2,"55":2,"56":2,"57":1,"58":1,"59":0,"60":0,"61":1,"62":2,"63":2,"64":2,"65":2,"66":1,"67":1,"68":0,"69":0},"f":{"0":3,"1":3,"2":1,"3":3,"4":3,"5":2,"6":2,"7":2},"b":{"0":[1,2],"1":[3,3,2,2],"2":[2,1],"3":[2,1],"4":[2,1],"5":[2,2],"6":[1,2],"7":[0,3],"8":[0,3],"9":[1,1],"10":[1,1],"11":[1,1]},"_coverageSchema":"1a1c01bbd47fc00a2c39e90264f33305004495a9","hash":"b29248f05b2d8a55991092859743cb57d654c334"}
,"C:\\Users\\Denisse\\Downloads\\audiconflow\\backend\\routes\\auth.js": {"path":"C:\\Users\\Denisse\\Downloads\\audiconflow\\backend\\routes\\auth.js","statementMap":{"0":{"start":{"line":5,"column":15},"end":{"line":5,"column":31}},"1":{"start":{"line":8,"column":0},"end":{"line":29,"column":3}},"2":{"start":{"line":9,"column":36},"end":{"line":9,"column":44}},"3":{"start":{"line":11,"column":2},"end":{"line":28,"column":3}},"4":{"start":{"line":12,"column":25},"end":{"line":12,"column":54}},"5":{"start":{"line":13,"column":4},"end":{"line":15,"column":5}},"6":{"start":{"line":14,"column":6},"end":{"line":14,"column":69}},"7":{"start":{"line":17,"column":20},"end":{"line":17,"column":55}},"8":{"start":{"line":18,"column":4},"end":{"line":18,"column":25}},"9":{"start":{"line":20,"column":4},"end":{"line":24,"column":7}},"10":{"start":{"line":26,"column":4},"end":{"line":26,"column":60}},"11":{"start":{"line":27,"column":4},"end":{"line":27,"column":60}},"12":{"start":{"line":32,"column":0},"end":{"line":65,"column":3}},"13":{"start":{"line":33,"column":29},"end":{"line":33,"column":37}},"14":{"start":{"line":35,"column":2},"end":{"line":64,"column":3}},"15":{"start":{"line":36,"column":4},"end":{"line":36,"column":67}},"16":{"start":{"line":38,"column":19},"end":{"line":40,"column":6}},"17":{"start":{"line":42,"column":4},"end":{"line":42,"column":113}},"18":{"start":{"line":44,"column":4},"end":{"line":46,"column":5}},"19":{"start":{"line":45,"column":6},"end":{"line":45,"column":70}},"20":{"start":{"line":48,"column":4},"end":{"line":48,"column":60}},"21":{"start":{"line":49,"column":20},"end":{"line":49,"column":67}},"22":{"start":{"line":50,"column":4},"end":{"line":50,"column":47}},"23":{"start":{"line":52,"column":4},"end":{"line":54,"column":5}},"24":{"start":{"line":53,"column":6},"end":{"line":53,"column":70}},"25":{"start":{"line":56,"column":4},"end":{"line":60,"column":7}},"26":{"start":{"line":62,"column":4},"end":{"line":62,"column":57}},"27":{"start":{"line":63,"column":4},"end":{"line":63,"column":60}}},"fnMap":{"0":{"name":"(anonymous_0)","decl":{"start":{"line":8,"column":25},"end":{"line":8,"column":26}},"loc":{"start":{"line":8,"column":45},"end":{"line":29,"column":1}},"line":8},"1":{"name":"(anonymous_1)","decl":{"start":{"line":32,"column":22},"end":{"line":32,"column":23}},"loc":{"start":{"line":32,"column":42},"end":{"line":65,"column":1}},"line":32}},"branchMap":{"0":{"loc":{"start":{"line":13,"column":4},"end":{"line":15,"column":5}},"type":"if","locations":[{"start":{"line":13,"column":4},"end":{"line":15,"column":5}},{"start":{},"end":{}}],"line":13},"1":{"loc":{"start":{"line":42,"column":42},"end":{"line":42,"column":111}},"type":"cond-expr","locations":[{"start":{"line":42,"column":51},"end":{"line":42,"column":93}},{"start":{"line":42,"column":96},"end":{"line":42,"column":111}}],"line":42},"2":{"loc":{"start":{"line":44,"column":4},"end":{"line":46,"column":5}},"type":"if","locations":[{"start":{"line":44,"column":4},"end":{"line":46,"column":5}},{"start":{},"end":{}}],"line":44},"3":{"loc":{"start":{"line":52,"column":4},"end":{"line":54,"column":5}},"type":"if","locations":[{"start":{"line":52,"column":4},"end":{"line":54,"column":5}},{"start":{},"end":{}}],"line":52}},"s":{"0":1,"1":1,"2":3,"3":3,"4":3,"5":2,"6":1,"7":1,"8":1,"9":1,"10":1,"11":1,"12":1,"13":5,"14":5,"15":5,"16":5,"17":4,"18":4,"19":1,"20":3,"21":3,"22":3,"23":3,"24":1,"25":2,"26":1,"27":1},"f":{"0":3,"1":5},"b":{"0":[1,1],"1":[3,1],"2":[1,3],"3":[1,2]},"_coverageSchema":"1a1c01bbd47fc00a2c39e90264f33305004495a9","hash":"86608740b7e9c2ae4d99142c8841e65b79ff504c"}
,"C:\\Users\\Denisse\\Downloads\\audiconflow\\backend\\routes\\upload.js": {"path":"C:\\Users\\Denisse\\Downloads\\audiconflow\\backend\\routes\\upload.js","statementMap":{"0":{"start":{"line":9,"column":15},"end":{"line":9,"column":31}},"1":{"start":{"line":13,"column":0},"end":{"line":17,"column":3}},"2":{"start":{"line":14,"column":2},"end":{"line":16,"column":5}},"3":{"start":{"line":20,"column":16},"end":{"line":32,"column":2}},"4":{"start":{"line":23,"column":24},"end":{"line":31,"column":3}},"5":{"start":{"line":35,"column":15},"end":{"line":35,"column":74}},"6":{"start":{"line":38,"column":0},"end":{"line":59,"column":3}},"7":{"start":{"line":39,"column":2},"end":{"line":41,"column":3}},"8":{"start":{"line":40,"column":4},"end":{"line":40,"column":73}},"9":{"start":{"line":43,"column":2},"end":{"line":49,"column":5}},"10":{"start":{"line":51,"column":2},"end":{"line":58,"column":5}},"11":{"start":{"line":62,"column":0},"end":{"line":87,"column":3}},"12":{"start":{"line":63,"column":2},"end":{"line":86,"column":3}},"13":{"start":{"line":64,"column":18},"end":{"line":67,"column":16}},"14":{"start":{"line":69,"column":4},"end":{"line":71,"column":5}},"15":{"start":{"line":70,"column":6},"end":{"line":70,"column":72}},"16":{"start":{"line":73,"column":4},"end":{"line":82,"column":6}},"17":{"start":{"line":74,"column":24},"end":{"line":81,"column":7}},"18":{"start":{"line":84,"column":4},"end":{"line":84,"column":69}},"19":{"start":{"line":85,"column":4},"end":{"line":85,"column":65}},"20":{"start":{"line":90,"column":0},"end":{"line":116,"column":3}},"21":{"start":{"line":91,"column":2},"end":{"line":115,"column":3}},"22":{"start":{"line":92,"column":24},"end":{"line":92,"column":34}},"23":{"start":{"line":93,"column":4},"end":{"line":93,"column":65}},"24":{"start":{"line":95,"column":18},"end":{"line":98,"column":16}},"25":{"start":{"line":100,"column":4},"end":{"line":100,"column":84}},"26":{"start":{"line":102,"column":21},"end":{"line":109,"column":7}},"27":{"start":{"line":102,"column":39},"end":{"line":109,"column":5}},"28":{"start":{"line":111,"column":4},"end":{"line":111,"column":23}},"29":{"start":{"line":113,"column":4},"end":{"line":113,"column":67}},"30":{"start":{"line":114,"column":4},"end":{"line":114,"column":81}},"31":{"start":{"line":119,"column":0},"end":{"line":154,"column":3}},"32":{"start":{"line":120,"column":2},"end":{"line":153,"column":3}},"33":{"start":{"line":121,"column":19},"end":{"line":121,"column":50}},"34":{"start":{"line":124,"column":21},"end":{"line":126,"column":31}},"35":{"start":{"line":128,"column":4},"end":{"line":130,"column":5}},"36":{"start":{"line":129,"column":6},"end":{"line":129,"column":70}},"37":{"start":{"line":133,"column":27},"end":{"line":133,"column":57}},"38":{"start":{"line":136,"column":4},"end":{"line":140,"column":7}},"39":{"start":{"line":143,"column":4},"end":{"line":143,"column":29}},"40":{"start":{"line":145,"column":4},"end":{"line":148,"column":7}},"41":{"start":{"line":146,"column":6},"end":{"line":146,"column":59}},"42":{"start":{"line":147,"column":6},"end":{"line":147,"column":68}},"43":{"start":{"line":151,"column":4},"end":{"line":151,"column":47}},"44":{"start":{"line":152,"column":4},"end":{"line":152,"column":66}},"45":{"start":{"line":157,"column":28},"end":{"line":176,"column":1}},"46":{"start":{"line":158,"column":17},"end":{"line":158,"column":19}},"47":{"start":{"line":159,"column":25},"end":{"line":159,"column":69}},"48":{"start":{"line":161,"column":17},"end":{"line":165,"column":4}},"49":{"start":{"line":162,"column":4},"end":{"line":162,"column":61}},"50":{"start":{"line":162,"column":41},"end":{"line":162,"column":59}},"51":{"start":{"line":163,"column":4},"end":{"line":163,"column":67}},"52":{"start":{"line":163,"column":35},"end":{"line":163,"column":65}},"53":{"start":{"line":164,"column":4},"end":{"line":164,"column":39}},"54":{"start":{"line":167,"column":19},"end":{"line":169,"column":43}},"55":{"start":{"line":171,"column":19},"end":{"line":171,"column":56}},"56":{"start":{"line":172,"column":20},"end":{"line":172,"column":42}},"57":{"start":{"line":173,"column":15},"end":{"line":173,"column":67}},"58":{"start":{"line":175,"column":2},"end":{"line":175,"column":73}},"59":{"start":{"line":179,"column":0},"end":{"line":200,"column":3}},"60":{"start":{"line":180,"column":2},"end":{"line":199,"column":3}},"61":{"start":{"line":181,"column":21},"end":{"line":181,"column":61}},"62":{"start":{"line":183,"column":28},"end":{"line":183,"column":39}},"63":{"start":{"line":184,"column":21},"end":{"line":186,"column":12}},"64":{"start":{"line":185,"column":6},"end":{"line":185,"column":44}},"65":{"start":{"line":185,"column":39},"end":{"line":185,"column":43}},"66":{"start":{"line":188,"column":4},"end":{"line":195,"column":7}},"67":{"start":{"line":197,"column":4},"end":{"line":197,"column":67}},"68":{"start":{"line":198,"column":4},"end":{"line":198,"column":64}},"69":{"start":{"line":203,"column":23},"end":{"line":203,"column":27}},"70":{"start":{"line":206,"column":0},"end":{"line":263,"column":3}},"71":{"start":{"line":207,"column":2},"end":{"line":262,"column":3}},"72":{"start":{"line":208,"column":37},"end":{"line":208,"column":45}},"73":{"start":{"line":209,"column":4},"end":{"line":213,"column":5}},"74":{"start":{"line":210,"column":6},"end":{"line":212,"column":9}},"75":{"start":{"line":215,"column":21},"end":{"line":215,"column":23}},"76":{"start":{"line":216,"column":4},"end":{"line":218,"column":5}},"77":{"start":{"line":217,"column":6},"end":{"line":217,"column":55}},"78":{"start":{"line":220,"column":24},"end":{"line":220,"column":33}},"79":{"start":{"line":222,"column":4},"end":{"line":238,"column":7}},"80":{"start":{"line":223,"column":6},"end":{"line":237,"column":9}},"81":{"start":{"line":224,"column":25},"end":{"line":224,"column":33}},"82":{"start":{"line":225,"column":28},"end":{"line":225,"column":39}},"83":{"start":{"line":226,"column":8},"end":{"line":226,"column":30}},"84":{"start":{"line":226,"column":23},"end":{"line":226,"column":30}},"85":{"start":{"line":228,"column":8},"end":{"line":230,"column":9}},"86":{"start":{"line":229,"column":10},"end":{"line":229,"column":96}},"87":{"start":{"line":231,"column":8},"end":{"line":231,"column":65}},"88":{"start":{"line":234,"column":8},"end":{"line":236,"column":9}},"89":{"start":{"line":235,"column":10},"end":{"line":235,"column":62}},"90":{"start":{"line":240,"column":20},"end":{"line":240,"column":22}},"91":{"start":{"line":241,"column":4},"end":{"line":248,"column":7}},"92":{"start":{"line":242,"column":6},"end":{"line":247,"column":9}},"93":{"start":{"line":250,"column":4},"end":{"line":250,"column":48}},"94":{"start":{"line":252,"column":4},"end":{"line":258,"column":7}},"95":{"start":{"line":260,"column":4},"end":{"line":260,"column":74}},"96":{"start":{"line":261,"column":4},"end":{"line":261,"column":69}},"97":{"start":{"line":266,"column":0},"end":{"line":305,"column":3}},"98":{"start":{"line":267,"column":2},"end":{"line":304,"column":3}},"99":{"start":{"line":268,"column":4},"end":{"line":272,"column":5}},"100":{"start":{"line":269,"column":6},"end":{"line":271,"column":63}},"101":{"start":{"line":274,"column":17},"end":{"line":279,"column":7}},"102":{"start":{"line":274,"column":54},"end":{"line":279,"column":5}},"103":{"start":{"line":281,"column":22},"end":{"line":281,"column":52}},"104":{"start":{"line":282,"column":21},"end":{"line":282,"column":42}},"105":{"start":{"line":283,"column":4},"end":{"line":283,"column":63}},"106":{"start":{"line":285,"column":24},"end":{"line":288,"column":6}},"107":{"start":{"line":290,"column":4},"end":{"line":293,"column":6}},"108":{"start":{"line":294,"column":4},"end":{"line":297,"column":6}},"109":{"start":{"line":299,"column":19},"end":{"line":299,"column":45}},"110":{"start":{"line":300,"column":4},"end":{"line":300,"column":21}},"111":{"start":{"line":302,"column":4},"end":{"line":302,"column":74}},"112":{"start":{"line":303,"column":4},"end":{"line":303,"column":64}},"113":{"start":{"line":308,"column":0},"end":{"line":421,"column":3}},"114":{"start":{"line":309,"column":2},"end":{"line":420,"column":3}},"115":{"start":{"line":310,"column":4},"end":{"line":312,"column":5}},"116":{"start":{"line":311,"column":6},"end":{"line":311,"column":83}},"117":{"start":{"line":314,"column":24},"end":{"line":314,"column":62}},"118":{"start":{"line":315,"column":24},"end":{"line":315,"column":62}},"119":{"start":{"line":318,"column":24},"end":{"line":411,"column":5}},"120":{"start":{"line":376,"column":98},"end":{"line":376,"column":132}},"121":{"start":{"line":377,"column":90},"end":{"line":377,"column":127}},"122":{"start":{"line":378,"column":95},"end":{"line":378,"column":129}},"123":{"start":{"line":392,"column":52},"end":{"line":401,"column":17}},"124":{"start":{"line":413,"column":4},"end":{"line":413,"column":62}},"125":{"start":{"line":414,"column":4},"end":{"line":414,"column":115}},"126":{"start":{"line":415,"column":4},"end":{"line":415,"column":26}},"127":{"start":{"line":418,"column":4},"end":{"line":418,"column":68}},"128":{"start":{"line":419,"column":4},"end":{"line":419,"column":64}}},"fnMap":{"0":{"name":"(anonymous_0)","decl":{"start":{"line":13,"column":33},"end":{"line":13,"column":34}},"loc":{"start":{"line":13,"column":39},"end":{"line":17,"column":1}},"line":13},"1":{"name":"(anonymous_1)","decl":{"start":{"line":23,"column":8},"end":{"line":23,"column":9}},"loc":{"start":{"line":23,"column":24},"end":{"line":31,"column":3}},"line":23},"2":{"name":"(anonymous_2)","decl":{"start":{"line":38,"column":46},"end":{"line":38,"column":47}},"loc":{"start":{"line":38,"column":60},"end":{"line":59,"column":1}},"line":38},"3":{"name":"(anonymous_3)","decl":{"start":{"line":62,"column":21},"end":{"line":62,"column":22}},"loc":{"start":{"line":62,"column":41},"end":{"line":87,"column":1}},"line":62},"4":{"name":"(anonymous_4)","decl":{"start":{"line":74,"column":16},"end":{"line":74,"column":17}},"loc":{"start":{"line":74,"column":24},"end":{"line":81,"column":7}},"line":74},"5":{"name":"(anonymous_5)","decl":{"start":{"line":90,"column":36},"end":{"line":90,"column":37}},"loc":{"start":{"line":90,"column":56},"end":{"line":116,"column":1}},"line":90},"6":{"name":"(anonymous_6)","decl":{"start":{"line":102,"column":31},"end":{"line":102,"column":32}},"loc":{"start":{"line":102,"column":39},"end":{"line":109,"column":5}},"line":102},"7":{"name":"(anonymous_7)","decl":{"start":{"line":119,"column":32},"end":{"line":119,"column":33}},"loc":{"start":{"line":119,"column":52},"end":{"line":154,"column":1}},"line":119},"8":{"name":"(anonymous_8)","decl":{"start":{"line":145,"column":31},"end":{"line":145,"column":32}},"loc":{"start":{"line":145,"column":42},"end":{"line":148,"column":5}},"line":145},"9":{"name":"(anonymous_9)","decl":{"start":{"line":157,"column":28},"end":{"line":157,"column":29}},"loc":{"start":{"line":157,"column":46},"end":{"line":176,"column":1}},"line":157},"10":{"name":"(anonymous_10)","decl":{"start":{"line":161,"column":35},"end":{"line":161,"column":36}},"loc":{"start":{"line":161,"column":56},"end":{"line":165,"column":3}},"line":161},"11":{"name":"(anonymous_11)","decl":{"start":{"line":162,"column":30},"end":{"line":162,"column":31}},"loc":{"start":{"line":162,"column":41},"end":{"line":162,"column":59}},"line":162},"12":{"name":"(anonymous_12)","decl":{"start":{"line":163,"column":29},"end":{"line":163,"column":30}},"loc":{"start":{"line":163,"column":35},"end":{"line":163,"column":65}},"line":163},"13":{"name":"(anonymous_13)","decl":{"start":{"line":179,"column":28},"end":{"line":179,"column":29}},"loc":{"start":{"line":179,"column":48},"end":{"line":200,"column":1}},"line":179},"14":{"name":"(anonymous_14)","decl":{"start":{"line":184,"column":33},"end":{"line":184,"column":34}},"loc":{"start":{"line":185,"column":6},"end":{"line":185,"column":44}},"line":185},"15":{"name":"(anonymous_15)","decl":{"start":{"line":185,"column":30},"end":{"line":185,"column":31}},"loc":{"start":{"line":185,"column":39},"end":{"line":185,"column":43}},"line":185},"16":{"name":"(anonymous_16)","decl":{"start":{"line":206,"column":28},"end":{"line":206,"column":29}},"loc":{"start":{"line":206,"column":48},"end":{"line":263,"column":1}},"line":206},"17":{"name":"(anonymous_17)","decl":{"start":{"line":222,"column":21},"end":{"line":222,"column":22}},"loc":{"start":{"line":222,"column":34},"end":{"line":238,"column":5}},"line":222},"18":{"name":"(anonymous_18)","decl":{"start":{"line":223,"column":27},"end":{"line":223,"column":28}},"loc":{"start":{"line":223,"column":36},"end":{"line":237,"column":7}},"line":223},"19":{"name":"(anonymous_19)","decl":{"start":{"line":241,"column":24},"end":{"line":241,"column":25}},"loc":{"start":{"line":241,"column":44},"end":{"line":248,"column":5}},"line":241},"20":{"name":"(anonymous_20)","decl":{"start":{"line":266,"column":34},"end":{"line":266,"column":35}},"loc":{"start":{"line":266,"column":48},"end":{"line":305,"column":1}},"line":266},"21":{"name":"(anonymous_21)","decl":{"start":{"line":274,"column":46},"end":{"line":274,"column":47}},"loc":{"start":{"line":274,"column":54},"end":{"line":279,"column":5}},"line":274},"22":{"name":"(anonymous_22)","decl":{"start":{"line":308,"column":38},"end":{"line":308,"column":39}},"loc":{"start":{"line":308,"column":52},"end":{"line":421,"column":1}},"line":308},"23":{"name":"(anonymous_23)","decl":{"start":{"line":376,"column":93},"end":{"line":376,"column":94}},"loc":{"start":{"line":376,"column":98},"end":{"line":376,"column":132}},"line":376},"24":{"name":"(anonymous_24)","decl":{"start":{"line":377,"column":85},"end":{"line":377,"column":86}},"loc":{"start":{"line":377,"column":90},"end":{"line":377,"column":127}},"line":377},"25":{"name":"(anonymous_25)","decl":{"start":{"line":378,"column":90},"end":{"line":378,"column":91}},"loc":{"start":{"line":378,"column":95},"end":{"line":378,"column":129}},"line":378},"26":{"name":"(anonymous_26)","decl":{"start":{"line":392,"column":47},"end":{"line":392,"column":48}},"loc":{"start":{"line":392,"column":52},"end":{"line":401,"column":17}},"line":392}},"branchMap":{"0":{"loc":{"start":{"line":21,"column":7},"end":{"line":21,"column":71}},"type":"binary-expr","locations":[{"start":{"line":21,"column":7},"end":{"line":21,"column":28}},{"start":{"line":21,"column":32},"end":{"line":21,"column":71}}],"line":21},"1":{"loc":{"start":{"line":29,"column":15},"end":{"line":29,"column":39}},"type":"binary-expr","locations":[{"start":{"line":29,"column":15},"end":{"line":29,"column":31}},{"start":{"line":29,"column":35},"end":{"line":29,"column":39}}],"line":29},"2":{"loc":{"start":{"line":39,"column":2},"end":{"line":41,"column":3}},"type":"if","locations":[{"start":{"line":39,"column":2},"end":{"line":41,"column":3}},{"start":{},"end":{}}],"line":39},"3":{"loc":{"start":{"line":69,"column":4},"end":{"line":71,"column":5}},"type":"if","locations":[{"start":{"line":69,"column":4},"end":{"line":71,"column":5}},{"start":{},"end":{}}],"line":69},"4":{"loc":{"start":{"line":69,"column":8},"end":{"line":69,"column":36}},"type":"binary-expr","locations":[{"start":{"line":69,"column":8},"end":{"line":69,"column":14}},{"start":{"line":69,"column":18},"end":{"line":69,"column":36}}],"line":69},"5":{"loc":{"start":{"line":128,"column":4},"end":{"line":130,"column":5}},"type":"if","locations":[{"start":{"line":128,"column":4},"end":{"line":130,"column":5}},{"start":{},"end":{}}],"line":128},"6":{"loc":{"start":{"line":137,"column":22},"end":{"line":137,"column":72}},"type":"binary-expr","locations":[{"start":{"line":137,"column":22},"end":{"line":137,"column":42}},{"start":{"line":137,"column":46},"end":{"line":137,"column":72}}],"line":137},"7":{"loc":{"start":{"line":175,"column":27},"end":{"line":175,"column":70}},"type":"binary-expr","locations":[{"start":{"line":175,"column":27},"end":{"line":175,"column":45}},{"start":{"line":175,"column":49},"end":{"line":175,"column":70}}],"line":175},"8":{"loc":{"start":{"line":209,"column":4},"end":{"line":213,"column":5}},"type":"if","locations":[{"start":{"line":209,"column":4},"end":{"line":213,"column":5}},{"start":{},"end":{}}],"line":209},"9":{"loc":{"start":{"line":209,"column":8},"end":{"line":209,"column":38}},"type":"binary-expr","locations":[{"start":{"line":209,"column":8},"end":{"line":209,"column":16}},{"start":{"line":209,"column":20},"end":{"line":209,"column":38}}],"line":209},"10":{"loc":{"start":{"line":226,"column":8},"end":{"line":226,"column":30}},"type":"if","locations":[{"start":{"line":226,"column":8},"end":{"line":226,"column":30}},{"start":{},"end":{}}],"line":226},"11":{"loc":{"start":{"line":228,"column":8},"end":{"line":230,"column":9}},"type":"if","locations":[{"start":{"line":228,"column":8},"end":{"line":230,"column":9}},{"start":{},"end":{}}],"line":228},"12":{"loc":{"start":{"line":229,"column":72},"end":{"line":229,"column":92}},"type":"binary-expr","locations":[{"start":{"line":229,"column":72},"end":{"line":229,"column":83}},{"start":{"line":229,"column":87},"end":{"line":229,"column":92}}],"line":229},"13":{"loc":{"start":{"line":234,"column":8},"end":{"line":236,"column":9}},"type":"if","locations":[{"start":{"line":234,"column":8},"end":{"line":236,"column":9}},{"start":{},"end":{}}],"line":234},"14":{"loc":{"start":{"line":244,"column":19},"end":{"line":244,"column":86}},"type":"cond-expr","locations":[{"start":{"line":244,"column":44},"end":{"line":244,"column":62}},{"start":{"line":244,"column":65},"end":{"line":244,"column":86}}],"line":244},"15":{"loc":{"start":{"line":268,"column":4},"end":{"line":272,"column":5}},"type":"if","locations":[{"start":{"line":268,"column":4},"end":{"line":272,"column":5}},{"start":{},"end":{}}],"line":268},"16":{"loc":{"start":{"line":278,"column":33},"end":{"line":278,"column":61}},"type":"binary-expr","locations":[{"start":{"line":278,"column":33},"end":{"line":278,"column":52}},{"start":{"line":278,"column":56},"end":{"line":278,"column":61}}],"line":278},"17":{"loc":{"start":{"line":310,"column":4},"end":{"line":312,"column":5}},"type":"if","locations":[{"start":{"line":310,"column":4},"end":{"line":312,"column":5}},{"start":{},"end":{}}],"line":310},"18":{"loc":{"start":{"line":395,"column":37},"end":{"line":395,"column":106}},"type":"cond-expr","locations":[{"start":{"line":395,"column":74},"end":{"line":395,"column":87}},{"start":{"line":395,"column":90},"end":{"line":395,"column":106}}],"line":395},"19":{"loc":{"start":{"line":396,"column":30},"end":{"line":396,"column":113}},"type":"cond-expr","locations":[{"start":{"line":396,"column":67},"end":{"line":396,"column":87}},{"start":{"line":396,"column":90},"end":{"line":396,"column":113}}],"line":396},"20":{"loc":{"start":{"line":399,"column":30},"end":{"line":399,"column":58}},"type":"binary-expr","locations":[{"start":{"line":399,"column":30},"end":{"line":399,"column":49}},{"start":{"line":399,"column":53},"end":{"line":399,"column":58}}],"line":399}},"s":{"0":0,"1":0,"2":0,"3":0,"4":0,"5":0,"6":0,"7":0,"8":0,"9":0,"10":0,"11":0,"12":0,"13":0,"14":0,"15":0,"16":0,"17":0,"18":0,"19":0,"20":0,"21":0,"22":0,"23":0,"24":0,"25":0,"26":0,"27":0,"28":0,"29":0,"30":0,"31":0,"32":0,"33":0,"34":0,"35":0,"36":0,"37":0,"38":0,"39":0,"40":0,"41":0,"42":0,"43":0,"44":0,"45":0,"46":0,"47":0,"48":0,"49":0,"50":0,"51":0,"52":0,"53":0,"54":0,"55":0,"56":0,"57":0,"58":0,"59":0,"60":0,"61":0,"62":0,"63":0,"64":0,"65":0,"66":0,"67":0,"68":0,"69":0,"70":0,"71":0,"72":0,"73":0,"74":0,"75":0,"76":0,"77":0,"78":0,"79":0,"80":0,"81":0,"82":0,"83":0,"84":0,"85":0,"86":0,"87":0,"88":0,"89":0,"90":0,"91":0,"92":0,"93":0,"94":0,"95":0,"96":0,"97":0,"98":0,"99":0,"100":0,"101":0,"102":0,"103":0,"104":0,"105":0,"106":0,"107":0,"108":0,"109":0,"110":0,"111":0,"112":0,"113":0,"114":0,"115":0,"116":0,"117":0,"118":0,"119":0,"120":0,"121":0,"122":0,"123":0,"124":0,"125":0,"126":0,"127":0,"128":0},"f":{"0":0,"1":0,"2":0,"3":0,"4":0,"5":0,"6":0,"7":0,"8":0,"9":0,"10":0,"11":0,"12":0,"13":0,"14":0,"15":0,"16":0,"17":0,"18":0,"19":0,"20":0,"21":0,"22":0,"23":0,"24":0,"25":0,"26":0},"b":{"0":[0,0],"1":[0,0],"2":[0,0],"3":[0,0],"4":[0,0],"5":[0,0],"6":[0,0],"7":[0,0],"8":[0,0],"9":[0,0],"10":[0,0],"11":[0,0],"12":[0,0],"13":[0,0],"14":[0,0],"15":[0,0],"16":[0,0],"17":[0,0],"18":[0,0],"19":[0,0],"20":[0,0]}}
,"C:\\Users\\Denisse\\Downloads\\audiconflow\\backend\\routes\\users.js": {"path":"C:\\Users\\Denisse\\Downloads\\audiconflow\\backend\\routes\\users.js","statementMap":{"0":{"start":{"line":4,"column":15},"end":{"line":4,"column":31}},"1":{"start":{"line":7,"column":0},"end":{"line":15,"column":3}},"2":{"start":{"line":8,"column":2},"end":{"line":14,"column":3}},"3":{"start":{"line":9,"column":18},"end":{"line":9,"column":54}},"4":{"start":{"line":10,"column":4},"end":{"line":10,"column":20}},"5":{"start":{"line":12,"column":4},"end":{"line":12,"column":68}},"6":{"start":{"line":13,"column":4},"end":{"line":13,"column":65}},"7":{"start":{"line":18,"column":0},"end":{"line":29,"column":3}},"8":{"start":{"line":19,"column":2},"end":{"line":28,"column":3}},"9":{"start":{"line":20,"column":17},"end":{"line":20,"column":68}},"10":{"start":{"line":21,"column":4},"end":{"line":23,"column":5}},"11":{"start":{"line":22,"column":6},"end":{"line":22,"column":70}},"12":{"start":{"line":24,"column":4},"end":{"line":24,"column":19}},"13":{"start":{"line":26,"column":4},"end":{"line":26,"column":67}},"14":{"start":{"line":27,"column":4},"end":{"line":27,"column":64}},"15":{"start":{"line":32,"column":0},"end":{"line":81,"column":3}},"16":{"start":{"line":33,"column":2},"end":{"line":80,"column":3}},"17":{"start":{"line":34,"column":84},"end":{"line":34,"column":92}},"18":{"start":{"line":37,"column":4},"end":{"line":39,"column":5}},"19":{"start":{"line":38,"column":6},"end":{"line":38,"column":83}},"20":{"start":{"line":42,"column":4},"end":{"line":44,"column":5}},"21":{"start":{"line":43,"column":6},"end":{"line":43,"column":75}},"22":{"start":{"line":46,"column":4},"end":{"line":48,"column":5}},"23":{"start":{"line":47,"column":6},"end":{"line":47,"column":95}},"24":{"start":{"line":51,"column":25},"end":{"line":51,"column":54}},"25":{"start":{"line":52,"column":4},"end":{"line":54,"column":5}},"26":{"start":{"line":53,"column":6},"end":{"line":53,"column":76}},"27":{"start":{"line":56,"column":20},"end":{"line":65,"column":6}},"28":{"start":{"line":67,"column":4},"end":{"line":67,"column":25}},"29":{"start":{"line":70,"column":25},"end":{"line":70,"column":43}},"30":{"start":{"line":71,"column":4},"end":{"line":71,"column":33}},"31":{"start":{"line":73,"column":4},"end":{"line":76,"column":7}},"32":{"start":{"line":78,"column":4},"end":{"line":78,"column":65}},"33":{"start":{"line":79,"column":4},"end":{"line":79,"column":62}},"34":{"start":{"line":84,"column":0},"end":{"line":132,"column":3}},"35":{"start":{"line":85,"column":2},"end":{"line":131,"column":3}},"36":{"start":{"line":86,"column":84},"end":{"line":86,"column":92}},"37":{"start":{"line":89,"column":17},"end":{"line":89,"column":51}},"38":{"start":{"line":90,"column":4},"end":{"line":92,"column":5}},"39":{"start":{"line":91,"column":6},"end":{"line":91,"column":70}},"40":{"start":{"line":95,"column":4},"end":{"line":100,"column":5}},"41":{"start":{"line":96,"column":27},"end":{"line":96,"column":85}},"42":{"start":{"line":97,"column":6},"end":{"line":99,"column":7}},"43":{"start":{"line":98,"column":8},"end":{"line":98,"column":95}},"44":{"start":{"line":103,"column":4},"end":{"line":105,"column":5}},"45":{"start":{"line":104,"column":6},"end":{"line":104,"column":95}},"46":{"start":{"line":108,"column":23},"end":{"line":108,"column":25}},"47":{"start":{"line":109,"column":4},"end":{"line":109,"column":37}},"48":{"start":{"line":109,"column":14},"end":{"line":109,"column":37}},"49":{"start":{"line":110,"column":4},"end":{"line":110,"column":40}},"50":{"start":{"line":110,"column":15},"end":{"line":110,"column":40}},"51":{"start":{"line":111,"column":4},"end":{"line":111,"column":49}},"52":{"start":{"line":111,"column":18},"end":{"line":111,"column":49}},"53":{"start":{"line":112,"column":4},"end":{"line":112,"column":37}},"54":{"start":{"line":112,"column":14},"end":{"line":112,"column":37}},"55":{"start":{"line":113,"column":4},"end":{"line":113,"column":55}},"56":{"start":{"line":113,"column":20},"end":{"line":113,"column":55}},"57":{"start":{"line":114,"column":4},"end":{"line":114,"column":40}},"58":{"start":{"line":114,"column":15},"end":{"line":114,"column":40}},"59":{"start":{"line":115,"column":4},"end":{"line":115,"column":43}},"60":{"start":{"line":115,"column":16},"end":{"line":115,"column":43}},"61":{"start":{"line":116,"column":4},"end":{"line":116,"column":58}},"62":{"start":{"line":116,"column":21},"end":{"line":116,"column":58}},"63":{"start":{"line":118,"column":24},"end":{"line":122,"column":5}},"64":{"start":{"line":124,"column":4},"end":{"line":127,"column":7}},"65":{"start":{"line":129,"column":4},"end":{"line":129,"column":70}},"66":{"start":{"line":130,"column":4},"end":{"line":130,"column":67}},"67":{"start":{"line":135,"column":0},"end":{"line":156,"column":3}},"68":{"start":{"line":136,"column":2},"end":{"line":155,"column":3}},"69":{"start":{"line":137,"column":17},"end":{"line":137,"column":51}},"70":{"start":{"line":138,"column":4},"end":{"line":140,"column":5}},"71":{"start":{"line":139,"column":6},"end":{"line":139,"column":70}},"72":{"start":{"line":142,"column":4},"end":{"line":142,"column":48}},"73":{"start":{"line":144,"column":4},"end":{"line":151,"column":7}},"74":{"start":{"line":153,"column":4},"end":{"line":153,"column":69}},"75":{"start":{"line":154,"column":4},"end":{"line":154,"column":65}},"76":{"start":{"line":159,"column":0},"end":{"line":196,"column":3}},"77":{"start":{"line":160,"column":2},"end":{"line":195,"column":3}},"78":{"start":{"line":161,"column":39},"end":{"line":161,"column":47}},"79":{"start":{"line":163,"column":4},"end":{"line":165,"column":5}},"80":{"start":{"line":164,"column":6},"end":{"line":164,"column":88}},"81":{"start":{"line":167,"column":21},"end":{"line":167,"column":23}},"82":{"start":{"line":169,"column":4},"end":{"line":181,"column":5}},"83":{"start":{"line":171,"column":8},"end":{"line":171,"column":37}},"84":{"start":{"line":172,"column":8},"end":{"line":172,"column":14}},"85":{"start":{"line":174,"column":8},"end":{"line":174,"column":39}},"86":{"start":{"line":175,"column":8},"end":{"line":175,"column":14}},"87":{"start":{"line":177,"column":8},"end":{"line":177,"column":41}},"88":{"start":{"line":178,"column":8},"end":{"line":178,"column":14}},"89":{"start":{"line":180,"column":8},"end":{"line":180,"column":67}},"90":{"start":{"line":183,"column":19},"end":{"line":186,"column":5}},"91":{"start":{"line":188,"column":4},"end":{"line":191,"column":7}},"92":{"start":{"line":193,"column":4},"end":{"line":193,"column":73}},"93":{"start":{"line":194,"column":4},"end":{"line":194,"column":69}},"94":{"start":{"line":199,"column":0},"end":{"line":217,"column":3}},"95":{"start":{"line":200,"column":2},"end":{"line":216,"column":3}},"96":{"start":{"line":201,"column":24},"end":{"line":201,"column":32}},"97":{"start":{"line":203,"column":4},"end":{"line":205,"column":5}},"98":{"start":{"line":204,"column":6},"end":{"line":204,"column":88}},"99":{"start":{"line":207,"column":19},"end":{"line":207,"column":67}},"100":{"start":{"line":209,"column":4},"end":{"line":212,"column":7}},"101":{"start":{"line":214,"column":4},"end":{"line":214,"column":71}},"102":{"start":{"line":215,"column":4},"end":{"line":215,"column":67}}},"fnMap":{"0":{"name":"(anonymous_0)","decl":{"start":{"line":7,"column":21},"end":{"line":7,"column":22}},"loc":{"start":{"line":7,"column":41},"end":{"line":15,"column":1}},"line":7},"1":{"name":"(anonymous_1)","decl":{"start":{"line":18,"column":25},"end":{"line":18,"column":26}},"loc":{"start":{"line":18,"column":45},"end":{"line":29,"column":1}},"line":18},"2":{"name":"(anonymous_2)","decl":{"start":{"line":32,"column":22},"end":{"line":32,"column":23}},"loc":{"start":{"line":32,"column":42},"end":{"line":81,"column":1}},"line":32},"3":{"name":"(anonymous_3)","decl":{"start":{"line":84,"column":25},"end":{"line":84,"column":26}},"loc":{"start":{"line":84,"column":45},"end":{"line":132,"column":1}},"line":84},"4":{"name":"(anonymous_4)","decl":{"start":{"line":135,"column":28},"end":{"line":135,"column":29}},"loc":{"start":{"line":135,"column":48},"end":{"line":156,"column":1}},"line":135},"5":{"name":"(anonymous_5)","decl":{"start":{"line":159,"column":28},"end":{"line":159,"column":29}},"loc":{"start":{"line":159,"column":48},"end":{"line":196,"column":1}},"line":159},"6":{"name":"(anonymous_6)","decl":{"start":{"line":199,"column":29},"end":{"line":199,"column":30}},"loc":{"start":{"line":199,"column":49},"end":{"line":217,"column":1}},"line":199}},"branchMap":{"0":{"loc":{"start":{"line":21,"column":4},"end":{"line":23,"column":5}},"type":"if","locations":[{"start":{"line":21,"column":4},"end":{"line":23,"column":5}},{"start":{},"end":{}}],"line":21},"1":{"loc":{"start":{"line":37,"column":4},"end":{"line":39,"column":5}},"type":"if","locations":[{"start":{"line":37,"column":4},"end":{"line":39,"column":5}},{"start":{},"end":{}}],"line":37},"2":{"loc":{"start":{"line":37,"column":8},"end":{"line":37,"column":32}},"type":"binary-expr","locations":[{"start":{"line":37,"column":8},"end":{"line":37,"column":13}},{"start":{"line":37,"column":17},"end":{"line":37,"column":23}},{"start":{"line":37,"column":27},"end":{"line":37,"column":32}}],"line":37},"3":{"loc":{"start":{"line":42,"column":4},"end":{"line":44,"column":5}},"type":"if","locations":[{"start":{"line":42,"column":4},"end":{"line":44,"column":5}},{"start":{},"end":{}}],"line":42},"4":{"loc":{"start":{"line":46,"column":4},"end":{"line":48,"column":5}},"type":"if","locations":[{"start":{"line":46,"column":4},"end":{"line":48,"column":5}},{"start":{},"end":{}}],"line":46},"5":{"loc":{"start":{"line":52,"column":4},"end":{"line":54,"column":5}},"type":"if","locations":[{"start":{"line":52,"column":4},"end":{"line":54,"column":5}},{"start":{},"end":{}}],"line":52},"6":{"loc":{"start":{"line":63,"column":14},"end":{"line":63,"column":32}},"type":"binary-expr","locations":[{"start":{"line":63,"column":14},"end":{"line":63,"column":20}},{"start":{"line":63,"column":24},"end":{"line":63,"column":32}}],"line":63},"7":{"loc":{"start":{"line":64,"column":19},"end":{"line":64,"column":36}},"type":"binary-expr","locations":[{"start":{"line":64,"column":19},"end":{"line":64,"column":30}},{"start":{"line":64,"column":34},"end":{"line":64,"column":36}}],"line":64},"8":{"loc":{"start":{"line":90,"column":4},"end":{"line":92,"column":5}},"type":"if","locations":[{"start":{"line":90,"column":4},"end":{"line":92,"column":5}},{"start":{},"end":{}}],"line":90},"9":{"loc":{"start":{"line":95,"column":4},"end":{"line":100,"column":5}},"type":"if","locations":[{"start":{"line":95,"column":4},"end":{"line":100,"column":5}},{"start":{},"end":{}}],"line":95},"10":{"loc":{"start":{"line":95,"column":8},"end":{"line":95,"column":37}},"type":"binary-expr","locations":[{"start":{"line":95,"column":8},"end":{"line":95,"column":13}},{"start":{"line":95,"column":17},"end":{"line":95,"column":37}}],"line":95},"11":{"loc":{"start":{"line":97,"column":6},"end":{"line":99,"column":7}},"type":"if","locations":[{"start":{"line":97,"column":6},"end":{"line":99,"column":7}},{"start":{},"end":{}}],"line":97},"12":{"loc":{"start":{"line":103,"column":4},"end":{"line":105,"column":5}},"type":"if","locations":[{"start":{"line":103,"column":4},"end":{"line":105,"column":5}},{"start":{},"end":{}}],"line":103},"13":{"loc":{"start":{"line":103,"column":8},"end":{"line":103,"column":39}},"type":"binary-expr","locations":[{"start":{"line":103,"column":8},"end":{"line":103,"column":16}},{"start":{"line":103,"column":20},"end":{"line":103,"column":39}}],"line":103},"14":{"loc":{"start":{"line":109,"column":4},"end":{"line":109,"column":37}},"type":"if","locations":[{"start":{"line":109,"column":4},"end":{"line":109,"column":37}},{"start":{},"end":{}}],"line":109},"15":{"loc":{"start":{"line":110,"column":4},"end":{"line":110,"column":40}},"type":"if","locations":[{"start":{"line":110,"column":4},"end":{"line":110,"column":40}},{"start":{},"end":{}}],"line":110},"16":{"loc":{"start":{"line":111,"column":4},"end":{"line":111,"column":49}},"type":"if","locations":[{"start":{"line":111,"column":4},"end":{"line":111,"column":49}},{"start":{},"end":{}}],"line":111},"17":{"loc":{"start":{"line":112,"column":4},"end":{"line":112,"column":37}},"type":"if","locations":[{"start":{"line":112,"column":4},"end":{"line":112,"column":37}},{"start":{},"end":{}}],"line":112},"18":{"loc":{"start":{"line":113,"column":4},"end":{"line":113,"column":55}},"type":"if","locations":[{"start":{"line":113,"column":4},"end":{"line":113,"column":55}},{"start":{},"end":{}}],"line":113},"19":{"loc":{"start":{"line":114,"column":4},"end":{"line":114,"column":40}},"type":"if","locations":[{"start":{"line":114,"column":4},"end":{"line":114,"column":40}},{"start":{},"end":{}}],"line":114},"20":{"loc":{"start":{"line":115,"column":4},"end":{"line":115,"column":43}},"type":"if","locations":[{"start":{"line":115,"column":4},"end":{"line":115,"column":43}},{"start":{},"end":{}}],"line":115},"21":{"loc":{"start":{"line":116,"column":4},"end":{"line":116,"column":58}},"type":"if","locations":[{"start":{"line":116,"column":4},"end":{"line":116,"column":58}},{"start":{},"end":{}}],"line":116},"22":{"loc":{"start":{"line":138,"column":4},"end":{"line":140,"column":5}},"type":"if","locations":[{"start":{"line":138,"column":4},"end":{"line":140,"column":5}},{"start":{},"end":{}}],"line":138},"23":{"loc":{"start":{"line":163,"column":4},"end":{"line":165,"column":5}},"type":"if","locations":[{"start":{"line":163,"column":4},"end":{"line":165,"column":5}},{"start":{},"end":{}}],"line":163},"24":{"loc":{"start":{"line":163,"column":8},"end":{"line":163,"column":67}},"type":"binary-expr","locations":[{"start":{"line":163,"column":8},"end":{"line":163,"column":16}},{"start":{"line":163,"column":20},"end":{"line":163,"column":43}},{"start":{"line":163,"column":47},"end":{"line":163,"column":67}}],"line":163},"25":{"loc":{"start":{"line":169,"column":4},"end":{"line":181,"column":5}},"type":"switch","locations":[{"start":{"line":170,"column":6},"end":{"line":172,"column":14}},{"start":{"line":173,"column":6},"end":{"line":175,"column":14}},{"start":{"line":176,"column":6},"end":{"line":178,"column":14}},{"start":{"line":179,"column":6},"end":{"line":180,"column":67}}],"line":169},"26":{"loc":{"start":{"line":203,"column":4},"end":{"line":205,"column":5}},"type":"if","locations":[{"start":{"line":203,"column":4},"end":{"line":205,"column":5}},{"start":{},"end":{}}],"line":203},"27":{"loc":{"start":{"line":203,"column":8},"end":{"line":203,"column":67}},"type":"binary-expr","locations":[{"start":{"line":203,"column":8},"end":{"line":203,"column":16}},{"start":{"line":203,"column":20},"end":{"line":203,"column":43}},{"start":{"line":203,"column":47},"end":{"line":203,"column":67}}],"line":203}},"s":{"0":0,"1":0,"2":0,"3":0,"4":0,"5":0,"6":0,"7":0,"8":0,"9":0,"10":0,"11":0,"12":0,"13":0,"14":0,"15":0,"16":0,"17":0,"18":0,"19":0,"20":0,"21":0,"22":0,"23":0,"24":0,"25":0,"26":0,"27":0,"28":0,"29":0,"30":0,"31":0,"32":0,"33":0,"34":0,"35":0,"36":0,"37":0,"38":0,"39":0,"40":0,"41":0,"42":0,"43":0,"44":0,"45":0,"46":0,"47":0,"48":0,"49":0,"50":0,"51":0,"52":0,"53":0,"54":0,"55":0,"56":0,"57":0,"58":0,"59":0,"60":0,"61":0,"62":0,"63":0,"64":0,"65":0,"66":0,"67":0,"68":0,"69":0,"70":0,"71":0,"72":0,"73":0,"74":0,"75":0,"76":0,"77":0,"78":0,"79":0,"80":0,"81":0,"82":0,"83":0,"84":0,"85":0,"86":0,"87":0,"88":0,"89":0,"90":0,"91":0,"92":0,"93":0,"94":0,"95":0,"96":0,"97":0,"98":0,"99":0,"100":0,"101":0,"102":0},"f":{"0":0,"1":0,"2":0,"3":0,"4":0,"5":0,"6":0},"b":{"0":[0,0],"1":[0,0],"2":[0,0,0],"3":[0,0],"4":[0,0],"5":[0,0],"6":[0,0],"7":[0,0],"8":[0,0],"9":[0,0],"10":[0,0],"11":[0,0],"12":[0,0],"13":[0,0],"14":[0,0],"15":[0,0],"16":[0,0],"17":[0,0],"18":[0,0],"19":[0,0],"20":[0,0],"21":[0,0],"22":[0,0],"23":[0,0],"24":[0,0,0],"25":[0,0,0,0],"26":[0,0],"27":[0,0,0]}}
,"C:\\Users\\Denisse\\Downloads\\audiconflow\\backend\\scripts\\createAdmin.js": {"path":"C:\\Users\\Denisse\\Downloads\\audiconflow\\backend\\scripts\\createAdmin.js","statementMap":{"0":{"start":{"line":5,"column":0},"end":{"line":5,"column":16}},"1":{"start":{"line":7,"column":24},"end":{"line":50,"column":1}},"2":{"start":{"line":8,"column":2},"end":{"line":49,"column":3}},"3":{"start":{"line":10,"column":4},"end":{"line":13,"column":7}},"4":{"start":{"line":15,"column":4},"end":{"line":15,"column":41}},"5":{"start":{"line":18,"column":26},"end":{"line":18,"column":63}},"6":{"start":{"line":20,"column":4},"end":{"line":23,"column":5}},"7":{"start":{"line":21,"column":6},"end":{"line":21,"column":72}},"8":{"start":{"line":22,"column":6},"end":{"line":22,"column":13}},"9":{"start":{"line":26,"column":22},"end":{"line":35,"column":6}},"10":{"start":{"line":37,"column":4},"end":{"line":37,"column":27}},"11":{"start":{"line":39,"column":4},"end":{"line":39,"column":57}},"12":{"start":{"line":40,"column":4},"end":{"line":40,"column":51}},"13":{"start":{"line":41,"column":4},"end":{"line":41,"column":41}},"14":{"start":{"line":42,"column":4},"end":{"line":42,"column":33}},"15":{"start":{"line":45,"column":4},"end":{"line":45,"column":37}},"16":{"start":{"line":47,"column":4},"end":{"line":47,"column":38}},"17":{"start":{"line":48,"column":4},"end":{"line":48,"column":39}},"18":{"start":{"line":52,"column":0},"end":{"line":52,"column":18}}},"fnMap":{"0":{"name":"(anonymous_0)","decl":{"start":{"line":7,"column":24},"end":{"line":7,"column":25}},"loc":{"start":{"line":7,"column":36},"end":{"line":50,"column":1}},"line":7}},"branchMap":{"0":{"loc":{"start":{"line":10,"column":27},"end":{"line":10,"column":91}},"type":"binary-expr","locations":[{"start":{"line":10,"column":27},"end":{"line":10,"column":48}},{"start":{"line":10,"column":52},"end":{"line":10,"column":91}}],"line":10},"1":{"loc":{"start":{"line":20,"column":4},"end":{"line":23,"column":5}},"type":"if","locations":[{"start":{"line":20,"column":4},"end":{"line":23,"column":5}},{"start":{},"end":{}}],"line":20}},"s":{"0":0,"1":0,"2":0,"3":0,"4":0,"5":0,"6":0,"7":0,"8":0,"9":0,"10":0,"11":0,"12":0,"13":0,"14":0,"15":0,"16":0,"17":0,"18":0},"f":{"0":0},"b":{"0":[0,0],"1":[0,0]}}
,"C:\\Users\\Denisse\\Downloads\\audiconflow\\backend\\scripts\\seendUsers.js": {"path":"C:\\Users\\Denisse\\Downloads\\audiconflow\\backend\\scripts\\seendUsers.js","statementMap":{"0":{"start":{"line":5,"column":0},"end":{"line":8,"column":3}},"1":{"start":{"line":11,"column":19},"end":{"line":18,"column":1}},"2":{"start":{"line":20,"column":13},"end":{"line":20,"column":56}},"3":{"start":{"line":22,"column":18},"end":{"line":58,"column":1}},"4":{"start":{"line":23,"column":2},"end":{"line":57,"column":3}},"5":{"start":{"line":25,"column":4},"end":{"line":25,"column":30}},"6":{"start":{"line":28,"column":23},"end":{"line":28,"column":25}},"7":{"start":{"line":29,"column":24},"end":{"line":29,"column":67}},"8":{"start":{"line":30,"column":27},"end":{"line":30,"column":73}},"9":{"start":{"line":31,"column":22},"end":{"line":31,"column":63}},"10":{"start":{"line":34,"column":4},"end":{"line":50,"column":7}},"11":{"start":{"line":52,"column":4},"end":{"line":52,"column":117}},"12":{"start":{"line":53,"column":4},"end":{"line":53,"column":19}},"13":{"start":{"line":55,"column":4},"end":{"line":55,"column":91}},"14":{"start":{"line":56,"column":4},"end":{"line":56,"column":20}},"15":{"start":{"line":60,"column":0},"end":{"line":60,"column":12}}},"fnMap":{"0":{"name":"(anonymous_0)","decl":{"start":{"line":22,"column":18},"end":{"line":22,"column":19}},"loc":{"start":{"line":22,"column":30},"end":{"line":58,"column":1}},"line":22}},"branchMap":{},"s":{"0":0,"1":0,"2":0,"3":0,"4":0,"5":0,"6":0,"7":0,"8":0,"9":0,"10":0,"11":0,"12":0,"13":0,"14":0,"15":0},"f":{"0":0},"b":{}}
}
