TN:
SF:clean-audits.js
FN:11,cleanAudits
FN:27,(anonymous_1)
FNF:2
FNH:0
FNDA:0,cleanAudits
FNDA:0,(anonymous_1)
DA:6,0
DA:12,0
DA:13,0
DA:16,0
DA:17,0
DA:19,0
DA:20,0
DA:21,0
DA:25,0
DA:26,0
DA:27,0
DA:28,0
DA:32,0
DA:33,0
DA:36,0
DA:37,0
DA:40,0
DA:42,0
DA:43,0
DA:47,0
LF:20
LH:0
BRDA:19,0,0,0
BRDA:19,0,1,0
BRDA:28,1,0,0
BRDA:28,1,1,0
BRDA:28,2,0,0
BRDA:28,2,1,0
BRF:6
BRH:0
end_of_record
TN:
SF:create-test-user.js
FN:5,(anonymous_0)
FNF:1
FNH:0
FNDA:0,(anonymous_0)
DA:5,0
DA:6,0
DA:8,0
DA:9,0
DA:12,0
DA:13,0
DA:16,0
DA:17,0
DA:19,0
DA:20,0
DA:23,0
DA:35,0
DA:37,0
DA:38,0
DA:41,0
DA:42,0
DA:49,0
DA:50,0
DA:53,0
DA:55,0
DA:56,0
DA:60,0
LF:22
LH:0
BRDA:50,0,0,0
BRDA:50,0,1,0
BRF:2
BRH:0
end_of_record
TN:
SF:fix-denisse-password.js
FN:5,(anonymous_0)
FNF:1
FNH:0
FNDA:0,(anonymous_0)
DA:5,0
DA:6,0
DA:8,0
DA:9,0
DA:12,0
DA:14,0
DA:15,0
DA:16,0
DA:19,0
DA:20,0
DA:23,0
DA:26,0
DA:28,0
DA:29,0
DA:32,0
DA:34,0
DA:35,0
DA:36,0
DA:39,0
DA:42,0
DA:45,0
DA:47,0
DA:48,0
DA:51,0
DA:52,0
DA:56,0
DA:58,0
DA:59,0
DA:63,0
LF:29
LH:0
BRDA:14,0,0,0
BRDA:14,0,1,0
BRDA:26,1,0,0
BRDA:26,1,1,0
BRDA:28,2,0,0
BRDA:28,2,1,0
BRDA:36,3,0,0
BRDA:36,3,1,0
BRDA:52,4,0,0
BRDA:52,4,1,0
BRF:10
BRH:0
end_of_record
TN:
SF:server.js
FN:17,(anonymous_0)
FN:46,(anonymous_1)
FNF:2
FNH:0
FNDA:0,(anonymous_0)
FNDA:0,(anonymous_1)
DA:10,0
DA:12,0
DA:13,0
DA:14,0
DA:17,0
DA:18,0
DA:19,0
DA:23,0
DA:25,0
DA:26,0
DA:27,0
DA:31,0
DA:34,0
DA:37,0
DA:40,0
DA:43,0
DA:45,0
DA:46,0
DA:47,0
DA:48,0
DA:49,0
DA:50,0
DA:51,0
DA:52,0
LF:24
LH:0
BRDA:19,0,0,0
BRDA:19,0,1,0
BRDA:45,1,0,0
BRDA:45,1,1,0
BRF:4
BRH:0
end_of_record
TN:
SF:test-db-connection.js
FN:3,(anonymous_0)
FN:15,(anonymous_1)
FN:26,(anonymous_2)
FNF:3
FNH:0
FNDA:0,(anonymous_0)
FNDA:0,(anonymous_1)
FNDA:0,(anonymous_2)
DA:3,0
DA:4,0
DA:5,0
DA:6,0
DA:9,0
DA:14,0
DA:15,0
DA:16,0
DA:20,0
DA:25,0
DA:26,0
DA:27,0
DA:31,0
DA:33,0
DA:37,0
LF:15
LH:0
BRDA:5,0,0,0
BRDA:5,0,1,0
BRDA:16,1,0,0
BRDA:16,1,1,0
BRF:4
BRH:0
end_of_record
TN:
SF:test-login.js
FN:5,(anonymous_0)
FN:15,(anonymous_1)
FNF:2
FNH:0
FNDA:0,(anonymous_0)
FNDA:0,(anonymous_1)
DA:5,0
DA:6,0
DA:8,0
DA:9,0
DA:12,0
DA:13,0
DA:15,0
DA:16,0
DA:17,0
DA:18,0
DA:19,0
DA:20,0
DA:24,0
DA:25,0
DA:27,0
DA:28,0
DA:29,0
DA:31,0
DA:33,0
DA:34,0
DA:35,0
DA:37,0
DA:38,0
DA:40,0
DA:41,0
DA:44,0
DA:45,0
DA:47,0
DA:48,0
DA:51,0
DA:55,0
DA:57,0
DA:58,0
DA:62,0
LF:34
LH:0
BRDA:33,0,0,0
BRDA:33,0,1,0
BRDA:40,1,0,0
BRDA:40,1,1,0
BRF:4
BRH:0
end_of_record
TN:
SF:models\Audit.js
FNF:0
FNH:0
DA:3,1
DA:93,1
DA:94,1
DA:95,1
DA:96,1
DA:97,1
DA:98,1
DA:100,1
LF:8
LH:8
BRF:0
BRH:0
end_of_record
TN:
SF:models\Users.js
FN:26,(anonymous_0)
FNF:1
FNH:0
FNDA:0,(anonymous_0)
DA:4,2
DA:26,2
DA:27,0
DA:28,0
DA:29,0
DA:32,2
LF:6
LH:3
BRDA:27,0,0,0
BRDA:27,0,1,0
BRF:2
BRH:0
end_of_record
TN:
SF:routes\audits.js
FN:6,(anonymous_0)
FN:50,(anonymous_1)
FN:96,(anonymous_2)
FN:134,(anonymous_3)
FN:138,(anonymous_4)
FN:159,(anonymous_5)
FN:191,(anonymous_6)
FN:228,(anonymous_7)
FNF:8
FNH:8
FNDA:3,(anonymous_0)
FNDA:3,(anonymous_1)
FNDA:1,(anonymous_2)
FNDA:3,(anonymous_3)
FNDA:3,(anonymous_4)
FNDA:2,(anonymous_5)
FNDA:2,(anonymous_6)
FNDA:2,(anonymous_7)
DA:3,1
DA:6,1
DA:7,3
DA:8,3
DA:11,3
DA:12,1
DA:19,2
DA:32,1
DA:34,1
DA:41,1
DA:42,1
DA:50,1
DA:51,3
DA:52,3
DA:55,3
DA:66,3
DA:67,1
DA:70,3
DA:71,0
DA:74,3
DA:75,0
DA:78,3
DA:80,2
DA:87,1
DA:88,1
DA:96,1
DA:97,1
DA:99,1
DA:109,1
DA:110,1
DA:111,1
DA:115,1
DA:116,1
DA:118,1
DA:123,1
DA:128,1
DA:135,3
DA:136,3
DA:139,3
DA:140,3
DA:144,1
DA:150,0
DA:151,0
DA:159,1
DA:160,2
DA:161,2
DA:162,2
DA:169,2
DA:170,1
DA:176,1
DA:182,0
DA:183,0
DA:191,1
DA:192,2
DA:193,2
DA:194,2
DA:205,2
DA:206,1
DA:212,1
DA:219,0
DA:220,0
DA:228,1
DA:229,2
DA:230,2
DA:231,2
DA:238,2
DA:239,1
DA:245,1
DA:251,0
DA:252,0
LF:70
LH:60
BRDA:11,0,0,1
BRDA:11,0,1,2
BRDA:11,1,0,3
BRDA:11,1,1,3
BRDA:11,1,2,2
BRDA:11,1,3,2
BRDA:24,2,0,2
BRDA:24,2,1,1
BRDA:26,3,0,2
BRDA:26,3,1,1
BRDA:27,4,0,2
BRDA:27,4,1,1
BRDA:28,5,0,2
BRDA:28,5,1,2
BRDA:66,6,0,1
BRDA:66,6,1,2
BRDA:70,7,0,0
BRDA:70,7,1,3
BRDA:74,8,0,0
BRDA:74,8,1,3
BRDA:169,9,0,1
BRDA:169,9,1,1
BRDA:205,10,0,1
BRDA:205,10,1,1
BRDA:238,11,0,1
BRDA:238,11,1,1
BRF:26
BRH:24
end_of_record
TN:
SF:routes\auth.js
FN:8,(anonymous_0)
FN:32,(anonymous_1)
FNF:2
FNH:2
FNDA:3,(anonymous_0)
FNDA:5,(anonymous_1)
DA:5,1
DA:8,1
DA:9,3
DA:11,3
DA:12,3
DA:13,2
DA:14,1
DA:17,1
DA:18,1
DA:20,1
DA:26,1
DA:27,1
DA:32,1
DA:33,5
DA:35,5
DA:36,5
DA:38,5
DA:42,4
DA:44,4
DA:45,1
DA:48,3
DA:49,3
DA:50,3
DA:52,3
DA:53,1
DA:56,2
DA:62,1
DA:63,1
LF:28
LH:28
BRDA:13,0,0,1
BRDA:13,0,1,1
BRDA:42,1,0,3
BRDA:42,1,1,1
BRDA:44,2,0,1
BRDA:44,2,1,3
BRDA:52,3,0,1
BRDA:52,3,1,2
BRF:8
BRH:8
end_of_record
TN:
SF:routes\upload.js
FN:13,(anonymous_0)
FN:23,(anonymous_1)
FN:38,(anonymous_2)
FN:62,(anonymous_3)
FN:74,(anonymous_4)
FN:90,(anonymous_5)
FN:102,(anonymous_6)
FN:119,(anonymous_7)
FN:145,(anonymous_8)
FN:157,(anonymous_9)
FN:161,(anonymous_10)
FN:162,(anonymous_11)
FN:163,(anonymous_12)
FN:179,(anonymous_13)
FN:184,(anonymous_14)
FN:185,(anonymous_15)
FN:206,(anonymous_16)
FN:222,(anonymous_17)
FN:223,(anonymous_18)
FN:241,(anonymous_19)
FN:266,(anonymous_20)
FN:274,(anonymous_21)
FN:308,(anonymous_22)
FN:376,(anonymous_23)
FN:377,(anonymous_24)
FN:378,(anonymous_25)
FN:392,(anonymous_26)
FNF:27
FNH:0
FNDA:0,(anonymous_0)
FNDA:0,(anonymous_1)
FNDA:0,(anonymous_2)
FNDA:0,(anonymous_3)
FNDA:0,(anonymous_4)
FNDA:0,(anonymous_5)
FNDA:0,(anonymous_6)
FNDA:0,(anonymous_7)
FNDA:0,(anonymous_8)
FNDA:0,(anonymous_9)
FNDA:0,(anonymous_10)
FNDA:0,(anonymous_11)
FNDA:0,(anonymous_12)
FNDA:0,(anonymous_13)
FNDA:0,(anonymous_14)
FNDA:0,(anonymous_15)
FNDA:0,(anonymous_16)
FNDA:0,(anonymous_17)
FNDA:0,(anonymous_18)
FNDA:0,(anonymous_19)
FNDA:0,(anonymous_20)
FNDA:0,(anonymous_21)
FNDA:0,(anonymous_22)
FNDA:0,(anonymous_23)
FNDA:0,(anonymous_24)
FNDA:0,(anonymous_25)
FNDA:0,(anonymous_26)
DA:9,0
DA:13,0
DA:14,0
DA:20,0
DA:23,0
DA:35,0
DA:38,0
DA:39,0
DA:40,0
DA:43,0
DA:51,0
DA:62,0
DA:63,0
DA:64,0
DA:69,0
DA:70,0
DA:73,0
DA:74,0
DA:84,0
DA:85,0
DA:90,0
DA:91,0
DA:92,0
DA:93,0
DA:95,0
DA:100,0
DA:102,0
DA:111,0
DA:113,0
DA:114,0
DA:119,0
DA:120,0
DA:121,0
DA:124,0
DA:128,0
DA:129,0
DA:133,0
DA:136,0
DA:143,0
DA:145,0
DA:146,0
DA:147,0
DA:151,0
DA:152,0
DA:157,0
DA:158,0
DA:159,0
DA:161,0
DA:162,0
DA:163,0
DA:164,0
DA:167,0
DA:171,0
DA:172,0
DA:173,0
DA:175,0
DA:179,0
DA:180,0
DA:181,0
DA:183,0
DA:184,0
DA:185,0
DA:188,0
DA:197,0
DA:198,0
DA:203,0
DA:206,0
DA:207,0
DA:208,0
DA:209,0
DA:210,0
DA:215,0
DA:216,0
DA:217,0
DA:220,0
DA:222,0
DA:223,0
DA:224,0
DA:225,0
DA:226,0
DA:228,0
DA:229,0
DA:231,0
DA:234,0
DA:235,0
DA:240,0
DA:241,0
DA:242,0
DA:250,0
DA:252,0
DA:260,0
DA:261,0
DA:266,0
DA:267,0
DA:268,0
DA:269,0
DA:274,0
DA:281,0
DA:282,0
DA:283,0
DA:285,0
DA:290,0
DA:294,0
DA:299,0
DA:300,0
DA:302,0
DA:303,0
DA:308,0
DA:309,0
DA:310,0
DA:311,0
DA:314,0
DA:315,0
DA:318,0
DA:376,0
DA:377,0
DA:378,0
DA:392,0
DA:413,0
DA:414,0
DA:415,0
DA:418,0
DA:419,0
LF:123
LH:0
BRDA:21,0,0,0
BRDA:21,0,1,0
BRDA:29,1,0,0
BRDA:29,1,1,0
BRDA:39,2,0,0
BRDA:39,2,1,0
BRDA:69,3,0,0
BRDA:69,3,1,0
BRDA:69,4,0,0
BRDA:69,4,1,0
BRDA:128,5,0,0
BRDA:128,5,1,0
BRDA:137,6,0,0
BRDA:137,6,1,0
BRDA:175,7,0,0
BRDA:175,7,1,0
BRDA:209,8,0,0
BRDA:209,8,1,0
BRDA:209,9,0,0
BRDA:209,9,1,0
BRDA:226,10,0,0
BRDA:226,10,1,0
BRDA:228,11,0,0
BRDA:228,11,1,0
BRDA:229,12,0,0
BRDA:229,12,1,0
BRDA:234,13,0,0
BRDA:234,13,1,0
BRDA:244,14,0,0
BRDA:244,14,1,0
BRDA:268,15,0,0
BRDA:268,15,1,0
BRDA:278,16,0,0
BRDA:278,16,1,0
BRDA:310,17,0,0
BRDA:310,17,1,0
BRDA:395,18,0,0
BRDA:395,18,1,0
BRDA:396,19,0,0
BRDA:396,19,1,0
BRDA:399,20,0,0
BRDA:399,20,1,0
BRF:42
BRH:0
end_of_record
TN:
SF:routes\users.js
FN:7,(anonymous_0)
FN:18,(anonymous_1)
FN:32,(anonymous_2)
FN:84,(anonymous_3)
FN:135,(anonymous_4)
FN:159,(anonymous_5)
FN:199,(anonymous_6)
FNF:7
FNH:0
FNDA:0,(anonymous_0)
FNDA:0,(anonymous_1)
FNDA:0,(anonymous_2)
FNDA:0,(anonymous_3)
FNDA:0,(anonymous_4)
FNDA:0,(anonymous_5)
FNDA:0,(anonymous_6)
DA:4,0
DA:7,0
DA:8,0
DA:9,0
DA:10,0
DA:12,0
DA:13,0
DA:18,0
DA:19,0
DA:20,0
DA:21,0
DA:22,0
DA:24,0
DA:26,0
DA:27,0
DA:32,0
DA:33,0
DA:34,0
DA:37,0
DA:38,0
DA:42,0
DA:43,0
DA:46,0
DA:47,0
DA:51,0
DA:52,0
DA:53,0
DA:56,0
DA:67,0
DA:70,0
DA:71,0
DA:73,0
DA:78,0
DA:79,0
DA:84,0
DA:85,0
DA:86,0
DA:89,0
DA:90,0
DA:91,0
DA:95,0
DA:96,0
DA:97,0
DA:98,0
DA:103,0
DA:104,0
DA:108,0
DA:109,0
DA:110,0
DA:111,0
DA:112,0
DA:113,0
DA:114,0
DA:115,0
DA:116,0
DA:118,0
DA:124,0
DA:129,0
DA:130,0
DA:135,0
DA:136,0
DA:137,0
DA:138,0
DA:139,0
DA:142,0
DA:144,0
DA:153,0
DA:154,0
DA:159,0
DA:160,0
DA:161,0
DA:163,0
DA:164,0
DA:167,0
DA:169,0
DA:171,0
DA:172,0
DA:174,0
DA:175,0
DA:177,0
DA:178,0
DA:180,0
DA:183,0
DA:188,0
DA:193,0
DA:194,0
DA:199,0
DA:200,0
DA:201,0
DA:203,0
DA:204,0
DA:207,0
DA:209,0
DA:214,0
DA:215,0
LF:95
LH:0
BRDA:21,0,0,0
BRDA:21,0,1,0
BRDA:37,1,0,0
BRDA:37,1,1,0
BRDA:37,2,0,0
BRDA:37,2,1,0
BRDA:37,2,2,0
BRDA:42,3,0,0
BRDA:42,3,1,0
BRDA:46,4,0,0
BRDA:46,4,1,0
BRDA:52,5,0,0
BRDA:52,5,1,0
BRDA:63,6,0,0
BRDA:63,6,1,0
BRDA:64,7,0,0
BRDA:64,7,1,0
BRDA:90,8,0,0
BRDA:90,8,1,0
BRDA:95,9,0,0
BRDA:95,9,1,0
BRDA:95,10,0,0
BRDA:95,10,1,0
BRDA:97,11,0,0
BRDA:97,11,1,0
BRDA:103,12,0,0
BRDA:103,12,1,0
BRDA:103,13,0,0
BRDA:103,13,1,0
BRDA:109,14,0,0
BRDA:109,14,1,0
BRDA:110,15,0,0
BRDA:110,15,1,0
BRDA:111,16,0,0
BRDA:111,16,1,0
BRDA:112,17,0,0
BRDA:112,17,1,0
BRDA:113,18,0,0
BRDA:113,18,1,0
BRDA:114,19,0,0
BRDA:114,19,1,0
BRDA:115,20,0,0
BRDA:115,20,1,0
BRDA:116,21,0,0
BRDA:116,21,1,0
BRDA:138,22,0,0
BRDA:138,22,1,0
BRDA:163,23,0,0
BRDA:163,23,1,0
BRDA:163,24,0,0
BRDA:163,24,1,0
BRDA:163,24,2,0
BRDA:169,25,0,0
BRDA:169,25,1,0
BRDA:169,25,2,0
BRDA:169,25,3,0
BRDA:203,26,0,0
BRDA:203,26,1,0
BRDA:203,27,0,0
BRDA:203,27,1,0
BRDA:203,27,2,0
BRF:61
BRH:0
end_of_record
TN:
SF:scripts\createAdmin.js
FN:7,(anonymous_0)
FNF:1
FNH:0
FNDA:0,(anonymous_0)
DA:5,0
DA:7,0
DA:8,0
DA:10,0
DA:15,0
DA:18,0
DA:20,0
DA:21,0
DA:22,0
DA:26,0
DA:37,0
DA:39,0
DA:40,0
DA:41,0
DA:42,0
DA:45,0
DA:47,0
DA:48,0
DA:52,0
LF:19
LH:0
BRDA:10,0,0,0
BRDA:10,0,1,0
BRDA:20,1,0,0
BRDA:20,1,1,0
BRF:4
BRH:0
end_of_record
TN:
SF:scripts\seendUsers.js
FN:22,(anonymous_0)
FNF:1
FNH:0
FNDA:0,(anonymous_0)
DA:5,0
DA:11,0
DA:20,0
DA:22,0
DA:23,0
DA:25,0
DA:28,0
DA:29,0
DA:30,0
DA:31,0
DA:34,0
DA:52,0
DA:53,0
DA:55,0
DA:56,0
DA:60,0
LF:16
LH:0
BRF:0
BRH:0
end_of_record
